CRITICAL - 2022-09-08 01:36:00 --> syntax error, unexpected ':'
in APPPATH\Controllers\MainController.php on line 26.
 1 SYSTEMPATH\Autoloader\Autoloader.php(259): CodeIgniter\Autoloader\Autoloader->includeFile('APPPATH\\Controllers\\MainController.php')
 2 SYSTEMPATH\Autoloader\Autoloader.php(237): CodeIgniter\Autoloader\Autoloader->loadInNamespace('App\\Controllers\\MainController')
 3 [internal function]: CodeIgniter\Autoloader\Autoloader->loadClass('App\\Controllers\\MainController')
 4 [internal function]: spl_autoload_call('App\\Controllers\\MainController')
 5 SYSTEMPATH\CodeIgniter.php(854): class_exists('\\App\\Controllers\\MainController', true)
 6 SYSTEMPATH\CodeIgniter.php(444): CodeIgniter\CodeIgniter->startController()
 7 SYSTEMPATH\CodeIgniter.php(340): CodeIgniter\CodeIgniter->handleRequest(null, Object(Config\Cache), false)
 8 FCPATH\index.php(67): CodeIgniter\CodeIgniter->run()
CRITICAL - 2022-09-08 01:36:00 --> Uncaught ErrorException: file_get_contents(C:\laragon\www\clinic\clinic\app\Views\errors\html\debug.js): failed to open stream: No such file or directory in C:\laragon\www\clinic\clinic\app\Views\errors\html\error_exception.php:14
Stack trace:
#0 [internal function]: CodeIgniter\Debug\Exceptions->errorHandler(2, 'file_get_conten...', 'C:\\laragon\\www\\...', 14, Array)
#1 C:\laragon\www\clinic\clinic\app\Views\errors\html\error_exception.php(14): file_get_contents('C:\\laragon\\www\\...')
#2 C:\laragon\www\clinic\clinic\system\Debug\Exceptions.php(251): include('C:\\laragon\\www\\...')
#3 C:\laragon\www\clinic\clinic\system\Debug\Exceptions.php(254): CodeIgniter\Debug\Exceptions->CodeIgniter\Debug\{closure}()
#4 C:\laragon\www\clinic\clinic\system\Debug\Exceptions.php(138): CodeIgniter\Debug\Exceptions->render(Object(ParseError), 500)
#5 [internal function]: CodeIgniter\Debug\Exceptions->exceptionHandler(Object(ParseError))
#6 {main}
  thrown
in APPPATH\Views\errors\html\error_exception.php on line 14.
 1 [internal function]: CodeIgniter\Debug\Exceptions->shutdownHandler()
CRITICAL - 2022-09-08 01:36:16 --> syntax error, unexpected ':'
in APPPATH\Controllers\MainController.php on line 26.
 1 SYSTEMPATH\Autoloader\Autoloader.php(259): CodeIgniter\Autoloader\Autoloader->includeFile('APPPATH\\Controllers\\MainController.php')
 2 SYSTEMPATH\Autoloader\Autoloader.php(237): CodeIgniter\Autoloader\Autoloader->loadInNamespace('App\\Controllers\\MainController')
 3 [internal function]: CodeIgniter\Autoloader\Autoloader->loadClass('App\\Controllers\\MainController')
 4 [internal function]: spl_autoload_call('App\\Controllers\\MainController')
 5 SYSTEMPATH\CodeIgniter.php(854): class_exists('\\App\\Controllers\\MainController', true)
 6 SYSTEMPATH\CodeIgniter.php(444): CodeIgniter\CodeIgniter->startController()
 7 SYSTEMPATH\CodeIgniter.php(340): CodeIgniter\CodeIgniter->handleRequest(null, Object(Config\Cache), false)
 8 FCPATH\index.php(67): CodeIgniter\CodeIgniter->run()
CRITICAL - 2022-09-08 01:36:16 --> Uncaught ErrorException: file_get_contents(C:\laragon\www\clinic\clinic\app\Views\errors\html\debug.js): failed to open stream: No such file or directory in C:\laragon\www\clinic\clinic\app\Views\errors\html\error_exception.php:14
Stack trace:
#0 [internal function]: CodeIgniter\Debug\Exceptions->errorHandler(2, 'file_get_conten...', 'C:\\laragon\\www\\...', 14, Array)
#1 C:\laragon\www\clinic\clinic\app\Views\errors\html\error_exception.php(14): file_get_contents('C:\\laragon\\www\\...')
#2 C:\laragon\www\clinic\clinic\system\Debug\Exceptions.php(251): include('C:\\laragon\\www\\...')
#3 C:\laragon\www\clinic\clinic\system\Debug\Exceptions.php(254): CodeIgniter\Debug\Exceptions->CodeIgniter\Debug\{closure}()
#4 C:\laragon\www\clinic\clinic\system\Debug\Exceptions.php(138): CodeIgniter\Debug\Exceptions->render(Object(ParseError), 500)
#5 [internal function]: CodeIgniter\Debug\Exceptions->exceptionHandler(Object(ParseError))
#6 {main}
  thrown
in APPPATH\Views\errors\html\error_exception.php on line 14.
 1 [internal function]: CodeIgniter\Debug\Exceptions->shutdownHandler()
CRITICAL - 2022-09-08 01:36:21 --> syntax error, unexpected ':'
in APPPATH\Controllers\MainController.php on line 26.
 1 SYSTEMPATH\Autoloader\Autoloader.php(259): CodeIgniter\Autoloader\Autoloader->includeFile('APPPATH\\Controllers\\MainController.php')
 2 SYSTEMPATH\Autoloader\Autoloader.php(237): CodeIgniter\Autoloader\Autoloader->loadInNamespace('App\\Controllers\\MainController')
 3 [internal function]: CodeIgniter\Autoloader\Autoloader->loadClass('App\\Controllers\\MainController')
 4 [internal function]: spl_autoload_call('App\\Controllers\\MainController')
 5 SYSTEMPATH\CodeIgniter.php(854): class_exists('\\App\\Controllers\\MainController', true)
 6 SYSTEMPATH\CodeIgniter.php(444): CodeIgniter\CodeIgniter->startController()
 7 SYSTEMPATH\CodeIgniter.php(340): CodeIgniter\CodeIgniter->handleRequest(null, Object(Config\Cache), false)
 8 FCPATH\index.php(67): CodeIgniter\CodeIgniter->run()
CRITICAL - 2022-09-08 01:36:21 --> Uncaught ErrorException: file_get_contents(C:\laragon\www\clinic\clinic\app\Views\errors\html\debug.js): failed to open stream: No such file or directory in C:\laragon\www\clinic\clinic\app\Views\errors\html\error_exception.php:14
Stack trace:
#0 [internal function]: CodeIgniter\Debug\Exceptions->errorHandler(2, 'file_get_conten...', 'C:\\laragon\\www\\...', 14, Array)
#1 C:\laragon\www\clinic\clinic\app\Views\errors\html\error_exception.php(14): file_get_contents('C:\\laragon\\www\\...')
#2 C:\laragon\www\clinic\clinic\system\Debug\Exceptions.php(251): include('C:\\laragon\\www\\...')
#3 C:\laragon\www\clinic\clinic\system\Debug\Exceptions.php(254): CodeIgniter\Debug\Exceptions->CodeIgniter\Debug\{closure}()
#4 C:\laragon\www\clinic\clinic\system\Debug\Exceptions.php(138): CodeIgniter\Debug\Exceptions->render(Object(ParseError), 500)
#5 [internal function]: CodeIgniter\Debug\Exceptions->exceptionHandler(Object(ParseError))
#6 {main}
  thrown
in APPPATH\Views\errors\html\error_exception.php on line 14.
 1 [internal function]: CodeIgniter\Debug\Exceptions->shutdownHandler()
CRITICAL - 2022-09-08 01:36:22 --> syntax error, unexpected ':'
in APPPATH\Controllers\MainController.php on line 26.
 1 SYSTEMPATH\Autoloader\Autoloader.php(259): CodeIgniter\Autoloader\Autoloader->includeFile('APPPATH\\Controllers\\MainController.php')
 2 SYSTEMPATH\Autoloader\Autoloader.php(237): CodeIgniter\Autoloader\Autoloader->loadInNamespace('App\\Controllers\\MainController')
 3 [internal function]: CodeIgniter\Autoloader\Autoloader->loadClass('App\\Controllers\\MainController')
 4 [internal function]: spl_autoload_call('App\\Controllers\\MainController')
 5 SYSTEMPATH\CodeIgniter.php(854): class_exists('\\App\\Controllers\\MainController', true)
 6 SYSTEMPATH\CodeIgniter.php(444): CodeIgniter\CodeIgniter->startController()
 7 SYSTEMPATH\CodeIgniter.php(340): CodeIgniter\CodeIgniter->handleRequest(null, Object(Config\Cache), false)
 8 FCPATH\index.php(67): CodeIgniter\CodeIgniter->run()
CRITICAL - 2022-09-08 01:36:22 --> Uncaught ErrorException: file_get_contents(C:\laragon\www\clinic\clinic\app\Views\errors\html\debug.js): failed to open stream: No such file or directory in C:\laragon\www\clinic\clinic\app\Views\errors\html\error_exception.php:14
Stack trace:
#0 [internal function]: CodeIgniter\Debug\Exceptions->errorHandler(2, 'file_get_conten...', 'C:\\laragon\\www\\...', 14, Array)
#1 C:\laragon\www\clinic\clinic\app\Views\errors\html\error_exception.php(14): file_get_contents('C:\\laragon\\www\\...')
#2 C:\laragon\www\clinic\clinic\system\Debug\Exceptions.php(251): include('C:\\laragon\\www\\...')
#3 C:\laragon\www\clinic\clinic\system\Debug\Exceptions.php(254): CodeIgniter\Debug\Exceptions->CodeIgniter\Debug\{closure}()
#4 C:\laragon\www\clinic\clinic\system\Debug\Exceptions.php(138): CodeIgniter\Debug\Exceptions->render(Object(ParseError), 500)
#5 [internal function]: CodeIgniter\Debug\Exceptions->exceptionHandler(Object(ParseError))
#6 {main}
  thrown
in APPPATH\Views\errors\html\error_exception.php on line 14.
 1 [internal function]: CodeIgniter\Debug\Exceptions->shutdownHandler()
CRITICAL - 2022-09-08 01:36:42 --> syntax error, unexpected ':'
in APPPATH\Controllers\MainController.php on line 26.
 1 SYSTEMPATH\Autoloader\Autoloader.php(259): CodeIgniter\Autoloader\Autoloader->includeFile('APPPATH\\Controllers\\MainController.php')
 2 SYSTEMPATH\Autoloader\Autoloader.php(237): CodeIgniter\Autoloader\Autoloader->loadInNamespace('App\\Controllers\\MainController')
 3 [internal function]: CodeIgniter\Autoloader\Autoloader->loadClass('App\\Controllers\\MainController')
 4 [internal function]: spl_autoload_call('App\\Controllers\\MainController')
 5 SYSTEMPATH\CodeIgniter.php(854): class_exists('\\App\\Controllers\\MainController', true)
 6 SYSTEMPATH\CodeIgniter.php(444): CodeIgniter\CodeIgniter->startController()
 7 SYSTEMPATH\CodeIgniter.php(340): CodeIgniter\CodeIgniter->handleRequest(null, Object(Config\Cache), false)
 8 FCPATH\index.php(67): CodeIgniter\CodeIgniter->run()
CRITICAL - 2022-09-08 01:36:42 --> Uncaught ErrorException: file_get_contents(C:\laragon\www\clinic\clinic\app\Views\errors\html\debug.js): failed to open stream: No such file or directory in C:\laragon\www\clinic\clinic\app\Views\errors\html\error_exception.php:14
Stack trace:
#0 [internal function]: CodeIgniter\Debug\Exceptions->errorHandler(2, 'file_get_conten...', 'C:\\laragon\\www\\...', 14, Array)
#1 C:\laragon\www\clinic\clinic\app\Views\errors\html\error_exception.php(14): file_get_contents('C:\\laragon\\www\\...')
#2 C:\laragon\www\clinic\clinic\system\Debug\Exceptions.php(251): include('C:\\laragon\\www\\...')
#3 C:\laragon\www\clinic\clinic\system\Debug\Exceptions.php(254): CodeIgniter\Debug\Exceptions->CodeIgniter\Debug\{closure}()
#4 C:\laragon\www\clinic\clinic\system\Debug\Exceptions.php(138): CodeIgniter\Debug\Exceptions->render(Object(ParseError), 500)
#5 [internal function]: CodeIgniter\Debug\Exceptions->exceptionHandler(Object(ParseError))
#6 {main}
  thrown
in APPPATH\Views\errors\html\error_exception.php on line 14.
 1 [internal function]: CodeIgniter\Debug\Exceptions->shutdownHandler()
CRITICAL - 2022-09-08 01:36:43 --> syntax error, unexpected ':'
in APPPATH\Controllers\MainController.php on line 26.
 1 SYSTEMPATH\Autoloader\Autoloader.php(259): CodeIgniter\Autoloader\Autoloader->includeFile('APPPATH\\Controllers\\MainController.php')
 2 SYSTEMPATH\Autoloader\Autoloader.php(237): CodeIgniter\Autoloader\Autoloader->loadInNamespace('App\\Controllers\\MainController')
 3 [internal function]: CodeIgniter\Autoloader\Autoloader->loadClass('App\\Controllers\\MainController')
 4 [internal function]: spl_autoload_call('App\\Controllers\\MainController')
 5 SYSTEMPATH\CodeIgniter.php(854): class_exists('\\App\\Controllers\\MainController', true)
 6 SYSTEMPATH\CodeIgniter.php(444): CodeIgniter\CodeIgniter->startController()
 7 SYSTEMPATH\CodeIgniter.php(340): CodeIgniter\CodeIgniter->handleRequest(null, Object(Config\Cache), false)
 8 FCPATH\index.php(67): CodeIgniter\CodeIgniter->run()
CRITICAL - 2022-09-08 01:36:43 --> Uncaught ErrorException: file_get_contents(C:\laragon\www\clinic\clinic\app\Views\errors\html\debug.js): failed to open stream: No such file or directory in C:\laragon\www\clinic\clinic\app\Views\errors\html\error_exception.php:14
Stack trace:
#0 [internal function]: CodeIgniter\Debug\Exceptions->errorHandler(2, 'file_get_conten...', 'C:\\laragon\\www\\...', 14, Array)
#1 C:\laragon\www\clinic\clinic\app\Views\errors\html\error_exception.php(14): file_get_contents('C:\\laragon\\www\\...')
#2 C:\laragon\www\clinic\clinic\system\Debug\Exceptions.php(251): include('C:\\laragon\\www\\...')
#3 C:\laragon\www\clinic\clinic\system\Debug\Exceptions.php(254): CodeIgniter\Debug\Exceptions->CodeIgniter\Debug\{closure}()
#4 C:\laragon\www\clinic\clinic\system\Debug\Exceptions.php(138): CodeIgniter\Debug\Exceptions->render(Object(ParseError), 500)
#5 [internal function]: CodeIgniter\Debug\Exceptions->exceptionHandler(Object(ParseError))
#6 {main}
  thrown
in APPPATH\Views\errors\html\error_exception.php on line 14.
 1 [internal function]: CodeIgniter\Debug\Exceptions->shutdownHandler()
CRITICAL - 2022-09-08 01:36:44 --> syntax error, unexpected ':'
in APPPATH\Controllers\MainController.php on line 26.
 1 SYSTEMPATH\Autoloader\Autoloader.php(259): CodeIgniter\Autoloader\Autoloader->includeFile('APPPATH\\Controllers\\MainController.php')
 2 SYSTEMPATH\Autoloader\Autoloader.php(237): CodeIgniter\Autoloader\Autoloader->loadInNamespace('App\\Controllers\\MainController')
 3 [internal function]: CodeIgniter\Autoloader\Autoloader->loadClass('App\\Controllers\\MainController')
 4 [internal function]: spl_autoload_call('App\\Controllers\\MainController')
 5 SYSTEMPATH\CodeIgniter.php(854): class_exists('\\App\\Controllers\\MainController', true)
 6 SYSTEMPATH\CodeIgniter.php(444): CodeIgniter\CodeIgniter->startController()
 7 SYSTEMPATH\CodeIgniter.php(340): CodeIgniter\CodeIgniter->handleRequest(null, Object(Config\Cache), false)
 8 FCPATH\index.php(67): CodeIgniter\CodeIgniter->run()
CRITICAL - 2022-09-08 01:36:44 --> Uncaught ErrorException: file_get_contents(C:\laragon\www\clinic\clinic\app\Views\errors\html\debug.js): failed to open stream: No such file or directory in C:\laragon\www\clinic\clinic\app\Views\errors\html\error_exception.php:14
Stack trace:
#0 [internal function]: CodeIgniter\Debug\Exceptions->errorHandler(2, 'file_get_conten...', 'C:\\laragon\\www\\...', 14, Array)
#1 C:\laragon\www\clinic\clinic\app\Views\errors\html\error_exception.php(14): file_get_contents('C:\\laragon\\www\\...')
#2 C:\laragon\www\clinic\clinic\system\Debug\Exceptions.php(251): include('C:\\laragon\\www\\...')
#3 C:\laragon\www\clinic\clinic\system\Debug\Exceptions.php(254): CodeIgniter\Debug\Exceptions->CodeIgniter\Debug\{closure}()
#4 C:\laragon\www\clinic\clinic\system\Debug\Exceptions.php(138): CodeIgniter\Debug\Exceptions->render(Object(ParseError), 500)
#5 [internal function]: CodeIgniter\Debug\Exceptions->exceptionHandler(Object(ParseError))
#6 {main}
  thrown
in APPPATH\Views\errors\html\error_exception.php on line 14.
 1 [internal function]: CodeIgniter\Debug\Exceptions->shutdownHandler()
CRITICAL - 2022-09-08 01:36:45 --> syntax error, unexpected ':'
in APPPATH\Controllers\MainController.php on line 26.
 1 SYSTEMPATH\Autoloader\Autoloader.php(259): CodeIgniter\Autoloader\Autoloader->includeFile('APPPATH\\Controllers\\MainController.php')
 2 SYSTEMPATH\Autoloader\Autoloader.php(237): CodeIgniter\Autoloader\Autoloader->loadInNamespace('App\\Controllers\\MainController')
 3 [internal function]: CodeIgniter\Autoloader\Autoloader->loadClass('App\\Controllers\\MainController')
 4 [internal function]: spl_autoload_call('App\\Controllers\\MainController')
 5 SYSTEMPATH\CodeIgniter.php(854): class_exists('\\App\\Controllers\\MainController', true)
 6 SYSTEMPATH\CodeIgniter.php(444): CodeIgniter\CodeIgniter->startController()
 7 SYSTEMPATH\CodeIgniter.php(340): CodeIgniter\CodeIgniter->handleRequest(null, Object(Config\Cache), false)
 8 FCPATH\index.php(67): CodeIgniter\CodeIgniter->run()
CRITICAL - 2022-09-08 01:36:45 --> Uncaught ErrorException: file_get_contents(C:\laragon\www\clinic\clinic\app\Views\errors\html\debug.js): failed to open stream: No such file or directory in C:\laragon\www\clinic\clinic\app\Views\errors\html\error_exception.php:14
Stack trace:
#0 [internal function]: CodeIgniter\Debug\Exceptions->errorHandler(2, 'file_get_conten...', 'C:\\laragon\\www\\...', 14, Array)
#1 C:\laragon\www\clinic\clinic\app\Views\errors\html\error_exception.php(14): file_get_contents('C:\\laragon\\www\\...')
#2 C:\laragon\www\clinic\clinic\system\Debug\Exceptions.php(251): include('C:\\laragon\\www\\...')
#3 C:\laragon\www\clinic\clinic\system\Debug\Exceptions.php(254): CodeIgniter\Debug\Exceptions->CodeIgniter\Debug\{closure}()
#4 C:\laragon\www\clinic\clinic\system\Debug\Exceptions.php(138): CodeIgniter\Debug\Exceptions->render(Object(ParseError), 500)
#5 [internal function]: CodeIgniter\Debug\Exceptions->exceptionHandler(Object(ParseError))
#6 {main}
  thrown
in APPPATH\Views\errors\html\error_exception.php on line 14.
 1 [internal function]: CodeIgniter\Debug\Exceptions->shutdownHandler()
CRITICAL - 2022-09-08 01:36:46 --> syntax error, unexpected ':'
in APPPATH\Controllers\MainController.php on line 26.
 1 SYSTEMPATH\Autoloader\Autoloader.php(259): CodeIgniter\Autoloader\Autoloader->includeFile('APPPATH\\Controllers\\MainController.php')
 2 SYSTEMPATH\Autoloader\Autoloader.php(237): CodeIgniter\Autoloader\Autoloader->loadInNamespace('App\\Controllers\\MainController')
 3 [internal function]: CodeIgniter\Autoloader\Autoloader->loadClass('App\\Controllers\\MainController')
 4 [internal function]: spl_autoload_call('App\\Controllers\\MainController')
 5 SYSTEMPATH\CodeIgniter.php(854): class_exists('\\App\\Controllers\\MainController', true)
 6 SYSTEMPATH\CodeIgniter.php(444): CodeIgniter\CodeIgniter->startController()
 7 SYSTEMPATH\CodeIgniter.php(340): CodeIgniter\CodeIgniter->handleRequest(null, Object(Config\Cache), false)
 8 FCPATH\index.php(67): CodeIgniter\CodeIgniter->run()
CRITICAL - 2022-09-08 01:36:46 --> Uncaught ErrorException: file_get_contents(C:\laragon\www\clinic\clinic\app\Views\errors\html\debug.js): failed to open stream: No such file or directory in C:\laragon\www\clinic\clinic\app\Views\errors\html\error_exception.php:14
Stack trace:
#0 [internal function]: CodeIgniter\Debug\Exceptions->errorHandler(2, 'file_get_conten...', 'C:\\laragon\\www\\...', 14, Array)
#1 C:\laragon\www\clinic\clinic\app\Views\errors\html\error_exception.php(14): file_get_contents('C:\\laragon\\www\\...')
#2 C:\laragon\www\clinic\clinic\system\Debug\Exceptions.php(251): include('C:\\laragon\\www\\...')
#3 C:\laragon\www\clinic\clinic\system\Debug\Exceptions.php(254): CodeIgniter\Debug\Exceptions->CodeIgniter\Debug\{closure}()
#4 C:\laragon\www\clinic\clinic\system\Debug\Exceptions.php(138): CodeIgniter\Debug\Exceptions->render(Object(ParseError), 500)
#5 [internal function]: CodeIgniter\Debug\Exceptions->exceptionHandler(Object(ParseError))
#6 {main}
  thrown
in APPPATH\Views\errors\html\error_exception.php on line 14.
 1 [internal function]: CodeIgniter\Debug\Exceptions->shutdownHandler()
CRITICAL - 2022-09-08 01:36:54 --> syntax error, unexpected ':'
in APPPATH\Controllers\MainController.php on line 26.
 1 SYSTEMPATH\Autoloader\Autoloader.php(259): CodeIgniter\Autoloader\Autoloader->includeFile('APPPATH\\Controllers\\MainController.php')
 2 SYSTEMPATH\Autoloader\Autoloader.php(237): CodeIgniter\Autoloader\Autoloader->loadInNamespace('App\\Controllers\\MainController')
 3 [internal function]: CodeIgniter\Autoloader\Autoloader->loadClass('App\\Controllers\\MainController')
 4 [internal function]: spl_autoload_call('App\\Controllers\\MainController')
 5 SYSTEMPATH\CodeIgniter.php(854): class_exists('\\App\\Controllers\\MainController', true)
 6 SYSTEMPATH\CodeIgniter.php(444): CodeIgniter\CodeIgniter->startController()
 7 SYSTEMPATH\CodeIgniter.php(340): CodeIgniter\CodeIgniter->handleRequest(null, Object(Config\Cache), false)
 8 FCPATH\index.php(67): CodeIgniter\CodeIgniter->run()
CRITICAL - 2022-09-08 01:36:54 --> Uncaught ErrorException: file_get_contents(C:\laragon\www\clinic\clinic\app\Views\errors\html\debug.js): failed to open stream: No such file or directory in C:\laragon\www\clinic\clinic\app\Views\errors\html\error_exception.php:14
Stack trace:
#0 [internal function]: CodeIgniter\Debug\Exceptions->errorHandler(2, 'file_get_conten...', 'C:\\laragon\\www\\...', 14, Array)
#1 C:\laragon\www\clinic\clinic\app\Views\errors\html\error_exception.php(14): file_get_contents('C:\\laragon\\www\\...')
#2 C:\laragon\www\clinic\clinic\system\Debug\Exceptions.php(251): include('C:\\laragon\\www\\...')
#3 C:\laragon\www\clinic\clinic\system\Debug\Exceptions.php(254): CodeIgniter\Debug\Exceptions->CodeIgniter\Debug\{closure}()
#4 C:\laragon\www\clinic\clinic\system\Debug\Exceptions.php(138): CodeIgniter\Debug\Exceptions->render(Object(ParseError), 500)
#5 [internal function]: CodeIgniter\Debug\Exceptions->exceptionHandler(Object(ParseError))
#6 {main}
  thrown
in APPPATH\Views\errors\html\error_exception.php on line 14.
 1 [internal function]: CodeIgniter\Debug\Exceptions->shutdownHandler()
CRITICAL - 2022-09-08 01:37:01 --> syntax error, unexpected ':'
in APPPATH\Controllers\MainController.php on line 26.
 1 SYSTEMPATH\Autoloader\Autoloader.php(259): CodeIgniter\Autoloader\Autoloader->includeFile('APPPATH\\Controllers\\MainController.php')
 2 SYSTEMPATH\Autoloader\Autoloader.php(237): CodeIgniter\Autoloader\Autoloader->loadInNamespace('App\\Controllers\\MainController')
 3 [internal function]: CodeIgniter\Autoloader\Autoloader->loadClass('App\\Controllers\\MainController')
 4 [internal function]: spl_autoload_call('App\\Controllers\\MainController')
 5 SYSTEMPATH\CodeIgniter.php(854): class_exists('\\App\\Controllers\\MainController', true)
 6 SYSTEMPATH\CodeIgniter.php(444): CodeIgniter\CodeIgniter->startController()
 7 SYSTEMPATH\CodeIgniter.php(340): CodeIgniter\CodeIgniter->handleRequest(null, Object(Config\Cache), false)
 8 FCPATH\index.php(67): CodeIgniter\CodeIgniter->run()
CRITICAL - 2022-09-08 01:37:01 --> Uncaught ErrorException: file_get_contents(C:\laragon\www\clinic\clinic\app\Views\errors\html\debug.js): failed to open stream: No such file or directory in C:\laragon\www\clinic\clinic\app\Views\errors\html\error_exception.php:14
Stack trace:
#0 [internal function]: CodeIgniter\Debug\Exceptions->errorHandler(2, 'file_get_conten...', 'C:\\laragon\\www\\...', 14, Array)
#1 C:\laragon\www\clinic\clinic\app\Views\errors\html\error_exception.php(14): file_get_contents('C:\\laragon\\www\\...')
#2 C:\laragon\www\clinic\clinic\system\Debug\Exceptions.php(251): include('C:\\laragon\\www\\...')
#3 C:\laragon\www\clinic\clinic\system\Debug\Exceptions.php(254): CodeIgniter\Debug\Exceptions->CodeIgniter\Debug\{closure}()
#4 C:\laragon\www\clinic\clinic\system\Debug\Exceptions.php(138): CodeIgniter\Debug\Exceptions->render(Object(ParseError), 500)
#5 [internal function]: CodeIgniter\Debug\Exceptions->exceptionHandler(Object(ParseError))
#6 {main}
  thrown
in APPPATH\Views\errors\html\error_exception.php on line 14.
 1 [internal function]: CodeIgniter\Debug\Exceptions->shutdownHandler()
CRITICAL - 2022-09-08 01:37:23 --> syntax error, unexpected ':'
in APPPATH\Controllers\MainController.php on line 22.
 1 SYSTEMPATH\Autoloader\Autoloader.php(259): CodeIgniter\Autoloader\Autoloader->includeFile('APPPATH\\Controllers\\MainController.php')
 2 SYSTEMPATH\Autoloader\Autoloader.php(237): CodeIgniter\Autoloader\Autoloader->loadInNamespace('App\\Controllers\\MainController')
 3 [internal function]: CodeIgniter\Autoloader\Autoloader->loadClass('App\\Controllers\\MainController')
 4 [internal function]: spl_autoload_call('App\\Controllers\\MainController')
 5 SYSTEMPATH\CodeIgniter.php(854): class_exists('\\App\\Controllers\\MainController', true)
 6 SYSTEMPATH\CodeIgniter.php(444): CodeIgniter\CodeIgniter->startController()
 7 SYSTEMPATH\CodeIgniter.php(340): CodeIgniter\CodeIgniter->handleRequest(null, Object(Config\Cache), false)
 8 FCPATH\index.php(67): CodeIgniter\CodeIgniter->run()
CRITICAL - 2022-09-08 01:37:23 --> Uncaught ErrorException: file_get_contents(C:\laragon\www\clinic\clinic\app\Views\errors\html\debug.js): failed to open stream: No such file or directory in C:\laragon\www\clinic\clinic\app\Views\errors\html\error_exception.php:14
Stack trace:
#0 [internal function]: CodeIgniter\Debug\Exceptions->errorHandler(2, 'file_get_conten...', 'C:\\laragon\\www\\...', 14, Array)
#1 C:\laragon\www\clinic\clinic\app\Views\errors\html\error_exception.php(14): file_get_contents('C:\\laragon\\www\\...')
#2 C:\laragon\www\clinic\clinic\system\Debug\Exceptions.php(251): include('C:\\laragon\\www\\...')
#3 C:\laragon\www\clinic\clinic\system\Debug\Exceptions.php(254): CodeIgniter\Debug\Exceptions->CodeIgniter\Debug\{closure}()
#4 C:\laragon\www\clinic\clinic\system\Debug\Exceptions.php(138): CodeIgniter\Debug\Exceptions->render(Object(ParseError), 500)
#5 [internal function]: CodeIgniter\Debug\Exceptions->exceptionHandler(Object(ParseError))
#6 {main}
  thrown
in APPPATH\Views\errors\html\error_exception.php on line 14.
 1 [internal function]: CodeIgniter\Debug\Exceptions->shutdownHandler()
CRITICAL - 2022-09-08 01:37:25 --> syntax error, unexpected ':'
in APPPATH\Controllers\MainController.php on line 22.
 1 SYSTEMPATH\Autoloader\Autoloader.php(259): CodeIgniter\Autoloader\Autoloader->includeFile('APPPATH\\Controllers\\MainController.php')
 2 SYSTEMPATH\Autoloader\Autoloader.php(237): CodeIgniter\Autoloader\Autoloader->loadInNamespace('App\\Controllers\\MainController')
 3 [internal function]: CodeIgniter\Autoloader\Autoloader->loadClass('App\\Controllers\\MainController')
 4 [internal function]: spl_autoload_call('App\\Controllers\\MainController')
 5 SYSTEMPATH\CodeIgniter.php(854): class_exists('\\App\\Controllers\\MainController', true)
 6 SYSTEMPATH\CodeIgniter.php(444): CodeIgniter\CodeIgniter->startController()
 7 SYSTEMPATH\CodeIgniter.php(340): CodeIgniter\CodeIgniter->handleRequest(null, Object(Config\Cache), false)
 8 FCPATH\index.php(67): CodeIgniter\CodeIgniter->run()
CRITICAL - 2022-09-08 01:37:25 --> Uncaught ErrorException: file_get_contents(C:\laragon\www\clinic\clinic\app\Views\errors\html\debug.js): failed to open stream: No such file or directory in C:\laragon\www\clinic\clinic\app\Views\errors\html\error_exception.php:14
Stack trace:
#0 [internal function]: CodeIgniter\Debug\Exceptions->errorHandler(2, 'file_get_conten...', 'C:\\laragon\\www\\...', 14, Array)
#1 C:\laragon\www\clinic\clinic\app\Views\errors\html\error_exception.php(14): file_get_contents('C:\\laragon\\www\\...')
#2 C:\laragon\www\clinic\clinic\system\Debug\Exceptions.php(251): include('C:\\laragon\\www\\...')
#3 C:\laragon\www\clinic\clinic\system\Debug\Exceptions.php(254): CodeIgniter\Debug\Exceptions->CodeIgniter\Debug\{closure}()
#4 C:\laragon\www\clinic\clinic\system\Debug\Exceptions.php(138): CodeIgniter\Debug\Exceptions->render(Object(ParseError), 500)
#5 [internal function]: CodeIgniter\Debug\Exceptions->exceptionHandler(Object(ParseError))
#6 {main}
  thrown
in APPPATH\Views\errors\html\error_exception.php on line 14.
 1 [internal function]: CodeIgniter\Debug\Exceptions->shutdownHandler()
CRITICAL - 2022-09-08 01:37:36 --> syntax error, unexpected ':'
in APPPATH\Controllers\MainController.php on line 26.
 1 SYSTEMPATH\Autoloader\Autoloader.php(259): CodeIgniter\Autoloader\Autoloader->includeFile('APPPATH\\Controllers\\MainController.php')
 2 SYSTEMPATH\Autoloader\Autoloader.php(237): CodeIgniter\Autoloader\Autoloader->loadInNamespace('App\\Controllers\\MainController')
 3 [internal function]: CodeIgniter\Autoloader\Autoloader->loadClass('App\\Controllers\\MainController')
 4 [internal function]: spl_autoload_call('App\\Controllers\\MainController')
 5 SYSTEMPATH\CodeIgniter.php(854): class_exists('\\App\\Controllers\\MainController', true)
 6 SYSTEMPATH\CodeIgniter.php(444): CodeIgniter\CodeIgniter->startController()
 7 SYSTEMPATH\CodeIgniter.php(340): CodeIgniter\CodeIgniter->handleRequest(null, Object(Config\Cache), false)
 8 FCPATH\index.php(67): CodeIgniter\CodeIgniter->run()
CRITICAL - 2022-09-08 01:37:36 --> Uncaught ErrorException: file_get_contents(C:\laragon\www\clinic\clinic\app\Views\errors\html\debug.js): failed to open stream: No such file or directory in C:\laragon\www\clinic\clinic\app\Views\errors\html\error_exception.php:14
Stack trace:
#0 [internal function]: CodeIgniter\Debug\Exceptions->errorHandler(2, 'file_get_conten...', 'C:\\laragon\\www\\...', 14, Array)
#1 C:\laragon\www\clinic\clinic\app\Views\errors\html\error_exception.php(14): file_get_contents('C:\\laragon\\www\\...')
#2 C:\laragon\www\clinic\clinic\system\Debug\Exceptions.php(251): include('C:\\laragon\\www\\...')
#3 C:\laragon\www\clinic\clinic\system\Debug\Exceptions.php(254): CodeIgniter\Debug\Exceptions->CodeIgniter\Debug\{closure}()
#4 C:\laragon\www\clinic\clinic\system\Debug\Exceptions.php(138): CodeIgniter\Debug\Exceptions->render(Object(ParseError), 500)
#5 [internal function]: CodeIgniter\Debug\Exceptions->exceptionHandler(Object(ParseError))
#6 {main}
  thrown
in APPPATH\Views\errors\html\error_exception.php on line 14.
 1 [internal function]: CodeIgniter\Debug\Exceptions->shutdownHandler()
CRITICAL - 2022-09-08 01:37:46 --> syntax error, unexpected ':'
in APPPATH\Controllers\MainController.php on line 26.
 1 SYSTEMPATH\Autoloader\Autoloader.php(259): CodeIgniter\Autoloader\Autoloader->includeFile('APPPATH\\Controllers\\MainController.php')
 2 SYSTEMPATH\Autoloader\Autoloader.php(237): CodeIgniter\Autoloader\Autoloader->loadInNamespace('App\\Controllers\\MainController')
 3 [internal function]: CodeIgniter\Autoloader\Autoloader->loadClass('App\\Controllers\\MainController')
 4 [internal function]: spl_autoload_call('App\\Controllers\\MainController')
 5 SYSTEMPATH\CodeIgniter.php(854): class_exists('\\App\\Controllers\\MainController', true)
 6 SYSTEMPATH\CodeIgniter.php(444): CodeIgniter\CodeIgniter->startController()
 7 SYSTEMPATH\CodeIgniter.php(340): CodeIgniter\CodeIgniter->handleRequest(null, Object(Config\Cache), false)
 8 FCPATH\index.php(67): CodeIgniter\CodeIgniter->run()
CRITICAL - 2022-09-08 01:37:46 --> Uncaught ErrorException: file_get_contents(C:\laragon\www\clinic\clinic\app\Views\errors\html\debug.js): failed to open stream: No such file or directory in C:\laragon\www\clinic\clinic\app\Views\errors\html\error_exception.php:14
Stack trace:
#0 [internal function]: CodeIgniter\Debug\Exceptions->errorHandler(2, 'file_get_conten...', 'C:\\laragon\\www\\...', 14, Array)
#1 C:\laragon\www\clinic\clinic\app\Views\errors\html\error_exception.php(14): file_get_contents('C:\\laragon\\www\\...')
#2 C:\laragon\www\clinic\clinic\system\Debug\Exceptions.php(251): include('C:\\laragon\\www\\...')
#3 C:\laragon\www\clinic\clinic\system\Debug\Exceptions.php(254): CodeIgniter\Debug\Exceptions->CodeIgniter\Debug\{closure}()
#4 C:\laragon\www\clinic\clinic\system\Debug\Exceptions.php(138): CodeIgniter\Debug\Exceptions->render(Object(ParseError), 500)
#5 [internal function]: CodeIgniter\Debug\Exceptions->exceptionHandler(Object(ParseError))
#6 {main}
  thrown
in APPPATH\Views\errors\html\error_exception.php on line 14.
 1 [internal function]: CodeIgniter\Debug\Exceptions->shutdownHandler()
CRITICAL - 2022-09-08 01:43:09 --> syntax error, unexpected ':'
in APPPATH\Controllers\MainController.php on line 26.
 1 SYSTEMPATH\Autoloader\Autoloader.php(259): CodeIgniter\Autoloader\Autoloader->includeFile('APPPATH\\Controllers\\MainController.php')
 2 SYSTEMPATH\Autoloader\Autoloader.php(237): CodeIgniter\Autoloader\Autoloader->loadInNamespace('App\\Controllers\\MainController')
 3 [internal function]: CodeIgniter\Autoloader\Autoloader->loadClass('App\\Controllers\\MainController')
 4 [internal function]: spl_autoload_call('App\\Controllers\\MainController')
 5 SYSTEMPATH\CodeIgniter.php(854): class_exists('\\App\\Controllers\\MainController', true)
 6 SYSTEMPATH\CodeIgniter.php(444): CodeIgniter\CodeIgniter->startController()
 7 SYSTEMPATH\CodeIgniter.php(340): CodeIgniter\CodeIgniter->handleRequest(null, Object(Config\Cache), false)
 8 FCPATH\index.php(67): CodeIgniter\CodeIgniter->run()
CRITICAL - 2022-09-08 01:43:10 --> Uncaught ErrorException: file_get_contents(C:\laragon\www\clinic\clinic\app\Views\errors\html\debug.js): failed to open stream: No such file or directory in C:\laragon\www\clinic\clinic\app\Views\errors\html\error_exception.php:14
Stack trace:
#0 [internal function]: CodeIgniter\Debug\Exceptions->errorHandler(2, 'file_get_conten...', 'C:\\laragon\\www\\...', 14, Array)
#1 C:\laragon\www\clinic\clinic\app\Views\errors\html\error_exception.php(14): file_get_contents('C:\\laragon\\www\\...')
#2 C:\laragon\www\clinic\clinic\system\Debug\Exceptions.php(251): include('C:\\laragon\\www\\...')
#3 C:\laragon\www\clinic\clinic\system\Debug\Exceptions.php(254): CodeIgniter\Debug\Exceptions->CodeIgniter\Debug\{closure}()
#4 C:\laragon\www\clinic\clinic\system\Debug\Exceptions.php(138): CodeIgniter\Debug\Exceptions->render(Object(ParseError), 500)
#5 [internal function]: CodeIgniter\Debug\Exceptions->exceptionHandler(Object(ParseError))
#6 {main}
  thrown
in APPPATH\Views\errors\html\error_exception.php on line 14.
 1 [internal function]: CodeIgniter\Debug\Exceptions->shutdownHandler()
CRITICAL - 2022-09-08 01:46:45 --> syntax error, unexpected ':'
in APPPATH\Controllers\MainController.php on line 26.
 1 SYSTEMPATH\Autoloader\Autoloader.php(259): CodeIgniter\Autoloader\Autoloader->includeFile('APPPATH\\Controllers\\MainController.php')
 2 SYSTEMPATH\Autoloader\Autoloader.php(237): CodeIgniter\Autoloader\Autoloader->loadInNamespace('App\\Controllers\\MainController')
 3 [internal function]: CodeIgniter\Autoloader\Autoloader->loadClass('App\\Controllers\\MainController')
 4 [internal function]: spl_autoload_call('App\\Controllers\\MainController')
 5 SYSTEMPATH\CodeIgniter.php(854): class_exists('\\App\\Controllers\\MainController', true)
 6 SYSTEMPATH\CodeIgniter.php(444): CodeIgniter\CodeIgniter->startController()
 7 SYSTEMPATH\CodeIgniter.php(340): CodeIgniter\CodeIgniter->handleRequest(null, Object(Config\Cache), false)
 8 FCPATH\index.php(67): CodeIgniter\CodeIgniter->run()
CRITICAL - 2022-09-08 01:46:45 --> Uncaught ErrorException: file_get_contents(C:\laragon\www\clinic\clinic\app\Views\errors\html\debug.js): failed to open stream: No such file or directory in C:\laragon\www\clinic\clinic\app\Views\errors\html\error_exception.php:14
Stack trace:
#0 [internal function]: CodeIgniter\Debug\Exceptions->errorHandler(2, 'file_get_conten...', 'C:\\laragon\\www\\...', 14, Array)
#1 C:\laragon\www\clinic\clinic\app\Views\errors\html\error_exception.php(14): file_get_contents('C:\\laragon\\www\\...')
#2 C:\laragon\www\clinic\clinic\system\Debug\Exceptions.php(251): include('C:\\laragon\\www\\...')
#3 C:\laragon\www\clinic\clinic\system\Debug\Exceptions.php(254): CodeIgniter\Debug\Exceptions->CodeIgniter\Debug\{closure}()
#4 C:\laragon\www\clinic\clinic\system\Debug\Exceptions.php(138): CodeIgniter\Debug\Exceptions->render(Object(ParseError), 500)
#5 [internal function]: CodeIgniter\Debug\Exceptions->exceptionHandler(Object(ParseError))
#6 {main}
  thrown
in APPPATH\Views\errors\html\error_exception.php on line 14.
 1 [internal function]: CodeIgniter\Debug\Exceptions->shutdownHandler()
CRITICAL - 2022-09-08 01:47:36 --> include(C:\laragon\www\clinic\clinic\system\Debug/Toolbar/Views/toolbarloader.js): failed to open stream: No such file or directory
in SYSTEMPATH\Debug\Toolbar.php on line 456.
 1 SYSTEMPATH\Debug\Toolbar.php(456): CodeIgniter\Debug\Exceptions->errorHandler(2, 'include(C:\\laragon\\www\\clinic\\clinic\\system\\Debug/Toolbar/Views/toolbarloader.js): failed to open stream: No such file or directory', 'SYSTEMPATH\\Debug\\Toolbar.php', 456, [...])
 2 SYSTEMPATH\Debug\Toolbar.php(456): include()
 3 APPPATH\Config\Events.php(46): CodeIgniter\Debug\Toolbar->respond()
 4 SYSTEMPATH\Events\Events.php(149): CodeIgniter\Events\Events::Config\{closure}()
 5 SYSTEMPATH\CodeIgniter.php(317): CodeIgniter\Events\Events::trigger('pre_system')
 6 FCPATH\index.php(67): CodeIgniter\CodeIgniter->run()
CRITICAL - 2022-09-08 01:47:41 --> syntax error, unexpected ':'
in APPPATH\Controllers\MainController.php on line 26.
 1 SYSTEMPATH\Autoloader\Autoloader.php(259): CodeIgniter\Autoloader\Autoloader->includeFile('APPPATH\\Controllers\\MainController.php')
 2 SYSTEMPATH\Autoloader\Autoloader.php(237): CodeIgniter\Autoloader\Autoloader->loadInNamespace('App\\Controllers\\MainController')
 3 [internal function]: CodeIgniter\Autoloader\Autoloader->loadClass('App\\Controllers\\MainController')
 4 [internal function]: spl_autoload_call('App\\Controllers\\MainController')
 5 SYSTEMPATH\CodeIgniter.php(854): class_exists('\\App\\Controllers\\MainController', true)
 6 SYSTEMPATH\CodeIgniter.php(444): CodeIgniter\CodeIgniter->startController()
 7 SYSTEMPATH\CodeIgniter.php(340): CodeIgniter\CodeIgniter->handleRequest(null, Object(Config\Cache), false)
 8 FCPATH\index.php(67): CodeIgniter\CodeIgniter->run()
CRITICAL - 2022-09-08 01:47:41 --> Uncaught ErrorException: file_get_contents(C:\laragon\www\clinic\clinic\app\Views\errors\html\debug.js): failed to open stream: No such file or directory in C:\laragon\www\clinic\clinic\app\Views\errors\html\error_exception.php:14
Stack trace:
#0 [internal function]: CodeIgniter\Debug\Exceptions->errorHandler(2, 'file_get_conten...', 'C:\\laragon\\www\\...', 14, Array)
#1 C:\laragon\www\clinic\clinic\app\Views\errors\html\error_exception.php(14): file_get_contents('C:\\laragon\\www\\...')
#2 C:\laragon\www\clinic\clinic\system\Debug\Exceptions.php(251): include('C:\\laragon\\www\\...')
#3 C:\laragon\www\clinic\clinic\system\Debug\Exceptions.php(254): CodeIgniter\Debug\Exceptions->CodeIgniter\Debug\{closure}()
#4 C:\laragon\www\clinic\clinic\system\Debug\Exceptions.php(138): CodeIgniter\Debug\Exceptions->render(Object(ParseError), 500)
#5 [internal function]: CodeIgniter\Debug\Exceptions->exceptionHandler(Object(ParseError))
#6 {main}
  thrown
in APPPATH\Views\errors\html\error_exception.php on line 14.
 1 [internal function]: CodeIgniter\Debug\Exceptions->shutdownHandler()
CRITICAL - 2022-09-08 01:47:58 --> include(C:\laragon\www\clinic\clinic\system\Debug/Toolbar/Views/toolbarloader.js): failed to open stream: No such file or directory
in SYSTEMPATH\Debug\Toolbar.php on line 456.
 1 SYSTEMPATH\Debug\Toolbar.php(456): CodeIgniter\Debug\Exceptions->errorHandler(2, 'include(C:\\laragon\\www\\clinic\\clinic\\system\\Debug/Toolbar/Views/toolbarloader.js): failed to open stream: No such file or directory', 'SYSTEMPATH\\Debug\\Toolbar.php', 456, [...])
 2 SYSTEMPATH\Debug\Toolbar.php(456): include()
 3 APPPATH\Config\Events.php(46): CodeIgniter\Debug\Toolbar->respond()
 4 SYSTEMPATH\Events\Events.php(149): CodeIgniter\Events\Events::Config\{closure}()
 5 SYSTEMPATH\CodeIgniter.php(317): CodeIgniter\Events\Events::trigger('pre_system')
 6 FCPATH\index.php(67): CodeIgniter\CodeIgniter->run()
CRITICAL - 2022-09-08 01:49:40 --> include(C:\laragon\www\clinic\clinic\system\Debug/Toolbar/Views/toolbarloader.js): failed to open stream: No such file or directory
in SYSTEMPATH\Debug\Toolbar.php on line 456.
 1 SYSTEMPATH\Debug\Toolbar.php(456): CodeIgniter\Debug\Exceptions->errorHandler(2, 'include(C:\\laragon\\www\\clinic\\clinic\\system\\Debug/Toolbar/Views/toolbarloader.js): failed to open stream: No such file or directory', 'SYSTEMPATH\\Debug\\Toolbar.php', 456, [...])
 2 SYSTEMPATH\Debug\Toolbar.php(456): include()
 3 APPPATH\Config\Events.php(46): CodeIgniter\Debug\Toolbar->respond()
 4 SYSTEMPATH\Events\Events.php(149): CodeIgniter\Events\Events::Config\{closure}()
 5 SYSTEMPATH\CodeIgniter.php(317): CodeIgniter\Events\Events::trigger('pre_system')
 6 FCPATH\index.php(67): CodeIgniter\CodeIgniter->run()
CRITICAL - 2022-09-08 01:49:41 --> include(C:\laragon\www\clinic\clinic\system\Debug/Toolbar/Views/toolbarloader.js): failed to open stream: No such file or directory
in SYSTEMPATH\Debug\Toolbar.php on line 456.
 1 SYSTEMPATH\Debug\Toolbar.php(456): CodeIgniter\Debug\Exceptions->errorHandler(2, 'include(C:\\laragon\\www\\clinic\\clinic\\system\\Debug/Toolbar/Views/toolbarloader.js): failed to open stream: No such file or directory', 'SYSTEMPATH\\Debug\\Toolbar.php', 456, [...])
 2 SYSTEMPATH\Debug\Toolbar.php(456): include()
 3 APPPATH\Config\Events.php(46): CodeIgniter\Debug\Toolbar->respond()
 4 SYSTEMPATH\Events\Events.php(149): CodeIgniter\Events\Events::Config\{closure}()
 5 SYSTEMPATH\CodeIgniter.php(317): CodeIgniter\Events\Events::trigger('pre_system')
 6 FCPATH\index.php(67): CodeIgniter\CodeIgniter->run()
CRITICAL - 2022-09-08 01:49:42 --> include(C:\laragon\www\clinic\clinic\system\Debug/Toolbar/Views/toolbarloader.js): failed to open stream: No such file or directory
in SYSTEMPATH\Debug\Toolbar.php on line 456.
 1 SYSTEMPATH\Debug\Toolbar.php(456): CodeIgniter\Debug\Exceptions->errorHandler(2, 'include(C:\\laragon\\www\\clinic\\clinic\\system\\Debug/Toolbar/Views/toolbarloader.js): failed to open stream: No such file or directory', 'SYSTEMPATH\\Debug\\Toolbar.php', 456, [...])
 2 SYSTEMPATH\Debug\Toolbar.php(456): include()
 3 APPPATH\Config\Events.php(46): CodeIgniter\Debug\Toolbar->respond()
 4 SYSTEMPATH\Events\Events.php(149): CodeIgniter\Events\Events::Config\{closure}()
 5 SYSTEMPATH\CodeIgniter.php(317): CodeIgniter\Events\Events::trigger('pre_system')
 6 FCPATH\index.php(67): CodeIgniter\CodeIgniter->run()
CRITICAL - 2022-09-08 01:49:43 --> include(C:\laragon\www\clinic\clinic\system\Debug/Toolbar/Views/toolbarloader.js): failed to open stream: No such file or directory
in SYSTEMPATH\Debug\Toolbar.php on line 456.
 1 SYSTEMPATH\Debug\Toolbar.php(456): CodeIgniter\Debug\Exceptions->errorHandler(2, 'include(C:\\laragon\\www\\clinic\\clinic\\system\\Debug/Toolbar/Views/toolbarloader.js): failed to open stream: No such file or directory', 'SYSTEMPATH\\Debug\\Toolbar.php', 456, [...])
 2 SYSTEMPATH\Debug\Toolbar.php(456): include()
 3 APPPATH\Config\Events.php(46): CodeIgniter\Debug\Toolbar->respond()
 4 SYSTEMPATH\Events\Events.php(149): CodeIgniter\Events\Events::Config\{closure}()
 5 SYSTEMPATH\CodeIgniter.php(317): CodeIgniter\Events\Events::trigger('pre_system')
 6 FCPATH\index.php(67): CodeIgniter\CodeIgniter->run()
CRITICAL - 2022-09-08 01:49:49 --> include(C:\laragon\www\clinic\clinic\system\Debug/Toolbar/Views/toolbarloader.js): failed to open stream: No such file or directory
in SYSTEMPATH\Debug\Toolbar.php on line 456.
 1 SYSTEMPATH\Debug\Toolbar.php(456): CodeIgniter\Debug\Exceptions->errorHandler(2, 'include(C:\\laragon\\www\\clinic\\clinic\\system\\Debug/Toolbar/Views/toolbarloader.js): failed to open stream: No such file or directory', 'SYSTEMPATH\\Debug\\Toolbar.php', 456, [...])
 2 SYSTEMPATH\Debug\Toolbar.php(456): include()
 3 APPPATH\Config\Events.php(46): CodeIgniter\Debug\Toolbar->respond()
 4 SYSTEMPATH\Events\Events.php(149): CodeIgniter\Events\Events::Config\{closure}()
 5 SYSTEMPATH\CodeIgniter.php(317): CodeIgniter\Events\Events::trigger('pre_system')
 6 FCPATH\index.php(67): CodeIgniter\CodeIgniter->run()
CRITICAL - 2022-09-08 01:50:04 --> syntax error, unexpected ':'
in APPPATH\Controllers\MainController.php on line 26.
 1 SYSTEMPATH\Autoloader\Autoloader.php(259): CodeIgniter\Autoloader\Autoloader->includeFile('APPPATH\\Controllers\\MainController.php')
 2 SYSTEMPATH\Autoloader\Autoloader.php(237): CodeIgniter\Autoloader\Autoloader->loadInNamespace('App\\Controllers\\MainController')
 3 [internal function]: CodeIgniter\Autoloader\Autoloader->loadClass('App\\Controllers\\MainController')
 4 [internal function]: spl_autoload_call('App\\Controllers\\MainController')
 5 SYSTEMPATH\CodeIgniter.php(854): class_exists('\\App\\Controllers\\MainController', true)
 6 SYSTEMPATH\CodeIgniter.php(444): CodeIgniter\CodeIgniter->startController()
 7 SYSTEMPATH\CodeIgniter.php(340): CodeIgniter\CodeIgniter->handleRequest(null, Object(Config\Cache), false)
 8 FCPATH\index.php(67): CodeIgniter\CodeIgniter->run()
CRITICAL - 2022-09-08 01:50:04 --> Uncaught ErrorException: file_get_contents(C:\laragon\www\clinic\clinic\app\Views\errors\html\debug.js): failed to open stream: No such file or directory in C:\laragon\www\clinic\clinic\app\Views\errors\html\error_exception.php:14
Stack trace:
#0 [internal function]: CodeIgniter\Debug\Exceptions->errorHandler(2, 'file_get_conten...', 'C:\\laragon\\www\\...', 14, Array)
#1 C:\laragon\www\clinic\clinic\app\Views\errors\html\error_exception.php(14): file_get_contents('C:\\laragon\\www\\...')
#2 C:\laragon\www\clinic\clinic\system\Debug\Exceptions.php(251): include('C:\\laragon\\www\\...')
#3 C:\laragon\www\clinic\clinic\system\Debug\Exceptions.php(254): CodeIgniter\Debug\Exceptions->CodeIgniter\Debug\{closure}()
#4 C:\laragon\www\clinic\clinic\system\Debug\Exceptions.php(138): CodeIgniter\Debug\Exceptions->render(Object(ParseError), 500)
#5 [internal function]: CodeIgniter\Debug\Exceptions->exceptionHandler(Object(ParseError))
#6 {main}
  thrown
in APPPATH\Views\errors\html\error_exception.php on line 14.
 1 [internal function]: CodeIgniter\Debug\Exceptions->shutdownHandler()
CRITICAL - 2022-09-08 01:50:20 --> syntax error, unexpected ':'
in APPPATH\Controllers\MainController.php on line 27.
 1 SYSTEMPATH\Autoloader\Autoloader.php(259): CodeIgniter\Autoloader\Autoloader->includeFile('APPPATH\\Controllers\\MainController.php')
 2 SYSTEMPATH\Autoloader\Autoloader.php(237): CodeIgniter\Autoloader\Autoloader->loadInNamespace('App\\Controllers\\MainController')
 3 [internal function]: CodeIgniter\Autoloader\Autoloader->loadClass('App\\Controllers\\MainController')
 4 [internal function]: spl_autoload_call('App\\Controllers\\MainController')
 5 SYSTEMPATH\CodeIgniter.php(854): class_exists('\\App\\Controllers\\MainController', true)
 6 SYSTEMPATH\CodeIgniter.php(444): CodeIgniter\CodeIgniter->startController()
 7 SYSTEMPATH\CodeIgniter.php(340): CodeIgniter\CodeIgniter->handleRequest(null, Object(Config\Cache), false)
 8 FCPATH\index.php(67): CodeIgniter\CodeIgniter->run()
CRITICAL - 2022-09-08 01:50:20 --> Uncaught ErrorException: file_get_contents(C:\laragon\www\clinic\clinic\app\Views\errors\html\debug.js): failed to open stream: No such file or directory in C:\laragon\www\clinic\clinic\app\Views\errors\html\error_exception.php:14
Stack trace:
#0 [internal function]: CodeIgniter\Debug\Exceptions->errorHandler(2, 'file_get_conten...', 'C:\\laragon\\www\\...', 14, Array)
#1 C:\laragon\www\clinic\clinic\app\Views\errors\html\error_exception.php(14): file_get_contents('C:\\laragon\\www\\...')
#2 C:\laragon\www\clinic\clinic\system\Debug\Exceptions.php(251): include('C:\\laragon\\www\\...')
#3 C:\laragon\www\clinic\clinic\system\Debug\Exceptions.php(254): CodeIgniter\Debug\Exceptions->CodeIgniter\Debug\{closure}()
#4 C:\laragon\www\clinic\clinic\system\Debug\Exceptions.php(138): CodeIgniter\Debug\Exceptions->render(Object(ParseError), 500)
#5 [internal function]: CodeIgniter\Debug\Exceptions->exceptionHandler(Object(ParseError))
#6 {main}
  thrown
in APPPATH\Views\errors\html\error_exception.php on line 14.
 1 [internal function]: CodeIgniter\Debug\Exceptions->shutdownHandler()
CRITICAL - 2022-09-08 01:50:30 --> syntax error, unexpected ':'
in APPPATH\Controllers\MainController.php on line 27.
 1 SYSTEMPATH\Autoloader\Autoloader.php(259): CodeIgniter\Autoloader\Autoloader->includeFile('APPPATH\\Controllers\\MainController.php')
 2 SYSTEMPATH\Autoloader\Autoloader.php(237): CodeIgniter\Autoloader\Autoloader->loadInNamespace('App\\Controllers\\MainController')
 3 [internal function]: CodeIgniter\Autoloader\Autoloader->loadClass('App\\Controllers\\MainController')
 4 [internal function]: spl_autoload_call('App\\Controllers\\MainController')
 5 SYSTEMPATH\CodeIgniter.php(854): class_exists('\\App\\Controllers\\MainController', true)
 6 SYSTEMPATH\CodeIgniter.php(444): CodeIgniter\CodeIgniter->startController()
 7 SYSTEMPATH\CodeIgniter.php(340): CodeIgniter\CodeIgniter->handleRequest(null, Object(Config\Cache), false)
 8 FCPATH\index.php(67): CodeIgniter\CodeIgniter->run()
CRITICAL - 2022-09-08 01:50:30 --> Uncaught ErrorException: file_get_contents(C:\laragon\www\clinic\clinic\app\Views\errors\html\debug.js): failed to open stream: No such file or directory in C:\laragon\www\clinic\clinic\app\Views\errors\html\error_exception.php:14
Stack trace:
#0 [internal function]: CodeIgniter\Debug\Exceptions->errorHandler(2, 'file_get_conten...', 'C:\\laragon\\www\\...', 14, Array)
#1 C:\laragon\www\clinic\clinic\app\Views\errors\html\error_exception.php(14): file_get_contents('C:\\laragon\\www\\...')
#2 C:\laragon\www\clinic\clinic\system\Debug\Exceptions.php(251): include('C:\\laragon\\www\\...')
#3 C:\laragon\www\clinic\clinic\system\Debug\Exceptions.php(254): CodeIgniter\Debug\Exceptions->CodeIgniter\Debug\{closure}()
#4 C:\laragon\www\clinic\clinic\system\Debug\Exceptions.php(138): CodeIgniter\Debug\Exceptions->render(Object(ParseError), 500)
#5 [internal function]: CodeIgniter\Debug\Exceptions->exceptionHandler(Object(ParseError))
#6 {main}
  thrown
in APPPATH\Views\errors\html\error_exception.php on line 14.
 1 [internal function]: CodeIgniter\Debug\Exceptions->shutdownHandler()
CRITICAL - 2022-09-08 01:50:36 --> syntax error, unexpected ':'
in APPPATH\Controllers\MainController.php on line 27.
 1 SYSTEMPATH\Autoloader\Autoloader.php(259): CodeIgniter\Autoloader\Autoloader->includeFile('APPPATH\\Controllers\\MainController.php')
 2 SYSTEMPATH\Autoloader\Autoloader.php(237): CodeIgniter\Autoloader\Autoloader->loadInNamespace('App\\Controllers\\MainController')
 3 [internal function]: CodeIgniter\Autoloader\Autoloader->loadClass('App\\Controllers\\MainController')
 4 [internal function]: spl_autoload_call('App\\Controllers\\MainController')
 5 SYSTEMPATH\CodeIgniter.php(854): class_exists('\\App\\Controllers\\MainController', true)
 6 SYSTEMPATH\CodeIgniter.php(444): CodeIgniter\CodeIgniter->startController()
 7 SYSTEMPATH\CodeIgniter.php(340): CodeIgniter\CodeIgniter->handleRequest(null, Object(Config\Cache), false)
 8 FCPATH\index.php(67): CodeIgniter\CodeIgniter->run()
CRITICAL - 2022-09-08 01:50:36 --> Uncaught ErrorException: file_get_contents(C:\laragon\www\clinic\clinic\app\Views\errors\html\debug.js): failed to open stream: No such file or directory in C:\laragon\www\clinic\clinic\app\Views\errors\html\error_exception.php:14
Stack trace:
#0 [internal function]: CodeIgniter\Debug\Exceptions->errorHandler(2, 'file_get_conten...', 'C:\\laragon\\www\\...', 14, Array)
#1 C:\laragon\www\clinic\clinic\app\Views\errors\html\error_exception.php(14): file_get_contents('C:\\laragon\\www\\...')
#2 C:\laragon\www\clinic\clinic\system\Debug\Exceptions.php(251): include('C:\\laragon\\www\\...')
#3 C:\laragon\www\clinic\clinic\system\Debug\Exceptions.php(254): CodeIgniter\Debug\Exceptions->CodeIgniter\Debug\{closure}()
#4 C:\laragon\www\clinic\clinic\system\Debug\Exceptions.php(138): CodeIgniter\Debug\Exceptions->render(Object(ParseError), 500)
#5 [internal function]: CodeIgniter\Debug\Exceptions->exceptionHandler(Object(ParseError))
#6 {main}
  thrown
in APPPATH\Views\errors\html\error_exception.php on line 14.
 1 [internal function]: CodeIgniter\Debug\Exceptions->shutdownHandler()
CRITICAL - 2022-09-08 01:50:48 --> syntax error, unexpected ':'
in APPPATH\Controllers\MainController.php on line 27.
 1 SYSTEMPATH\Autoloader\Autoloader.php(259): CodeIgniter\Autoloader\Autoloader->includeFile('APPPATH\\Controllers\\MainController.php')
 2 SYSTEMPATH\Autoloader\Autoloader.php(237): CodeIgniter\Autoloader\Autoloader->loadInNamespace('App\\Controllers\\MainController')
 3 [internal function]: CodeIgniter\Autoloader\Autoloader->loadClass('App\\Controllers\\MainController')
 4 [internal function]: spl_autoload_call('App\\Controllers\\MainController')
 5 SYSTEMPATH\CodeIgniter.php(854): class_exists('\\App\\Controllers\\MainController', true)
 6 SYSTEMPATH\CodeIgniter.php(444): CodeIgniter\CodeIgniter->startController()
 7 SYSTEMPATH\CodeIgniter.php(340): CodeIgniter\CodeIgniter->handleRequest(null, Object(Config\Cache), false)
 8 FCPATH\index.php(67): CodeIgniter\CodeIgniter->run()
CRITICAL - 2022-09-08 01:50:48 --> Uncaught ErrorException: file_get_contents(C:\laragon\www\clinic\clinic\app\Views\errors\html\debug.js): failed to open stream: No such file or directory in C:\laragon\www\clinic\clinic\app\Views\errors\html\error_exception.php:14
Stack trace:
#0 [internal function]: CodeIgniter\Debug\Exceptions->errorHandler(2, 'file_get_conten...', 'C:\\laragon\\www\\...', 14, Array)
#1 C:\laragon\www\clinic\clinic\app\Views\errors\html\error_exception.php(14): file_get_contents('C:\\laragon\\www\\...')
#2 C:\laragon\www\clinic\clinic\system\Debug\Exceptions.php(251): include('C:\\laragon\\www\\...')
#3 C:\laragon\www\clinic\clinic\system\Debug\Exceptions.php(254): CodeIgniter\Debug\Exceptions->CodeIgniter\Debug\{closure}()
#4 C:\laragon\www\clinic\clinic\system\Debug\Exceptions.php(138): CodeIgniter\Debug\Exceptions->render(Object(ParseError), 500)
#5 [internal function]: CodeIgniter\Debug\Exceptions->exceptionHandler(Object(ParseError))
#6 {main}
  thrown
in APPPATH\Views\errors\html\error_exception.php on line 14.
 1 [internal function]: CodeIgniter\Debug\Exceptions->shutdownHandler()
CRITICAL - 2022-09-08 01:55:59 --> syntax error, unexpected ':'
in APPPATH\Controllers\MainController.php on line 27.
 1 SYSTEMPATH\Autoloader\Autoloader.php(259): CodeIgniter\Autoloader\Autoloader->includeFile('APPPATH\\Controllers\\MainController.php')
 2 SYSTEMPATH\Autoloader\Autoloader.php(237): CodeIgniter\Autoloader\Autoloader->loadInNamespace('App\\Controllers\\MainController')
 3 [internal function]: CodeIgniter\Autoloader\Autoloader->loadClass('App\\Controllers\\MainController')
 4 [internal function]: spl_autoload_call('App\\Controllers\\MainController')
 5 SYSTEMPATH\CodeIgniter.php(854): class_exists('\\App\\Controllers\\MainController', true)
 6 SYSTEMPATH\CodeIgniter.php(444): CodeIgniter\CodeIgniter->startController()
 7 SYSTEMPATH\CodeIgniter.php(340): CodeIgniter\CodeIgniter->handleRequest(null, Object(Config\Cache), false)
 8 FCPATH\index.php(67): CodeIgniter\CodeIgniter->run()
CRITICAL - 2022-09-08 01:55:59 --> Uncaught ErrorException: file_get_contents(C:\laragon\www\clinic\clinic\app\Views\errors\html\debug.js): failed to open stream: No such file or directory in C:\laragon\www\clinic\clinic\app\Views\errors\html\error_exception.php:14
Stack trace:
#0 [internal function]: CodeIgniter\Debug\Exceptions->errorHandler(2, 'file_get_conten...', 'C:\\laragon\\www\\...', 14, Array)
#1 C:\laragon\www\clinic\clinic\app\Views\errors\html\error_exception.php(14): file_get_contents('C:\\laragon\\www\\...')
#2 C:\laragon\www\clinic\clinic\system\Debug\Exceptions.php(251): include('C:\\laragon\\www\\...')
#3 C:\laragon\www\clinic\clinic\system\Debug\Exceptions.php(254): CodeIgniter\Debug\Exceptions->CodeIgniter\Debug\{closure}()
#4 C:\laragon\www\clinic\clinic\system\Debug\Exceptions.php(138): CodeIgniter\Debug\Exceptions->render(Object(ParseError), 500)
#5 [internal function]: CodeIgniter\Debug\Exceptions->exceptionHandler(Object(ParseError))
#6 {main}
  thrown
in APPPATH\Views\errors\html\error_exception.php on line 14.
 1 [internal function]: CodeIgniter\Debug\Exceptions->shutdownHandler()
CRITICAL - 2022-09-08 01:56:00 --> syntax error, unexpected ':'
in APPPATH\Controllers\MainController.php on line 27.
 1 SYSTEMPATH\Autoloader\Autoloader.php(259): CodeIgniter\Autoloader\Autoloader->includeFile('APPPATH\\Controllers\\MainController.php')
 2 SYSTEMPATH\Autoloader\Autoloader.php(237): CodeIgniter\Autoloader\Autoloader->loadInNamespace('App\\Controllers\\MainController')
 3 [internal function]: CodeIgniter\Autoloader\Autoloader->loadClass('App\\Controllers\\MainController')
 4 [internal function]: spl_autoload_call('App\\Controllers\\MainController')
 5 SYSTEMPATH\CodeIgniter.php(854): class_exists('\\App\\Controllers\\MainController', true)
 6 SYSTEMPATH\CodeIgniter.php(444): CodeIgniter\CodeIgniter->startController()
 7 SYSTEMPATH\CodeIgniter.php(340): CodeIgniter\CodeIgniter->handleRequest(null, Object(Config\Cache), false)
 8 FCPATH\index.php(67): CodeIgniter\CodeIgniter->run()
CRITICAL - 2022-09-08 01:56:00 --> Uncaught ErrorException: file_get_contents(C:\laragon\www\clinic\clinic\app\Views\errors\html\debug.js): failed to open stream: No such file or directory in C:\laragon\www\clinic\clinic\app\Views\errors\html\error_exception.php:14
Stack trace:
#0 [internal function]: CodeIgniter\Debug\Exceptions->errorHandler(2, 'file_get_conten...', 'C:\\laragon\\www\\...', 14, Array)
#1 C:\laragon\www\clinic\clinic\app\Views\errors\html\error_exception.php(14): file_get_contents('C:\\laragon\\www\\...')
#2 C:\laragon\www\clinic\clinic\system\Debug\Exceptions.php(251): include('C:\\laragon\\www\\...')
#3 C:\laragon\www\clinic\clinic\system\Debug\Exceptions.php(254): CodeIgniter\Debug\Exceptions->CodeIgniter\Debug\{closure}()
#4 C:\laragon\www\clinic\clinic\system\Debug\Exceptions.php(138): CodeIgniter\Debug\Exceptions->render(Object(ParseError), 500)
#5 [internal function]: CodeIgniter\Debug\Exceptions->exceptionHandler(Object(ParseError))
#6 {main}
  thrown
in APPPATH\Views\errors\html\error_exception.php on line 14.
 1 [internal function]: CodeIgniter\Debug\Exceptions->shutdownHandler()
CRITICAL - 2022-09-08 01:56:00 --> syntax error, unexpected ':'
in APPPATH\Controllers\MainController.php on line 27.
 1 SYSTEMPATH\Autoloader\Autoloader.php(259): CodeIgniter\Autoloader\Autoloader->includeFile('APPPATH\\Controllers\\MainController.php')
 2 SYSTEMPATH\Autoloader\Autoloader.php(237): CodeIgniter\Autoloader\Autoloader->loadInNamespace('App\\Controllers\\MainController')
 3 [internal function]: CodeIgniter\Autoloader\Autoloader->loadClass('App\\Controllers\\MainController')
 4 [internal function]: spl_autoload_call('App\\Controllers\\MainController')
 5 SYSTEMPATH\CodeIgniter.php(854): class_exists('\\App\\Controllers\\MainController', true)
 6 SYSTEMPATH\CodeIgniter.php(444): CodeIgniter\CodeIgniter->startController()
 7 SYSTEMPATH\CodeIgniter.php(340): CodeIgniter\CodeIgniter->handleRequest(null, Object(Config\Cache), false)
 8 FCPATH\index.php(67): CodeIgniter\CodeIgniter->run()
CRITICAL - 2022-09-08 01:56:00 --> Uncaught ErrorException: file_get_contents(C:\laragon\www\clinic\clinic\app\Views\errors\html\debug.js): failed to open stream: No such file or directory in C:\laragon\www\clinic\clinic\app\Views\errors\html\error_exception.php:14
Stack trace:
#0 [internal function]: CodeIgniter\Debug\Exceptions->errorHandler(2, 'file_get_conten...', 'C:\\laragon\\www\\...', 14, Array)
#1 C:\laragon\www\clinic\clinic\app\Views\errors\html\error_exception.php(14): file_get_contents('C:\\laragon\\www\\...')
#2 C:\laragon\www\clinic\clinic\system\Debug\Exceptions.php(251): include('C:\\laragon\\www\\...')
#3 C:\laragon\www\clinic\clinic\system\Debug\Exceptions.php(254): CodeIgniter\Debug\Exceptions->CodeIgniter\Debug\{closure}()
#4 C:\laragon\www\clinic\clinic\system\Debug\Exceptions.php(138): CodeIgniter\Debug\Exceptions->render(Object(ParseError), 500)
#5 [internal function]: CodeIgniter\Debug\Exceptions->exceptionHandler(Object(ParseError))
#6 {main}
  thrown
in APPPATH\Views\errors\html\error_exception.php on line 14.
 1 [internal function]: CodeIgniter\Debug\Exceptions->shutdownHandler()
CRITICAL - 2022-09-08 01:56:00 --> syntax error, unexpected ':'
in APPPATH\Controllers\MainController.php on line 27.
 1 SYSTEMPATH\Autoloader\Autoloader.php(259): CodeIgniter\Autoloader\Autoloader->includeFile('APPPATH\\Controllers\\MainController.php')
 2 SYSTEMPATH\Autoloader\Autoloader.php(237): CodeIgniter\Autoloader\Autoloader->loadInNamespace('App\\Controllers\\MainController')
 3 [internal function]: CodeIgniter\Autoloader\Autoloader->loadClass('App\\Controllers\\MainController')
 4 [internal function]: spl_autoload_call('App\\Controllers\\MainController')
 5 SYSTEMPATH\CodeIgniter.php(854): class_exists('\\App\\Controllers\\MainController', true)
 6 SYSTEMPATH\CodeIgniter.php(444): CodeIgniter\CodeIgniter->startController()
 7 SYSTEMPATH\CodeIgniter.php(340): CodeIgniter\CodeIgniter->handleRequest(null, Object(Config\Cache), false)
 8 FCPATH\index.php(67): CodeIgniter\CodeIgniter->run()
CRITICAL - 2022-09-08 01:56:00 --> Uncaught ErrorException: file_get_contents(C:\laragon\www\clinic\clinic\app\Views\errors\html\debug.js): failed to open stream: No such file or directory in C:\laragon\www\clinic\clinic\app\Views\errors\html\error_exception.php:14
Stack trace:
#0 [internal function]: CodeIgniter\Debug\Exceptions->errorHandler(2, 'file_get_conten...', 'C:\\laragon\\www\\...', 14, Array)
#1 C:\laragon\www\clinic\clinic\app\Views\errors\html\error_exception.php(14): file_get_contents('C:\\laragon\\www\\...')
#2 C:\laragon\www\clinic\clinic\system\Debug\Exceptions.php(251): include('C:\\laragon\\www\\...')
#3 C:\laragon\www\clinic\clinic\system\Debug\Exceptions.php(254): CodeIgniter\Debug\Exceptions->CodeIgniter\Debug\{closure}()
#4 C:\laragon\www\clinic\clinic\system\Debug\Exceptions.php(138): CodeIgniter\Debug\Exceptions->render(Object(ParseError), 500)
#5 [internal function]: CodeIgniter\Debug\Exceptions->exceptionHandler(Object(ParseError))
#6 {main}
  thrown
in APPPATH\Views\errors\html\error_exception.php on line 14.
 1 [internal function]: CodeIgniter\Debug\Exceptions->shutdownHandler()
CRITICAL - 2022-09-08 01:56:01 --> syntax error, unexpected ':'
in APPPATH\Controllers\MainController.php on line 27.
 1 SYSTEMPATH\Autoloader\Autoloader.php(259): CodeIgniter\Autoloader\Autoloader->includeFile('APPPATH\\Controllers\\MainController.php')
 2 SYSTEMPATH\Autoloader\Autoloader.php(237): CodeIgniter\Autoloader\Autoloader->loadInNamespace('App\\Controllers\\MainController')
 3 [internal function]: CodeIgniter\Autoloader\Autoloader->loadClass('App\\Controllers\\MainController')
 4 [internal function]: spl_autoload_call('App\\Controllers\\MainController')
 5 SYSTEMPATH\CodeIgniter.php(854): class_exists('\\App\\Controllers\\MainController', true)
 6 SYSTEMPATH\CodeIgniter.php(444): CodeIgniter\CodeIgniter->startController()
 7 SYSTEMPATH\CodeIgniter.php(340): CodeIgniter\CodeIgniter->handleRequest(null, Object(Config\Cache), false)
 8 FCPATH\index.php(67): CodeIgniter\CodeIgniter->run()
CRITICAL - 2022-09-08 01:56:01 --> Uncaught ErrorException: file_get_contents(C:\laragon\www\clinic\clinic\app\Views\errors\html\debug.js): failed to open stream: No such file or directory in C:\laragon\www\clinic\clinic\app\Views\errors\html\error_exception.php:14
Stack trace:
#0 [internal function]: CodeIgniter\Debug\Exceptions->errorHandler(2, 'file_get_conten...', 'C:\\laragon\\www\\...', 14, Array)
#1 C:\laragon\www\clinic\clinic\app\Views\errors\html\error_exception.php(14): file_get_contents('C:\\laragon\\www\\...')
#2 C:\laragon\www\clinic\clinic\system\Debug\Exceptions.php(251): include('C:\\laragon\\www\\...')
#3 C:\laragon\www\clinic\clinic\system\Debug\Exceptions.php(254): CodeIgniter\Debug\Exceptions->CodeIgniter\Debug\{closure}()
#4 C:\laragon\www\clinic\clinic\system\Debug\Exceptions.php(138): CodeIgniter\Debug\Exceptions->render(Object(ParseError), 500)
#5 [internal function]: CodeIgniter\Debug\Exceptions->exceptionHandler(Object(ParseError))
#6 {main}
  thrown
in APPPATH\Views\errors\html\error_exception.php on line 14.
 1 [internal function]: CodeIgniter\Debug\Exceptions->shutdownHandler()
CRITICAL - 2022-09-08 02:05:12 --> syntax error, unexpected ':'
in APPPATH\Controllers\MainController.php on line 27.
 1 SYSTEMPATH\Autoloader\Autoloader.php(259): CodeIgniter\Autoloader\Autoloader->includeFile('APPPATH\\Controllers\\MainController.php')
 2 SYSTEMPATH\Autoloader\Autoloader.php(237): CodeIgniter\Autoloader\Autoloader->loadInNamespace('App\\Controllers\\MainController')
 3 [internal function]: CodeIgniter\Autoloader\Autoloader->loadClass('App\\Controllers\\MainController')
 4 [internal function]: spl_autoload_call('App\\Controllers\\MainController')
 5 SYSTEMPATH\CodeIgniter.php(854): class_exists('\\App\\Controllers\\MainController', true)
 6 SYSTEMPATH\CodeIgniter.php(444): CodeIgniter\CodeIgniter->startController()
 7 SYSTEMPATH\CodeIgniter.php(340): CodeIgniter\CodeIgniter->handleRequest(null, Object(Config\Cache), false)
 8 FCPATH\index.php(67): CodeIgniter\CodeIgniter->run()
CRITICAL - 2022-09-08 02:05:42 --> syntax error, unexpected ':'
in APPPATH\Controllers\MainController.php on line 27.
 1 SYSTEMPATH\Autoloader\Autoloader.php(259): CodeIgniter\Autoloader\Autoloader->includeFile('APPPATH\\Controllers\\MainController.php')
 2 SYSTEMPATH\Autoloader\Autoloader.php(237): CodeIgniter\Autoloader\Autoloader->loadInNamespace('App\\Controllers\\MainController')
 3 [internal function]: CodeIgniter\Autoloader\Autoloader->loadClass('App\\Controllers\\MainController')
 4 [internal function]: spl_autoload_call('App\\Controllers\\MainController')
 5 SYSTEMPATH\CodeIgniter.php(854): class_exists('\\App\\Controllers\\MainController', true)
 6 SYSTEMPATH\CodeIgniter.php(444): CodeIgniter\CodeIgniter->startController()
 7 SYSTEMPATH\CodeIgniter.php(340): CodeIgniter\CodeIgniter->handleRequest(null, Object(Config\Cache), false)
 8 FCPATH\index.php(67): CodeIgniter\CodeIgniter->run()
CRITICAL - 2022-09-08 03:08:31 --> Argument 2 passed to view() must be of the type array, string given, called in C:\laragon\www\clinic\clinic\app\Controllers\Home.php on line 15
in SYSTEMPATH\Common.php on line 1128.
 1 APPPATH\Controllers\Home.php(15): view('home/appointment', '2022-09-09')
 2 SYSTEMPATH\CodeIgniter.php(904): App\Controllers\Home->appointments('2022-09-09')
 3 SYSTEMPATH\CodeIgniter.php(457): CodeIgniter\CodeIgniter->runController(Object(App\Controllers\Home))
 4 SYSTEMPATH\CodeIgniter.php(340): CodeIgniter\CodeIgniter->handleRequest(null, Object(Config\Cache), false)
 5 FCPATH\index.php(67): CodeIgniter\CodeIgniter->run()
CRITICAL - 2022-09-08 03:09:02 --> Argument 2 passed to view() must be of the type array, string given, called in C:\laragon\www\clinic\clinic\app\Controllers\Home.php on line 16
in SYSTEMPATH\Common.php on line 1128.
 1 APPPATH\Controllers\Home.php(16): view('home/appointment', '2022-09-09')
 2 SYSTEMPATH\CodeIgniter.php(904): App\Controllers\Home->appointments('2022-09-09')
 3 SYSTEMPATH\CodeIgniter.php(457): CodeIgniter\CodeIgniter->runController(Object(App\Controllers\Home))
 4 SYSTEMPATH\CodeIgniter.php(340): CodeIgniter\CodeIgniter->handleRequest(null, Object(Config\Cache), false)
 5 FCPATH\index.php(67): CodeIgniter\CodeIgniter->run()
CRITICAL - 2022-09-08 03:09:10 --> Argument 2 passed to view() must be of the type array, string given, called in C:\laragon\www\clinic\clinic\app\Controllers\Home.php on line 16
in SYSTEMPATH\Common.php on line 1128.
 1 APPPATH\Controllers\Home.php(16): view('home/appointment', '2022-09-09')
 2 SYSTEMPATH\CodeIgniter.php(904): App\Controllers\Home->appointments('2022-09-09')
 3 SYSTEMPATH\CodeIgniter.php(457): CodeIgniter\CodeIgniter->runController(Object(App\Controllers\Home))
 4 SYSTEMPATH\CodeIgniter.php(340): CodeIgniter\CodeIgniter->handleRequest(null, Object(Config\Cache), false)
 5 FCPATH\index.php(67): CodeIgniter\CodeIgniter->run()
CRITICAL - 2022-09-08 03:09:11 --> Argument 2 passed to view() must be of the type array, string given, called in C:\laragon\www\clinic\clinic\app\Controllers\Home.php on line 16
in SYSTEMPATH\Common.php on line 1128.
 1 APPPATH\Controllers\Home.php(16): view('home/appointment', '2022-09-09')
 2 SYSTEMPATH\CodeIgniter.php(904): App\Controllers\Home->appointments('2022-09-09')
 3 SYSTEMPATH\CodeIgniter.php(457): CodeIgniter\CodeIgniter->runController(Object(App\Controllers\Home))
 4 SYSTEMPATH\CodeIgniter.php(340): CodeIgniter\CodeIgniter->handleRequest(null, Object(Config\Cache), false)
 5 FCPATH\index.php(67): CodeIgniter\CodeIgniter->run()
CRITICAL - 2022-09-08 03:09:12 --> Argument 2 passed to view() must be of the type array, string given, called in C:\laragon\www\clinic\clinic\app\Controllers\Home.php on line 16
in SYSTEMPATH\Common.php on line 1128.
 1 APPPATH\Controllers\Home.php(16): view('home/appointment', '2022-09-09')
 2 SYSTEMPATH\CodeIgniter.php(904): App\Controllers\Home->appointments('2022-09-09')
 3 SYSTEMPATH\CodeIgniter.php(457): CodeIgniter\CodeIgniter->runController(Object(App\Controllers\Home))
 4 SYSTEMPATH\CodeIgniter.php(340): CodeIgniter\CodeIgniter->handleRequest(null, Object(Config\Cache), false)
 5 FCPATH\index.php(67): CodeIgniter\CodeIgniter->run()
CRITICAL - 2022-09-08 03:09:12 --> Argument 2 passed to view() must be of the type array, string given, called in C:\laragon\www\clinic\clinic\app\Controllers\Home.php on line 16
in SYSTEMPATH\Common.php on line 1128.
 1 APPPATH\Controllers\Home.php(16): view('home/appointment', '2022-09-09')
 2 SYSTEMPATH\CodeIgniter.php(904): App\Controllers\Home->appointments('2022-09-09')
 3 SYSTEMPATH\CodeIgniter.php(457): CodeIgniter\CodeIgniter->runController(Object(App\Controllers\Home))
 4 SYSTEMPATH\CodeIgniter.php(340): CodeIgniter\CodeIgniter->handleRequest(null, Object(Config\Cache), false)
 5 FCPATH\index.php(67): CodeIgniter\CodeIgniter->run()
CRITICAL - 2022-09-08 03:09:12 --> Argument 2 passed to view() must be of the type array, string given, called in C:\laragon\www\clinic\clinic\app\Controllers\Home.php on line 16
in SYSTEMPATH\Common.php on line 1128.
 1 APPPATH\Controllers\Home.php(16): view('home/appointment', '2022-09-09')
 2 SYSTEMPATH\CodeIgniter.php(904): App\Controllers\Home->appointments('2022-09-09')
 3 SYSTEMPATH\CodeIgniter.php(457): CodeIgniter\CodeIgniter->runController(Object(App\Controllers\Home))
 4 SYSTEMPATH\CodeIgniter.php(340): CodeIgniter\CodeIgniter->handleRequest(null, Object(Config\Cache), false)
 5 FCPATH\index.php(67): CodeIgniter\CodeIgniter->run()
CRITICAL - 2022-09-08 03:09:12 --> Argument 2 passed to view() must be of the type array, string given, called in C:\laragon\www\clinic\clinic\app\Controllers\Home.php on line 16
in SYSTEMPATH\Common.php on line 1128.
 1 APPPATH\Controllers\Home.php(16): view('home/appointment', '2022-09-09')
 2 SYSTEMPATH\CodeIgniter.php(904): App\Controllers\Home->appointments('2022-09-09')
 3 SYSTEMPATH\CodeIgniter.php(457): CodeIgniter\CodeIgniter->runController(Object(App\Controllers\Home))
 4 SYSTEMPATH\CodeIgniter.php(340): CodeIgniter\CodeIgniter->handleRequest(null, Object(Config\Cache), false)
 5 FCPATH\index.php(67): CodeIgniter\CodeIgniter->run()
CRITICAL - 2022-09-08 07:57:28 --> syntax error, unexpected ':'
in APPPATH\Controllers\Home.php on line 11.
 1 SYSTEMPATH\Autoloader\Autoloader.php(259): CodeIgniter\Autoloader\Autoloader->includeFile('APPPATH\\Controllers\\Home.php')
 2 SYSTEMPATH\Autoloader\Autoloader.php(237): CodeIgniter\Autoloader\Autoloader->loadInNamespace('App\\Controllers\\Home')
 3 [internal function]: CodeIgniter\Autoloader\Autoloader->loadClass('App\\Controllers\\Home')
 4 [internal function]: spl_autoload_call('App\\Controllers\\Home')
 5 SYSTEMPATH\CodeIgniter.php(854): class_exists('\\App\\Controllers\\Home', true)
 6 SYSTEMPATH\CodeIgniter.php(444): CodeIgniter\CodeIgniter->startController()
 7 SYSTEMPATH\CodeIgniter.php(340): CodeIgniter\CodeIgniter->handleRequest(null, Object(Config\Cache), false)
 8 FCPATH\index.php(67): CodeIgniter\CodeIgniter->run()
CRITICAL - 2022-09-08 07:58:04 --> Namespace declaration statement has to be the very first statement or after any declare call in the script
in APPPATH\Models\AppointmentModel.php on line 2.
 1 [internal function]: CodeIgniter\Debug\Exceptions->shutdownHandler()
CRITICAL - 2022-09-08 08:00:10 --> Namespace declaration statement has to be the very first statement or after any declare call in the script
in APPPATH\Models\AppointmentModel.php on line 2.
 1 [internal function]: CodeIgniter\Debug\Exceptions->shutdownHandler()
CRITICAL - 2022-09-08 08:01:27 --> Namespace declaration statement has to be the very first statement or after any declare call in the script
in APPPATH\Models\AppointmentModel.php on line 2.
 1 [internal function]: CodeIgniter\Debug\Exceptions->shutdownHandler()
CRITICAL - 2022-09-08 08:02:37 --> Namespace declaration statement has to be the very first statement or after any declare call in the script
in APPPATH\Models\AppointmentModel.php on line 2.
 1 [internal function]: CodeIgniter\Debug\Exceptions->shutdownHandler()
CRITICAL - 2022-09-08 08:02:49 --> Namespace declaration statement has to be the very first statement or after any declare call in the script
in APPPATH\Models\AppointmentModel.php on line 2.
 1 [internal function]: CodeIgniter\Debug\Exceptions->shutdownHandler()
CRITICAL - 2022-09-08 08:03:33 --> Namespace declaration statement has to be the very first statement or after any declare call in the script
in APPPATH\Models\AppointmentModel.php on line 2.
 1 [internal function]: CodeIgniter\Debug\Exceptions->shutdownHandler()
CRITICAL - 2022-09-08 08:04:24 --> Namespace declaration statement has to be the very first statement or after any declare call in the script
in APPPATH\Models\AppointmentModel.php on line 2.
 1 [internal function]: CodeIgniter\Debug\Exceptions->shutdownHandler()
ERROR - 2022-09-08 08:04:58 --> mysqli_sql_exception: Column 'name' cannot be null in C:\laragon\www\clinic\clinic\system\Database\MySQLi\Connection.php:292
Stack trace:
#0 C:\laragon\www\clinic\clinic\system\Database\MySQLi\Connection.php(292): mysqli->query('INSERT INTO `ap...', 0)
#1 C:\laragon\www\clinic\clinic\system\Database\BaseConnection.php(693): CodeIgniter\Database\MySQLi\Connection->execute('INSERT INTO `ap...')
#2 C:\laragon\www\clinic\clinic\system\Database\BaseConnection.php(620): CodeIgniter\Database\BaseConnection->simpleQuery('INSERT INTO `ap...')
#3 C:\laragon\www\clinic\clinic\system\Database\BaseBuilder.php(1916): CodeIgniter\Database\BaseConnection->query('INSERT INTO `ap...', Array, false)
#4 C:\laragon\www\clinic\clinic\system\Model.php(279): CodeIgniter\Database\BaseBuilder->insert()
#5 C:\laragon\www\clinic\clinic\system\BaseModel.php(738): CodeIgniter\Model->doInsert(Array)
#6 C:\laragon\www\clinic\clinic\system\Model.php(667): CodeIgniter\BaseModel->insert(Array, false)
#7 C:\laragon\www\clinic\clinic\system\BaseModel.php(658): CodeIgniter\Model->insert(Array, false)
#8 C:\laragon\www\clinic\clinic\app\Controllers\Home.php(30): CodeIgniter\BaseModel->save(Array)
#9 C:\laragon\www\clinic\clinic\system\CodeIgniter.php(904): App\Controllers\Home->book()
#10 C:\laragon\www\clinic\clinic\system\CodeIgniter.php(457): CodeIgniter\CodeIgniter->runController(Object(App\Controllers\Home))
#11 C:\laragon\www\clinic\clinic\system\CodeIgniter.php(340): CodeIgniter\CodeIgniter->handleRequest(NULL, Object(Config\Cache), false)
#12 C:\laragon\www\clinic\index.php(67): CodeIgniter\CodeIgniter->run()
#13 {main}
CRITICAL - 2022-09-08 08:04:58 --> Column 'name' cannot be null
in SYSTEMPATH\Database\MySQLi\Connection.php on line 292.
 1 SYSTEMPATH\Database\MySQLi\Connection.php(292): mysqli->query('INSERT INTO `appointment` (`name`, `phone`, `department`, `date`, `time`, `apstatus`, `type`, `notes`) VALUES (NULL, NULL, NULL, NULL, NULL, \'pending\', NULL, NULL)', 0)
 2 SYSTEMPATH\Database\BaseConnection.php(693): CodeIgniter\Database\MySQLi\Connection->execute('INSERT INTO `appointment` (`name`, `phone`, `department`, `date`, `time`, `apstatus`, `type`, `notes`) VALUES (NULL, NULL, NULL, NULL, NULL, \'pending\', NULL, NULL)')
 3 SYSTEMPATH\Database\BaseConnection.php(620): CodeIgniter\Database\BaseConnection->simpleQuery('INSERT INTO `appointment` (`name`, `phone`, `department`, `date`, `time`, `apstatus`, `type`, `notes`) VALUES (NULL, NULL, NULL, NULL, NULL, \'pending\', NULL, NULL)')
 4 SYSTEMPATH\Database\BaseBuilder.php(1916): CodeIgniter\Database\BaseConnection->query('INSERT INTO `appointment` (`name`, `phone`, `department`, `date`, `time`, `apstatus`, `type`, `notes`) VALUES (:name:, :phone:, :department:, :date:, :time:, :apstatus:, :type:, :notes:)', [...], false)
 5 SYSTEMPATH\Model.php(279): CodeIgniter\Database\BaseBuilder->insert()
 6 SYSTEMPATH\BaseModel.php(738): CodeIgniter\Model->doInsert([...])
 7 SYSTEMPATH\Model.php(667): CodeIgniter\BaseModel->insert([...], false)
 8 SYSTEMPATH\BaseModel.php(658): CodeIgniter\Model->insert([...], false)
 9 APPPATH\Controllers\Home.php(30): CodeIgniter\BaseModel->save([...])
10 SYSTEMPATH\CodeIgniter.php(904): App\Controllers\Home->book()
11 SYSTEMPATH\CodeIgniter.php(457): CodeIgniter\CodeIgniter->runController(Object(App\Controllers\Home))
12 SYSTEMPATH\CodeIgniter.php(340): CodeIgniter\CodeIgniter->handleRequest(null, Object(Config\Cache), false)
13 FCPATH\index.php(67): CodeIgniter\CodeIgniter->run()
CRITICAL - 2022-09-08 08:06:39 --> Object of class CodeIgniter\Session\Session could not be converted to string
in APPPATH\Views\home\appointment.php on line 115.
 1 SYSTEMPATH\View\View.php(213): include()
 2 SYSTEMPATH\View\View.php(216): CodeIgniter\View\View->CodeIgniter\View\{closure}()
 3 SYSTEMPATH\Common.php(1142): CodeIgniter\View\View->render('home/appointment', [], true)
 4 APPPATH\Controllers\Home.php(42): view('home/appointment', [...])
 5 SYSTEMPATH\CodeIgniter.php(904): App\Controllers\Home->appointments('2022-10-07')
 6 SYSTEMPATH\CodeIgniter.php(457): CodeIgniter\CodeIgniter->runController(Object(App\Controllers\Home))
 7 SYSTEMPATH\CodeIgniter.php(340): CodeIgniter\CodeIgniter->handleRequest(null, Object(Config\Cache), false)
 8 FCPATH\index.php(67): CodeIgniter\CodeIgniter->run()
CRITICAL - 2022-09-08 20:53:30 --> syntax error, unexpected 'return' (T_RETURN)
in APPPATH\Controllers\MainController.php on line 23.
 1 SYSTEMPATH\Autoloader\Autoloader.php(259): CodeIgniter\Autoloader\Autoloader->includeFile('APPPATH\\Controllers\\MainController.php')
 2 SYSTEMPATH\Autoloader\Autoloader.php(237): CodeIgniter\Autoloader\Autoloader->loadInNamespace('App\\Controllers\\MainController')
 3 [internal function]: CodeIgniter\Autoloader\Autoloader->loadClass('App\\Controllers\\MainController')
 4 [internal function]: spl_autoload_call('App\\Controllers\\MainController')
 5 SYSTEMPATH\CodeIgniter.php(854): class_exists('\\App\\Controllers\\MainController', true)
 6 SYSTEMPATH\CodeIgniter.php(444): CodeIgniter\CodeIgniter->startController()
 7 SYSTEMPATH\CodeIgniter.php(340): CodeIgniter\CodeIgniter->handleRequest(null, Object(Config\Cache), false)
 8 FCPATH\index.php(67): CodeIgniter\CodeIgniter->run()
CRITICAL - 2022-09-08 20:54:22 --> syntax error, unexpected 'return' (T_RETURN)
in APPPATH\Controllers\MainController.php on line 23.
 1 SYSTEMPATH\Autoloader\Autoloader.php(259): CodeIgniter\Autoloader\Autoloader->includeFile('APPPATH\\Controllers\\MainController.php')
 2 SYSTEMPATH\Autoloader\Autoloader.php(237): CodeIgniter\Autoloader\Autoloader->loadInNamespace('App\\Controllers\\MainController')
 3 [internal function]: CodeIgniter\Autoloader\Autoloader->loadClass('App\\Controllers\\MainController')
 4 [internal function]: spl_autoload_call('App\\Controllers\\MainController')
 5 SYSTEMPATH\CodeIgniter.php(854): class_exists('\\App\\Controllers\\MainController', true)
 6 SYSTEMPATH\CodeIgniter.php(444): CodeIgniter\CodeIgniter->startController()
 7 SYSTEMPATH\CodeIgniter.php(340): CodeIgniter\CodeIgniter->handleRequest(null, Object(Config\Cache), false)
 8 FCPATH\index.php(67): CodeIgniter\CodeIgniter->run()
CRITICAL - 2022-09-08 20:57:45 --> syntax error, unexpected 'return' (T_RETURN)
in APPPATH\Controllers\MainController.php on line 23.
 1 SYSTEMPATH\Autoloader\Autoloader.php(259): CodeIgniter\Autoloader\Autoloader->includeFile('APPPATH\\Controllers\\MainController.php')
 2 SYSTEMPATH\Autoloader\Autoloader.php(237): CodeIgniter\Autoloader\Autoloader->loadInNamespace('App\\Controllers\\MainController')
 3 [internal function]: CodeIgniter\Autoloader\Autoloader->loadClass('App\\Controllers\\MainController')
 4 [internal function]: spl_autoload_call('App\\Controllers\\MainController')
 5 SYSTEMPATH\CodeIgniter.php(854): class_exists('\\App\\Controllers\\MainController', true)
 6 SYSTEMPATH\CodeIgniter.php(444): CodeIgniter\CodeIgniter->startController()
 7 SYSTEMPATH\CodeIgniter.php(340): CodeIgniter\CodeIgniter->handleRequest(null, Object(Config\Cache), false)
 8 FCPATH\index.php(67): CodeIgniter\CodeIgniter->run()
CRITICAL - 2022-09-08 20:58:15 --> syntax error, unexpected ';', expecting ':'
in APPPATH\Controllers\MainController.php on line 32.
 1 SYSTEMPATH\Autoloader\Autoloader.php(259): CodeIgniter\Autoloader\Autoloader->includeFile('APPPATH\\Controllers\\MainController.php')
 2 SYSTEMPATH\Autoloader\Autoloader.php(237): CodeIgniter\Autoloader\Autoloader->loadInNamespace('App\\Controllers\\MainController')
 3 [internal function]: CodeIgniter\Autoloader\Autoloader->loadClass('App\\Controllers\\MainController')
 4 [internal function]: spl_autoload_call('App\\Controllers\\MainController')
 5 SYSTEMPATH\CodeIgniter.php(854): class_exists('\\App\\Controllers\\MainController', true)
 6 SYSTEMPATH\CodeIgniter.php(444): CodeIgniter\CodeIgniter->startController()
 7 SYSTEMPATH\CodeIgniter.php(340): CodeIgniter\CodeIgniter->handleRequest(null, Object(Config\Cache), false)
 8 FCPATH\index.php(67): CodeIgniter\CodeIgniter->run()
CRITICAL - 2022-09-08 21:00:13 --> Function name must be a string
in APPPATH\Controllers\MainController.php on line 42.
 1 SYSTEMPATH\CodeIgniter.php(904): App\Controllers\MainController->auth()
 2 SYSTEMPATH\CodeIgniter.php(457): CodeIgniter\CodeIgniter->runController(Object(App\Controllers\MainController))
 3 SYSTEMPATH\CodeIgniter.php(340): CodeIgniter\CodeIgniter->handleRequest(null, Object(Config\Cache), false)
 4 FCPATH\index.php(67): CodeIgniter\CodeIgniter->run()
CRITICAL - 2022-09-08 21:00:19 --> Function name must be a string
in APPPATH\Controllers\MainController.php on line 42.
 1 SYSTEMPATH\CodeIgniter.php(904): App\Controllers\MainController->auth()
 2 SYSTEMPATH\CodeIgniter.php(457): CodeIgniter\CodeIgniter->runController(Object(App\Controllers\MainController))
 3 SYSTEMPATH\CodeIgniter.php(340): CodeIgniter\CodeIgniter->handleRequest(null, Object(Config\Cache), false)
 4 FCPATH\index.php(67): CodeIgniter\CodeIgniter->run()
CRITICAL - 2022-09-08 21:00:28 --> Function name must be a string
in APPPATH\Controllers\MainController.php on line 42.
 1 SYSTEMPATH\CodeIgniter.php(904): App\Controllers\MainController->auth()
 2 SYSTEMPATH\CodeIgniter.php(457): CodeIgniter\CodeIgniter->runController(Object(App\Controllers\MainController))
 3 SYSTEMPATH\CodeIgniter.php(340): CodeIgniter\CodeIgniter->handleRequest(null, Object(Config\Cache), false)
 4 FCPATH\index.php(67): CodeIgniter\CodeIgniter->run()
