ERROR - 2022-09-28 21:13:09 --> mysqli_sql_exception: Invalid utf8 character string: '\x8Af\xA0z' in C:\laragon\www\clinic\clinic\system\Database\MySQLi\Connection.php:292
Stack trace:
#0 C:\laragon\www\clinic\clinic\system\Database\MySQLi\Connection.php(292): mysqli->query('SELECT *\nFROM `...', 0)
#1 C:\laragon\www\clinic\clinic\system\Database\BaseConnection.php(693): CodeIgniter\Database\MySQLi\Connection->execute('SELECT *\nFROM `...')
#2 C:\laragon\www\clinic\clinic\system\Database\BaseConnection.php(620): CodeIgniter\Database\BaseConnection->simpleQuery('SELECT *\nFROM `...')
#3 C:\laragon\www\clinic\clinic\system\Database\BaseBuilder.php(1585): CodeIgniter\Database\BaseConnection->query('SELECT *\nFROM `...', Array, false)
#4 C:\laragon\www\clinic\clinic\system\Model.php(223): CodeIgniter\Database\BaseBuilder->get()
#5 C:\laragon\www\clinic\clinic\system\BaseModel.php(584): CodeIgniter\Model->doFindAll(0, 0)
#6 C:\laragon\www\clinic\clinic\app\Controllers\ClinicController.php(40): CodeIgniter\BaseModel->findAll()
#7 C:\laragon\www\clinic\clinic\system\CodeIgniter.php(904): App\Controllers\ClinicController->viewrecords('images', 'profile.jpg')
#8 C:\laragon\www\clinic\clinic\system\CodeIgniter.php(457): CodeIgniter\CodeIgniter->runController(Object(App\Controllers\ClinicController))
#9 C:\laragon\www\clinic\clinic\system\CodeIgniter.php(340): CodeIgniter\CodeIgniter->handleRequest(NULL, Object(Config\Cache), false)
#10 C:\laragon\www\clinic\index.php(67): CodeIgniter\CodeIgniter->run()
#11 {main}
CRITICAL - 2022-09-28 21:13:09 --> Invalid utf8 character string: '\x8Af\xA0z'
in SYSTEMPATH\Database\MySQLi\Connection.php on line 292.
 1 SYSTEMPATH\Database\MySQLi\Connection.php(292): mysqli->query('SELECT *
FROM `appointment`
WHERE `ClientID` = Šf z and `apstatus` = \'done\'', 0)
 2 SYSTEMPATH\Database\BaseConnection.php(693): CodeIgniter\Database\MySQLi\Connection->execute('SELECT *
FROM `appointment`
WHERE `ClientID` = Šf z and `apstatus` = \'done\'')
 3 SYSTEMPATH\Database\BaseConnection.php(620): CodeIgniter\Database\BaseConnection->simpleQuery('SELECT *
FROM `appointment`
WHERE `ClientID` = Šf z and `apstatus` = \'done\'')
 4 SYSTEMPATH\Database\BaseBuilder.php(1585): CodeIgniter\Database\BaseConnection->query('SELECT *
FROM `appointment`
WHERE `ClientID` = Šf z and `apstatus` = \'done\'', [], false)
 5 SYSTEMPATH\Model.php(223): CodeIgniter\Database\BaseBuilder->get()
 6 SYSTEMPATH\BaseModel.php(584): CodeIgniter\Model->doFindAll(0, 0)
 7 APPPATH\Controllers\ClinicController.php(40): CodeIgniter\BaseModel->findAll()
 8 SYSTEMPATH\CodeIgniter.php(904): App\Controllers\ClinicController->viewrecords('FCPATH\\images', 'profile.jpg')
 9 SYSTEMPATH\CodeIgniter.php(457): CodeIgniter\CodeIgniter->runController(Object(App\Controllers\ClinicController))
10 SYSTEMPATH\CodeIgniter.php(340): CodeIgniter\CodeIgniter->handleRequest(null, Object(Config\Cache), false)
11 FCPATH\index.php(67): CodeIgniter\CodeIgniter->run()
CRITICAL - 2022-09-28 21:13:10 --> Uncaught CodeIgniter\Format\Exceptions\FormatException: Failed to parse json string, error: "Malformed UTF-8 characters, possibly incorrectly encoded". in C:\laragon\www\clinic\clinic\system\Format\JSONFormatter.php:41
Stack trace:
#0 C:\laragon\www\clinic\clinic\system\Format\JSONFormatter.php(41): CodeIgniter\Format\Exceptions\FormatException::forInvalidJSON('Malformed UTF-8...')
#1 C:\laragon\www\clinic\clinic\system\API\ResponseTrait.php(348): CodeIgniter\Format\JSONFormatter->format(Array)
#2 C:\laragon\www\clinic\clinic\system\API\ResponseTrait.php(99): CodeIgniter\Debug\Exceptions->format(Array)
#3 C:\laragon\www\clinic\clinic\system\Debug\Exceptions.php(132): CodeIgniter\Debug\Exceptions->respond(Array, 500)
#4 [internal function]: CodeIgniter\Debug\Exceptions->exceptionHandler(Object(mysqli_sql_exception))
#5 {main}
  thrown
in SYSTEMPATH\Format\JSONFormatter.php on line 41.
 1 [internal function]: CodeIgniter\Debug\Exceptions->shutdownHandler()
ERROR - 2022-09-28 21:13:13 --> mysqli_sql_exception: Invalid utf8 character string: '\x8Af\xA0z' in C:\laragon\www\clinic\clinic\system\Database\MySQLi\Connection.php:292
Stack trace:
#0 C:\laragon\www\clinic\clinic\system\Database\MySQLi\Connection.php(292): mysqli->query('SELECT *\nFROM `...', 0)
#1 C:\laragon\www\clinic\clinic\system\Database\BaseConnection.php(693): CodeIgniter\Database\MySQLi\Connection->execute('SELECT *\nFROM `...')
#2 C:\laragon\www\clinic\clinic\system\Database\BaseConnection.php(620): CodeIgniter\Database\BaseConnection->simpleQuery('SELECT *\nFROM `...')
#3 C:\laragon\www\clinic\clinic\system\Database\BaseBuilder.php(1585): CodeIgniter\Database\BaseConnection->query('SELECT *\nFROM `...', Array, false)
#4 C:\laragon\www\clinic\clinic\system\Model.php(223): CodeIgniter\Database\BaseBuilder->get()
#5 C:\laragon\www\clinic\clinic\system\BaseModel.php(584): CodeIgniter\Model->doFindAll(0, 0)
#6 C:\laragon\www\clinic\clinic\app\Controllers\ClinicController.php(40): CodeIgniter\BaseModel->findAll()
#7 C:\laragon\www\clinic\clinic\system\CodeIgniter.php(904): App\Controllers\ClinicController->viewrecords('images', 'profile.jpg')
#8 C:\laragon\www\clinic\clinic\system\CodeIgniter.php(457): CodeIgniter\CodeIgniter->runController(Object(App\Controllers\ClinicController))
#9 C:\laragon\www\clinic\clinic\system\CodeIgniter.php(340): CodeIgniter\CodeIgniter->handleRequest(NULL, Object(Config\Cache), false)
#10 C:\laragon\www\clinic\index.php(67): CodeIgniter\CodeIgniter->run()
#11 {main}
CRITICAL - 2022-09-28 21:13:13 --> Invalid utf8 character string: '\x8Af\xA0z'
in SYSTEMPATH\Database\MySQLi\Connection.php on line 292.
 1 SYSTEMPATH\Database\MySQLi\Connection.php(292): mysqli->query('SELECT *
FROM `appointment`
WHERE `ClientID` = Šf z and `apstatus` = \'done\'', 0)
 2 SYSTEMPATH\Database\BaseConnection.php(693): CodeIgniter\Database\MySQLi\Connection->execute('SELECT *
FROM `appointment`
WHERE `ClientID` = Šf z and `apstatus` = \'done\'')
 3 SYSTEMPATH\Database\BaseConnection.php(620): CodeIgniter\Database\BaseConnection->simpleQuery('SELECT *
FROM `appointment`
WHERE `ClientID` = Šf z and `apstatus` = \'done\'')
 4 SYSTEMPATH\Database\BaseBuilder.php(1585): CodeIgniter\Database\BaseConnection->query('SELECT *
FROM `appointment`
WHERE `ClientID` = Šf z and `apstatus` = \'done\'', [], false)
 5 SYSTEMPATH\Model.php(223): CodeIgniter\Database\BaseBuilder->get()
 6 SYSTEMPATH\BaseModel.php(584): CodeIgniter\Model->doFindAll(0, 0)
 7 APPPATH\Controllers\ClinicController.php(40): CodeIgniter\BaseModel->findAll()
 8 SYSTEMPATH\CodeIgniter.php(904): App\Controllers\ClinicController->viewrecords('FCPATH\\images', 'profile.jpg')
 9 SYSTEMPATH\CodeIgniter.php(457): CodeIgniter\CodeIgniter->runController(Object(App\Controllers\ClinicController))
10 SYSTEMPATH\CodeIgniter.php(340): CodeIgniter\CodeIgniter->handleRequest(null, Object(Config\Cache), false)
11 FCPATH\index.php(67): CodeIgniter\CodeIgniter->run()
CRITICAL - 2022-09-28 21:13:13 --> Uncaught CodeIgniter\Format\Exceptions\FormatException: Failed to parse json string, error: "Malformed UTF-8 characters, possibly incorrectly encoded". in C:\laragon\www\clinic\clinic\system\Format\JSONFormatter.php:41
Stack trace:
#0 C:\laragon\www\clinic\clinic\system\Format\JSONFormatter.php(41): CodeIgniter\Format\Exceptions\FormatException::forInvalidJSON('Malformed UTF-8...')
#1 C:\laragon\www\clinic\clinic\system\API\ResponseTrait.php(348): CodeIgniter\Format\JSONFormatter->format(Array)
#2 C:\laragon\www\clinic\clinic\system\API\ResponseTrait.php(99): CodeIgniter\Debug\Exceptions->format(Array)
#3 C:\laragon\www\clinic\clinic\system\Debug\Exceptions.php(132): CodeIgniter\Debug\Exceptions->respond(Array, 500)
#4 [internal function]: CodeIgniter\Debug\Exceptions->exceptionHandler(Object(mysqli_sql_exception))
#5 {main}
  thrown
in SYSTEMPATH\Format\JSONFormatter.php on line 41.
 1 [internal function]: CodeIgniter\Debug\Exceptions->shutdownHandler()
