CRITICAL - 2022-09-07 03:47:56 --> syntax error, unexpected '=', expecting ']'
in APPPATH\Controllers\Home.php on line 14.
 1 SYSTEMPATH\Autoloader\Autoloader.php(259): CodeIgniter\Autoloader\Autoloader->includeFile('APPPATH\\Controllers\\Home.php')
 2 SYSTEMPATH\Autoloader\Autoloader.php(237): CodeIgniter\Autoloader\Autoloader->loadInNamespace('App\\Controllers\\Home')
 3 [internal function]: CodeIgniter\Autoloader\Autoloader->loadClass('App\\Controllers\\Home')
 4 [internal function]: spl_autoload_call('App\\Controllers\\Home')
 5 SYSTEMPATH\CodeIgniter.php(854): class_exists('\\App\\Controllers\\Home', true)
 6 SYSTEMPATH\CodeIgniter.php(444): CodeIgniter\CodeIgniter->startController()
 7 SYSTEMPATH\CodeIgniter.php(340): CodeIgniter\CodeIgniter->handleRequest(null, Object(Config\Cache), false)
 8 FCPATH\index.php(67): CodeIgniter\CodeIgniter->run()
CRITICAL - 2022-09-07 03:47:56 --> Uncaught ErrorException: file_get_contents(C:\laragon\www\clinic\clinic\app\Views\errors\html\debug.js): failed to open stream: No such file or directory in C:\laragon\www\clinic\clinic\app\Views\errors\html\error_exception.php:14
Stack trace:
#0 [internal function]: CodeIgniter\Debug\Exceptions->errorHandler(2, 'file_get_conten...', 'C:\\laragon\\www\\...', 14, Array)
#1 C:\laragon\www\clinic\clinic\app\Views\errors\html\error_exception.php(14): file_get_contents('C:\\laragon\\www\\...')
#2 C:\laragon\www\clinic\clinic\system\Debug\Exceptions.php(251): include('C:\\laragon\\www\\...')
#3 C:\laragon\www\clinic\clinic\system\Debug\Exceptions.php(254): CodeIgniter\Debug\Exceptions->CodeIgniter\Debug\{closure}()
#4 C:\laragon\www\clinic\clinic\system\Debug\Exceptions.php(138): CodeIgniter\Debug\Exceptions->render(Object(ParseError), 500)
#5 [internal function]: CodeIgniter\Debug\Exceptions->exceptionHandler(Object(ParseError))
#6 {main}
  thrown
in APPPATH\Views\errors\html\error_exception.php on line 14.
 1 [internal function]: CodeIgniter\Debug\Exceptions->shutdownHandler()
CRITICAL - 2022-09-07 03:48:22 --> Argument 2 passed to CodeIgniter\HTTP\RedirectResponse::to() must be of the type int or null, array given, called in C:\laragon\www\clinic\clinic\app\Controllers\Home.php on line 19
in SYSTEMPATH\HTTP\RedirectResponse.php on line 32.
 1 APPPATH\Controllers\Home.php(19): CodeIgniter\HTTP\RedirectResponse->to('/login/', [...])
 2 SYSTEMPATH\CodeIgniter.php(904): App\Controllers\Home->appointment()
 3 SYSTEMPATH\CodeIgniter.php(457): CodeIgniter\CodeIgniter->runController(Object(App\Controllers\Home))
 4 SYSTEMPATH\CodeIgniter.php(340): CodeIgniter\CodeIgniter->handleRequest(null, Object(Config\Cache), false)
 5 FCPATH\index.php(67): CodeIgniter\CodeIgniter->run()
CRITICAL - 2022-09-07 03:48:22 --> Uncaught ErrorException: file_get_contents(C:\laragon\www\clinic\clinic\app\Views\errors\html\debug.js): failed to open stream: No such file or directory in C:\laragon\www\clinic\clinic\app\Views\errors\html\error_exception.php:14
Stack trace:
#0 [internal function]: CodeIgniter\Debug\Exceptions->errorHandler(2, 'file_get_conten...', 'C:\\laragon\\www\\...', 14, Array)
#1 C:\laragon\www\clinic\clinic\app\Views\errors\html\error_exception.php(14): file_get_contents('C:\\laragon\\www\\...')
#2 C:\laragon\www\clinic\clinic\system\Debug\Exceptions.php(251): include('C:\\laragon\\www\\...')
#3 C:\laragon\www\clinic\clinic\system\Debug\Exceptions.php(254): CodeIgniter\Debug\Exceptions->CodeIgniter\Debug\{closure}()
#4 C:\laragon\www\clinic\clinic\system\Debug\Exceptions.php(138): CodeIgniter\Debug\Exceptions->render(Object(TypeError), 500)
#5 [internal function]: CodeIgniter\Debug\Exceptions->exceptionHandler(Object(TypeError))
#6 {main}
  thrown
in APPPATH\Views\errors\html\error_exception.php on line 14.
 1 [internal function]: CodeIgniter\Debug\Exceptions->shutdownHandler()
CRITICAL - 2022-09-07 03:48:28 --> Argument 2 passed to CodeIgniter\HTTP\RedirectResponse::to() must be of the type int or null, array given, called in C:\laragon\www\clinic\clinic\app\Controllers\Home.php on line 19
in SYSTEMPATH\HTTP\RedirectResponse.php on line 32.
 1 APPPATH\Controllers\Home.php(19): CodeIgniter\HTTP\RedirectResponse->to('/login/', [...])
 2 SYSTEMPATH\CodeIgniter.php(904): App\Controllers\Home->appointment()
 3 SYSTEMPATH\CodeIgniter.php(457): CodeIgniter\CodeIgniter->runController(Object(App\Controllers\Home))
 4 SYSTEMPATH\CodeIgniter.php(340): CodeIgniter\CodeIgniter->handleRequest(null, Object(Config\Cache), false)
 5 FCPATH\index.php(67): CodeIgniter\CodeIgniter->run()
CRITICAL - 2022-09-07 03:48:28 --> Uncaught ErrorException: file_get_contents(C:\laragon\www\clinic\clinic\app\Views\errors\html\debug.js): failed to open stream: No such file or directory in C:\laragon\www\clinic\clinic\app\Views\errors\html\error_exception.php:14
Stack trace:
#0 [internal function]: CodeIgniter\Debug\Exceptions->errorHandler(2, 'file_get_conten...', 'C:\\laragon\\www\\...', 14, Array)
#1 C:\laragon\www\clinic\clinic\app\Views\errors\html\error_exception.php(14): file_get_contents('C:\\laragon\\www\\...')
#2 C:\laragon\www\clinic\clinic\system\Debug\Exceptions.php(251): include('C:\\laragon\\www\\...')
#3 C:\laragon\www\clinic\clinic\system\Debug\Exceptions.php(254): CodeIgniter\Debug\Exceptions->CodeIgniter\Debug\{closure}()
#4 C:\laragon\www\clinic\clinic\system\Debug\Exceptions.php(138): CodeIgniter\Debug\Exceptions->render(Object(TypeError), 500)
#5 [internal function]: CodeIgniter\Debug\Exceptions->exceptionHandler(Object(TypeError))
#6 {main}
  thrown
in APPPATH\Views\errors\html\error_exception.php on line 14.
 1 [internal function]: CodeIgniter\Debug\Exceptions->shutdownHandler()
CRITICAL - 2022-09-07 03:48:47 --> Argument 2 passed to CodeIgniter\HTTP\RedirectResponse::to() must be of the type int or null, array given, called in C:\laragon\www\clinic\clinic\app\Controllers\Home.php on line 20
in SYSTEMPATH\HTTP\RedirectResponse.php on line 32.
 1 APPPATH\Controllers\Home.php(20): CodeIgniter\HTTP\RedirectResponse->to('/login/', [...])
 2 SYSTEMPATH\CodeIgniter.php(904): App\Controllers\Home->appointment()
 3 SYSTEMPATH\CodeIgniter.php(457): CodeIgniter\CodeIgniter->runController(Object(App\Controllers\Home))
 4 SYSTEMPATH\CodeIgniter.php(340): CodeIgniter\CodeIgniter->handleRequest(null, Object(Config\Cache), false)
 5 FCPATH\index.php(67): CodeIgniter\CodeIgniter->run()
CRITICAL - 2022-09-07 03:48:47 --> Uncaught ErrorException: file_get_contents(C:\laragon\www\clinic\clinic\app\Views\errors\html\debug.js): failed to open stream: No such file or directory in C:\laragon\www\clinic\clinic\app\Views\errors\html\error_exception.php:14
Stack trace:
#0 [internal function]: CodeIgniter\Debug\Exceptions->errorHandler(2, 'file_get_conten...', 'C:\\laragon\\www\\...', 14, Array)
#1 C:\laragon\www\clinic\clinic\app\Views\errors\html\error_exception.php(14): file_get_contents('C:\\laragon\\www\\...')
#2 C:\laragon\www\clinic\clinic\system\Debug\Exceptions.php(251): include('C:\\laragon\\www\\...')
#3 C:\laragon\www\clinic\clinic\system\Debug\Exceptions.php(254): CodeIgniter\Debug\Exceptions->CodeIgniter\Debug\{closure}()
#4 C:\laragon\www\clinic\clinic\system\Debug\Exceptions.php(138): CodeIgniter\Debug\Exceptions->render(Object(TypeError), 500)
#5 [internal function]: CodeIgniter\Debug\Exceptions->exceptionHandler(Object(TypeError))
#6 {main}
  thrown
in APPPATH\Views\errors\html\error_exception.php on line 14.
 1 [internal function]: CodeIgniter\Debug\Exceptions->shutdownHandler()
CRITICAL - 2022-09-07 03:48:54 --> Argument 2 passed to CodeIgniter\HTTP\RedirectResponse::to() must be of the type int or null, array given, called in C:\laragon\www\clinic\clinic\app\Controllers\Home.php on line 20
in SYSTEMPATH\HTTP\RedirectResponse.php on line 32.
 1 APPPATH\Controllers\Home.php(20): CodeIgniter\HTTP\RedirectResponse->to('/login/', [...])
 2 SYSTEMPATH\CodeIgniter.php(904): App\Controllers\Home->appointment()
 3 SYSTEMPATH\CodeIgniter.php(457): CodeIgniter\CodeIgniter->runController(Object(App\Controllers\Home))
 4 SYSTEMPATH\CodeIgniter.php(340): CodeIgniter\CodeIgniter->handleRequest(null, Object(Config\Cache), false)
 5 FCPATH\index.php(67): CodeIgniter\CodeIgniter->run()
CRITICAL - 2022-09-07 03:48:54 --> Uncaught ErrorException: file_get_contents(C:\laragon\www\clinic\clinic\app\Views\errors\html\debug.js): failed to open stream: No such file or directory in C:\laragon\www\clinic\clinic\app\Views\errors\html\error_exception.php:14
Stack trace:
#0 [internal function]: CodeIgniter\Debug\Exceptions->errorHandler(2, 'file_get_conten...', 'C:\\laragon\\www\\...', 14, Array)
#1 C:\laragon\www\clinic\clinic\app\Views\errors\html\error_exception.php(14): file_get_contents('C:\\laragon\\www\\...')
#2 C:\laragon\www\clinic\clinic\system\Debug\Exceptions.php(251): include('C:\\laragon\\www\\...')
#3 C:\laragon\www\clinic\clinic\system\Debug\Exceptions.php(254): CodeIgniter\Debug\Exceptions->CodeIgniter\Debug\{closure}()
#4 C:\laragon\www\clinic\clinic\system\Debug\Exceptions.php(138): CodeIgniter\Debug\Exceptions->render(Object(TypeError), 500)
#5 [internal function]: CodeIgniter\Debug\Exceptions->exceptionHandler(Object(TypeError))
#6 {main}
  thrown
in APPPATH\Views\errors\html\error_exception.php on line 14.
 1 [internal function]: CodeIgniter\Debug\Exceptions->shutdownHandler()
CRITICAL - 2022-09-07 03:49:00 --> Argument 2 passed to CodeIgniter\HTTP\RedirectResponse::to() must be of the type int or null, array given, called in C:\laragon\www\clinic\clinic\app\Controllers\Home.php on line 20
in SYSTEMPATH\HTTP\RedirectResponse.php on line 32.
 1 APPPATH\Controllers\Home.php(20): CodeIgniter\HTTP\RedirectResponse->to('/login/', [...])
 2 SYSTEMPATH\CodeIgniter.php(904): App\Controllers\Home->appointment()
 3 SYSTEMPATH\CodeIgniter.php(457): CodeIgniter\CodeIgniter->runController(Object(App\Controllers\Home))
 4 SYSTEMPATH\CodeIgniter.php(340): CodeIgniter\CodeIgniter->handleRequest(null, Object(Config\Cache), false)
 5 FCPATH\index.php(67): CodeIgniter\CodeIgniter->run()
CRITICAL - 2022-09-07 03:49:00 --> Uncaught ErrorException: file_get_contents(C:\laragon\www\clinic\clinic\app\Views\errors\html\debug.js): failed to open stream: No such file or directory in C:\laragon\www\clinic\clinic\app\Views\errors\html\error_exception.php:14
Stack trace:
#0 [internal function]: CodeIgniter\Debug\Exceptions->errorHandler(2, 'file_get_conten...', 'C:\\laragon\\www\\...', 14, Array)
#1 C:\laragon\www\clinic\clinic\app\Views\errors\html\error_exception.php(14): file_get_contents('C:\\laragon\\www\\...')
#2 C:\laragon\www\clinic\clinic\system\Debug\Exceptions.php(251): include('C:\\laragon\\www\\...')
#3 C:\laragon\www\clinic\clinic\system\Debug\Exceptions.php(254): CodeIgniter\Debug\Exceptions->CodeIgniter\Debug\{closure}()
#4 C:\laragon\www\clinic\clinic\system\Debug\Exceptions.php(138): CodeIgniter\Debug\Exceptions->render(Object(TypeError), 500)
#5 [internal function]: CodeIgniter\Debug\Exceptions->exceptionHandler(Object(TypeError))
#6 {main}
  thrown
in APPPATH\Views\errors\html\error_exception.php on line 14.
 1 [internal function]: CodeIgniter\Debug\Exceptions->shutdownHandler()
CRITICAL - 2022-09-07 05:29:27 --> Argument 2 passed to CodeIgniter\HTTP\RedirectResponse::to() must be of the type int or null, array given, called in C:\laragon\www\clinic\clinic\app\Controllers\Home.php on line 20
in SYSTEMPATH\HTTP\RedirectResponse.php on line 32.
 1 APPPATH\Controllers\Home.php(20): CodeIgniter\HTTP\RedirectResponse->to('/login/', [...])
 2 SYSTEMPATH\CodeIgniter.php(904): App\Controllers\Home->appointment()
 3 SYSTEMPATH\CodeIgniter.php(457): CodeIgniter\CodeIgniter->runController(Object(App\Controllers\Home))
 4 SYSTEMPATH\CodeIgniter.php(340): CodeIgniter\CodeIgniter->handleRequest(null, Object(Config\Cache), false)
 5 FCPATH\index.php(67): CodeIgniter\CodeIgniter->run()
CRITICAL - 2022-09-07 05:29:27 --> Uncaught ErrorException: file_get_contents(C:\laragon\www\clinic\clinic\app\Views\errors\html\debug.js): failed to open stream: No such file or directory in C:\laragon\www\clinic\clinic\app\Views\errors\html\error_exception.php:14
Stack trace:
#0 [internal function]: CodeIgniter\Debug\Exceptions->errorHandler(2, 'file_get_conten...', 'C:\\laragon\\www\\...', 14, Array)
#1 C:\laragon\www\clinic\clinic\app\Views\errors\html\error_exception.php(14): file_get_contents('C:\\laragon\\www\\...')
#2 C:\laragon\www\clinic\clinic\system\Debug\Exceptions.php(251): include('C:\\laragon\\www\\...')
#3 C:\laragon\www\clinic\clinic\system\Debug\Exceptions.php(254): CodeIgniter\Debug\Exceptions->CodeIgniter\Debug\{closure}()
#4 C:\laragon\www\clinic\clinic\system\Debug\Exceptions.php(138): CodeIgniter\Debug\Exceptions->render(Object(TypeError), 500)
#5 [internal function]: CodeIgniter\Debug\Exceptions->exceptionHandler(Object(TypeError))
#6 {main}
  thrown
in APPPATH\Views\errors\html\error_exception.php on line 14.
 1 [internal function]: CodeIgniter\Debug\Exceptions->shutdownHandler()
CRITICAL - 2022-09-07 05:37:03 --> Argument 2 passed to CodeIgniter\HTTP\RedirectResponse::to() must be of the type int or null, array given, called in C:\laragon\www\clinic\clinic\app\Controllers\Home.php on line 20
in SYSTEMPATH\HTTP\RedirectResponse.php on line 32.
 1 APPPATH\Controllers\Home.php(20): CodeIgniter\HTTP\RedirectResponse->to('/login/', [...])
 2 SYSTEMPATH\CodeIgniter.php(904): App\Controllers\Home->appointment()
 3 SYSTEMPATH\CodeIgniter.php(457): CodeIgniter\CodeIgniter->runController(Object(App\Controllers\Home))
 4 SYSTEMPATH\CodeIgniter.php(340): CodeIgniter\CodeIgniter->handleRequest(null, Object(Config\Cache), false)
 5 FCPATH\index.php(67): CodeIgniter\CodeIgniter->run()
CRITICAL - 2022-09-07 05:37:03 --> Uncaught ErrorException: file_get_contents(C:\laragon\www\clinic\clinic\app\Views\errors\html\debug.js): failed to open stream: No such file or directory in C:\laragon\www\clinic\clinic\app\Views\errors\html\error_exception.php:14
Stack trace:
#0 [internal function]: CodeIgniter\Debug\Exceptions->errorHandler(2, 'file_get_conten...', 'C:\\laragon\\www\\...', 14, Array)
#1 C:\laragon\www\clinic\clinic\app\Views\errors\html\error_exception.php(14): file_get_contents('C:\\laragon\\www\\...')
#2 C:\laragon\www\clinic\clinic\system\Debug\Exceptions.php(251): include('C:\\laragon\\www\\...')
#3 C:\laragon\www\clinic\clinic\system\Debug\Exceptions.php(254): CodeIgniter\Debug\Exceptions->CodeIgniter\Debug\{closure}()
#4 C:\laragon\www\clinic\clinic\system\Debug\Exceptions.php(138): CodeIgniter\Debug\Exceptions->render(Object(TypeError), 500)
#5 [internal function]: CodeIgniter\Debug\Exceptions->exceptionHandler(Object(TypeError))
#6 {main}
  thrown
in APPPATH\Views\errors\html\error_exception.php on line 14.
 1 [internal function]: CodeIgniter\Debug\Exceptions->shutdownHandler()
CRITICAL - 2022-09-07 05:56:08 --> Call to a member function getTempdata() on null
in APPPATH\Views\login.php on line 7.
 1 SYSTEMPATH\View\View.php(213): include()
 2 SYSTEMPATH\View\View.php(216): CodeIgniter\View\View->CodeIgniter\View\{closure}()
 3 SYSTEMPATH\Common.php(1142): CodeIgniter\View\View->render('login', [], true)
 4 APPPATH\Controllers\MainController.php(10): view('login')
 5 SYSTEMPATH\CodeIgniter.php(904): App\Controllers\MainController->login()
 6 SYSTEMPATH\CodeIgniter.php(457): CodeIgniter\CodeIgniter->runController(Object(App\Controllers\MainController))
 7 SYSTEMPATH\CodeIgniter.php(340): CodeIgniter\CodeIgniter->handleRequest(null, Object(Config\Cache), false)
 8 FCPATH\index.php(67): CodeIgniter\CodeIgniter->run()
CRITICAL - 2022-09-07 05:56:08 --> Uncaught ErrorException: file_get_contents(C:\laragon\www\clinic\clinic\app\Views\errors\html\debug.js): failed to open stream: No such file or directory in C:\laragon\www\clinic\clinic\app\Views\errors\html\error_exception.php:14
Stack trace:
#0 [internal function]: CodeIgniter\Debug\Exceptions->errorHandler(2, 'file_get_conten...', 'C:\\laragon\\www\\...', 14, Array)
#1 C:\laragon\www\clinic\clinic\app\Views\errors\html\error_exception.php(14): file_get_contents('C:\\laragon\\www\\...')
#2 C:\laragon\www\clinic\clinic\system\Debug\Exceptions.php(251): include('C:\\laragon\\www\\...')
#3 C:\laragon\www\clinic\clinic\system\Debug\Exceptions.php(254): CodeIgniter\Debug\Exceptions->CodeIgniter\Debug\{closure}()
#4 C:\laragon\www\clinic\clinic\system\Debug\Exceptions.php(138): CodeIgniter\Debug\Exceptions->render(Object(Error), 500)
#5 [internal function]: CodeIgniter\Debug\Exceptions->exceptionHandler(Object(Error))
#6 {main}
  thrown
in APPPATH\Views\errors\html\error_exception.php on line 14.
 1 [internal function]: CodeIgniter\Debug\Exceptions->shutdownHandler()
CRITICAL - 2022-09-07 05:56:14 --> Call to a member function getTempdata() on null
in APPPATH\Views\login.php on line 7.
 1 SYSTEMPATH\View\View.php(213): include()
 2 SYSTEMPATH\View\View.php(216): CodeIgniter\View\View->CodeIgniter\View\{closure}()
 3 SYSTEMPATH\Common.php(1142): CodeIgniter\View\View->render('login', [], true)
 4 APPPATH\Controllers\MainController.php(10): view('login')
 5 SYSTEMPATH\CodeIgniter.php(904): App\Controllers\MainController->login()
 6 SYSTEMPATH\CodeIgniter.php(457): CodeIgniter\CodeIgniter->runController(Object(App\Controllers\MainController))
 7 SYSTEMPATH\CodeIgniter.php(340): CodeIgniter\CodeIgniter->handleRequest(null, Object(Config\Cache), false)
 8 FCPATH\index.php(67): CodeIgniter\CodeIgniter->run()
CRITICAL - 2022-09-07 05:56:14 --> Uncaught ErrorException: file_get_contents(C:\laragon\www\clinic\clinic\app\Views\errors\html\debug.js): failed to open stream: No such file or directory in C:\laragon\www\clinic\clinic\app\Views\errors\html\error_exception.php:14
Stack trace:
#0 [internal function]: CodeIgniter\Debug\Exceptions->errorHandler(2, 'file_get_conten...', 'C:\\laragon\\www\\...', 14, Array)
#1 C:\laragon\www\clinic\clinic\app\Views\errors\html\error_exception.php(14): file_get_contents('C:\\laragon\\www\\...')
#2 C:\laragon\www\clinic\clinic\system\Debug\Exceptions.php(251): include('C:\\laragon\\www\\...')
#3 C:\laragon\www\clinic\clinic\system\Debug\Exceptions.php(254): CodeIgniter\Debug\Exceptions->CodeIgniter\Debug\{closure}()
#4 C:\laragon\www\clinic\clinic\system\Debug\Exceptions.php(138): CodeIgniter\Debug\Exceptions->render(Object(Error), 500)
#5 [internal function]: CodeIgniter\Debug\Exceptions->exceptionHandler(Object(Error))
#6 {main}
  thrown
in APPPATH\Views\errors\html\error_exception.php on line 14.
 1 [internal function]: CodeIgniter\Debug\Exceptions->shutdownHandler()
CRITICAL - 2022-09-07 06:02:45 --> Call to a member function getTempdata() on null
in APPPATH\Views\login.php on line 7.
 1 SYSTEMPATH\View\View.php(213): include()
 2 SYSTEMPATH\View\View.php(216): CodeIgniter\View\View->CodeIgniter\View\{closure}()
 3 SYSTEMPATH\Common.php(1142): CodeIgniter\View\View->render('login', [], true)
 4 APPPATH\Controllers\MainController.php(10): view('login')
 5 SYSTEMPATH\CodeIgniter.php(904): App\Controllers\MainController->login()
 6 SYSTEMPATH\CodeIgniter.php(457): CodeIgniter\CodeIgniter->runController(Object(App\Controllers\MainController))
 7 SYSTEMPATH\CodeIgniter.php(340): CodeIgniter\CodeIgniter->handleRequest(null, Object(Config\Cache), false)
 8 FCPATH\index.php(67): CodeIgniter\CodeIgniter->run()
CRITICAL - 2022-09-07 06:02:45 --> Uncaught ErrorException: file_get_contents(C:\laragon\www\clinic\clinic\app\Views\errors\html\debug.js): failed to open stream: No such file or directory in C:\laragon\www\clinic\clinic\app\Views\errors\html\error_exception.php:14
Stack trace:
#0 [internal function]: CodeIgniter\Debug\Exceptions->errorHandler(2, 'file_get_conten...', 'C:\\laragon\\www\\...', 14, Array)
#1 C:\laragon\www\clinic\clinic\app\Views\errors\html\error_exception.php(14): file_get_contents('C:\\laragon\\www\\...')
#2 C:\laragon\www\clinic\clinic\system\Debug\Exceptions.php(251): include('C:\\laragon\\www\\...')
#3 C:\laragon\www\clinic\clinic\system\Debug\Exceptions.php(254): CodeIgniter\Debug\Exceptions->CodeIgniter\Debug\{closure}()
#4 C:\laragon\www\clinic\clinic\system\Debug\Exceptions.php(138): CodeIgniter\Debug\Exceptions->render(Object(Error), 500)
#5 [internal function]: CodeIgniter\Debug\Exceptions->exceptionHandler(Object(Error))
#6 {main}
  thrown
in APPPATH\Views\errors\html\error_exception.php on line 14.
 1 [internal function]: CodeIgniter\Debug\Exceptions->shutdownHandler()
CRITICAL - 2022-09-07 08:43:06 --> Class 'App\Model\UserModel' not found
in APPPATH\Controllers\MainController.php on line 14.
 1 SYSTEMPATH\CodeIgniter.php(904): App\Controllers\MainController->auth()
 2 SYSTEMPATH\CodeIgniter.php(457): CodeIgniter\CodeIgniter->runController(Object(App\Controllers\MainController))
 3 SYSTEMPATH\CodeIgniter.php(340): CodeIgniter\CodeIgniter->handleRequest(null, Object(Config\Cache), false)
 4 FCPATH\index.php(67): CodeIgniter\CodeIgniter->run()
CRITICAL - 2022-09-07 08:43:46 --> Class 'App\Model\UserModel' not found
in APPPATH\Controllers\MainController.php on line 14.
 1 SYSTEMPATH\CodeIgniter.php(904): App\Controllers\MainController->auth()
 2 SYSTEMPATH\CodeIgniter.php(457): CodeIgniter\CodeIgniter->runController(Object(App\Controllers\MainController))
 3 SYSTEMPATH\CodeIgniter.php(340): CodeIgniter\CodeIgniter->handleRequest(null, Object(Config\Cache), false)
 4 FCPATH\index.php(67): CodeIgniter\CodeIgniter->run()
CRITICAL - 2022-09-07 08:44:22 --> Class 'App\Model\UserModel' not found
in APPPATH\Controllers\MainController.php on line 14.
 1 SYSTEMPATH\CodeIgniter.php(904): App\Controllers\MainController->auth()
 2 SYSTEMPATH\CodeIgniter.php(457): CodeIgniter\CodeIgniter->runController(Object(App\Controllers\MainController))
 3 SYSTEMPATH\CodeIgniter.php(340): CodeIgniter\CodeIgniter->handleRequest(null, Object(Config\Cache), false)
 4 FCPATH\index.php(67): CodeIgniter\CodeIgniter->run()
CRITICAL - 2022-09-07 08:45:45 --> Class 'App\Model\UserModel' not found
in APPPATH\Controllers\MainController.php on line 14.
 1 SYSTEMPATH\CodeIgniter.php(904): App\Controllers\MainController->auth()
 2 SYSTEMPATH\CodeIgniter.php(457): CodeIgniter\CodeIgniter->runController(Object(App\Controllers\MainController))
 3 SYSTEMPATH\CodeIgniter.php(340): CodeIgniter\CodeIgniter->handleRequest(null, Object(Config\Cache), false)
 4 FCPATH\index.php(67): CodeIgniter\CodeIgniter->run()
CRITICAL - 2022-09-07 08:46:18 --> Class 'App\Model\UserModel' not found
in APPPATH\Controllers\MainController.php on line 14.
 1 SYSTEMPATH\CodeIgniter.php(904): App\Controllers\MainController->auth()
 2 SYSTEMPATH\CodeIgniter.php(457): CodeIgniter\CodeIgniter->runController(Object(App\Controllers\MainController))
 3 SYSTEMPATH\CodeIgniter.php(340): CodeIgniter\CodeIgniter->handleRequest(null, Object(Config\Cache), false)
 4 FCPATH\index.php(67): CodeIgniter\CodeIgniter->run()
CRITICAL - 2022-09-07 08:47:35 --> Declaration of App\Controllers\MainController::validate() must be compatible with CodeIgniter\Controller::validate($rules, array $messages = Array): bool
in APPPATH\Controllers\MainController.php on line 9.
 1 [internal function]: CodeIgniter\Debug\Exceptions->shutdownHandler()
CRITICAL - 2022-09-07 08:54:07 --> syntax error, unexpected ':'
in APPPATH\Controllers\MainController.php on line 26.
 1 SYSTEMPATH\Autoloader\Autoloader.php(259): CodeIgniter\Autoloader\Autoloader->includeFile('APPPATH\\Controllers\\MainController.php')
 2 SYSTEMPATH\Autoloader\Autoloader.php(237): CodeIgniter\Autoloader\Autoloader->loadInNamespace('App\\Controllers\\MainController')
 3 [internal function]: CodeIgniter\Autoloader\Autoloader->loadClass('App\\Controllers\\MainController')
 4 [internal function]: spl_autoload_call('App\\Controllers\\MainController')
 5 SYSTEMPATH\CodeIgniter.php(854): class_exists('\\App\\Controllers\\MainController', true)
 6 SYSTEMPATH\CodeIgniter.php(444): CodeIgniter\CodeIgniter->startController()
 7 SYSTEMPATH\CodeIgniter.php(340): CodeIgniter\CodeIgniter->handleRequest(null, Object(Config\Cache), false)
 8 FCPATH\index.php(67): CodeIgniter\CodeIgniter->run()
CRITICAL - 2022-09-07 08:54:07 --> Uncaught ErrorException: file_get_contents(C:\laragon\www\clinic\clinic\app\Views\errors\html\debug.js): failed to open stream: No such file or directory in C:\laragon\www\clinic\clinic\app\Views\errors\html\error_exception.php:14
Stack trace:
#0 [internal function]: CodeIgniter\Debug\Exceptions->errorHandler(2, 'file_get_conten...', 'C:\\laragon\\www\\...', 14, Array)
#1 C:\laragon\www\clinic\clinic\app\Views\errors\html\error_exception.php(14): file_get_contents('C:\\laragon\\www\\...')
#2 C:\laragon\www\clinic\clinic\system\Debug\Exceptions.php(251): include('C:\\laragon\\www\\...')
#3 C:\laragon\www\clinic\clinic\system\Debug\Exceptions.php(254): CodeIgniter\Debug\Exceptions->CodeIgniter\Debug\{closure}()
#4 C:\laragon\www\clinic\clinic\system\Debug\Exceptions.php(138): CodeIgniter\Debug\Exceptions->render(Object(ParseError), 500)
#5 [internal function]: CodeIgniter\Debug\Exceptions->exceptionHandler(Object(ParseError))
#6 {main}
  thrown
in APPPATH\Views\errors\html\error_exception.php on line 14.
 1 [internal function]: CodeIgniter\Debug\Exceptions->shutdownHandler()
CRITICAL - 2022-09-07 08:54:23 --> syntax error, unexpected ':'
in APPPATH\Controllers\MainController.php on line 26.
 1 SYSTEMPATH\Autoloader\Autoloader.php(259): CodeIgniter\Autoloader\Autoloader->includeFile('APPPATH\\Controllers\\MainController.php')
 2 SYSTEMPATH\Autoloader\Autoloader.php(237): CodeIgniter\Autoloader\Autoloader->loadInNamespace('App\\Controllers\\MainController')
 3 [internal function]: CodeIgniter\Autoloader\Autoloader->loadClass('App\\Controllers\\MainController')
 4 [internal function]: spl_autoload_call('App\\Controllers\\MainController')
 5 SYSTEMPATH\CodeIgniter.php(854): class_exists('\\App\\Controllers\\MainController', true)
 6 SYSTEMPATH\CodeIgniter.php(444): CodeIgniter\CodeIgniter->startController()
 7 SYSTEMPATH\CodeIgniter.php(340): CodeIgniter\CodeIgniter->handleRequest(null, Object(Config\Cache), false)
 8 FCPATH\index.php(67): CodeIgniter\CodeIgniter->run()
CRITICAL - 2022-09-07 08:54:23 --> Uncaught ErrorException: file_get_contents(C:\laragon\www\clinic\clinic\app\Views\errors\html\debug.js): failed to open stream: No such file or directory in C:\laragon\www\clinic\clinic\app\Views\errors\html\error_exception.php:14
Stack trace:
#0 [internal function]: CodeIgniter\Debug\Exceptions->errorHandler(2, 'file_get_conten...', 'C:\\laragon\\www\\...', 14, Array)
#1 C:\laragon\www\clinic\clinic\app\Views\errors\html\error_exception.php(14): file_get_contents('C:\\laragon\\www\\...')
#2 C:\laragon\www\clinic\clinic\system\Debug\Exceptions.php(251): include('C:\\laragon\\www\\...')
#3 C:\laragon\www\clinic\clinic\system\Debug\Exceptions.php(254): CodeIgniter\Debug\Exceptions->CodeIgniter\Debug\{closure}()
#4 C:\laragon\www\clinic\clinic\system\Debug\Exceptions.php(138): CodeIgniter\Debug\Exceptions->render(Object(ParseError), 500)
#5 [internal function]: CodeIgniter\Debug\Exceptions->exceptionHandler(Object(ParseError))
#6 {main}
  thrown
in APPPATH\Views\errors\html\error_exception.php on line 14.
 1 [internal function]: CodeIgniter\Debug\Exceptions->shutdownHandler()
CRITICAL - 2022-09-07 08:54:30 --> syntax error, unexpected ':'
in APPPATH\Controllers\MainController.php on line 26.
 1 SYSTEMPATH\Autoloader\Autoloader.php(259): CodeIgniter\Autoloader\Autoloader->includeFile('APPPATH\\Controllers\\MainController.php')
 2 SYSTEMPATH\Autoloader\Autoloader.php(237): CodeIgniter\Autoloader\Autoloader->loadInNamespace('App\\Controllers\\MainController')
 3 [internal function]: CodeIgniter\Autoloader\Autoloader->loadClass('App\\Controllers\\MainController')
 4 [internal function]: spl_autoload_call('App\\Controllers\\MainController')
 5 SYSTEMPATH\CodeIgniter.php(854): class_exists('\\App\\Controllers\\MainController', true)
 6 SYSTEMPATH\CodeIgniter.php(444): CodeIgniter\CodeIgniter->startController()
 7 SYSTEMPATH\CodeIgniter.php(340): CodeIgniter\CodeIgniter->handleRequest(null, Object(Config\Cache), false)
 8 FCPATH\index.php(67): CodeIgniter\CodeIgniter->run()
CRITICAL - 2022-09-07 08:54:30 --> Uncaught ErrorException: file_get_contents(C:\laragon\www\clinic\clinic\app\Views\errors\html\debug.js): failed to open stream: No such file or directory in C:\laragon\www\clinic\clinic\app\Views\errors\html\error_exception.php:14
Stack trace:
#0 [internal function]: CodeIgniter\Debug\Exceptions->errorHandler(2, 'file_get_conten...', 'C:\\laragon\\www\\...', 14, Array)
#1 C:\laragon\www\clinic\clinic\app\Views\errors\html\error_exception.php(14): file_get_contents('C:\\laragon\\www\\...')
#2 C:\laragon\www\clinic\clinic\system\Debug\Exceptions.php(251): include('C:\\laragon\\www\\...')
#3 C:\laragon\www\clinic\clinic\system\Debug\Exceptions.php(254): CodeIgniter\Debug\Exceptions->CodeIgniter\Debug\{closure}()
#4 C:\laragon\www\clinic\clinic\system\Debug\Exceptions.php(138): CodeIgniter\Debug\Exceptions->render(Object(ParseError), 500)
#5 [internal function]: CodeIgniter\Debug\Exceptions->exceptionHandler(Object(ParseError))
#6 {main}
  thrown
in APPPATH\Views\errors\html\error_exception.php on line 14.
 1 [internal function]: CodeIgniter\Debug\Exceptions->shutdownHandler()
CRITICAL - 2022-09-07 08:54:38 --> syntax error, unexpected ':'
in APPPATH\Controllers\MainController.php on line 26.
 1 SYSTEMPATH\Autoloader\Autoloader.php(259): CodeIgniter\Autoloader\Autoloader->includeFile('APPPATH\\Controllers\\MainController.php')
 2 SYSTEMPATH\Autoloader\Autoloader.php(237): CodeIgniter\Autoloader\Autoloader->loadInNamespace('App\\Controllers\\MainController')
 3 [internal function]: CodeIgniter\Autoloader\Autoloader->loadClass('App\\Controllers\\MainController')
 4 [internal function]: spl_autoload_call('App\\Controllers\\MainController')
 5 SYSTEMPATH\CodeIgniter.php(854): class_exists('\\App\\Controllers\\MainController', true)
 6 SYSTEMPATH\CodeIgniter.php(444): CodeIgniter\CodeIgniter->startController()
 7 SYSTEMPATH\CodeIgniter.php(340): CodeIgniter\CodeIgniter->handleRequest(null, Object(Config\Cache), false)
 8 FCPATH\index.php(67): CodeIgniter\CodeIgniter->run()
CRITICAL - 2022-09-07 08:54:38 --> Uncaught ErrorException: file_get_contents(C:\laragon\www\clinic\clinic\app\Views\errors\html\debug.js): failed to open stream: No such file or directory in C:\laragon\www\clinic\clinic\app\Views\errors\html\error_exception.php:14
Stack trace:
#0 [internal function]: CodeIgniter\Debug\Exceptions->errorHandler(2, 'file_get_conten...', 'C:\\laragon\\www\\...', 14, Array)
#1 C:\laragon\www\clinic\clinic\app\Views\errors\html\error_exception.php(14): file_get_contents('C:\\laragon\\www\\...')
#2 C:\laragon\www\clinic\clinic\system\Debug\Exceptions.php(251): include('C:\\laragon\\www\\...')
#3 C:\laragon\www\clinic\clinic\system\Debug\Exceptions.php(254): CodeIgniter\Debug\Exceptions->CodeIgniter\Debug\{closure}()
#4 C:\laragon\www\clinic\clinic\system\Debug\Exceptions.php(138): CodeIgniter\Debug\Exceptions->render(Object(ParseError), 500)
#5 [internal function]: CodeIgniter\Debug\Exceptions->exceptionHandler(Object(ParseError))
#6 {main}
  thrown
in APPPATH\Views\errors\html\error_exception.php on line 14.
 1 [internal function]: CodeIgniter\Debug\Exceptions->shutdownHandler()
CRITICAL - 2022-09-07 08:54:51 --> syntax error, unexpected ':'
in APPPATH\Controllers\MainController.php on line 26.
 1 SYSTEMPATH\Autoloader\Autoloader.php(259): CodeIgniter\Autoloader\Autoloader->includeFile('APPPATH\\Controllers\\MainController.php')
 2 SYSTEMPATH\Autoloader\Autoloader.php(237): CodeIgniter\Autoloader\Autoloader->loadInNamespace('App\\Controllers\\MainController')
 3 [internal function]: CodeIgniter\Autoloader\Autoloader->loadClass('App\\Controllers\\MainController')
 4 [internal function]: spl_autoload_call('App\\Controllers\\MainController')
 5 SYSTEMPATH\CodeIgniter.php(854): class_exists('\\App\\Controllers\\MainController', true)
 6 SYSTEMPATH\CodeIgniter.php(444): CodeIgniter\CodeIgniter->startController()
 7 SYSTEMPATH\CodeIgniter.php(340): CodeIgniter\CodeIgniter->handleRequest(null, Object(Config\Cache), false)
 8 FCPATH\index.php(67): CodeIgniter\CodeIgniter->run()
CRITICAL - 2022-09-07 08:54:51 --> Uncaught ErrorException: file_get_contents(C:\laragon\www\clinic\clinic\app\Views\errors\html\debug.js): failed to open stream: No such file or directory in C:\laragon\www\clinic\clinic\app\Views\errors\html\error_exception.php:14
Stack trace:
#0 [internal function]: CodeIgniter\Debug\Exceptions->errorHandler(2, 'file_get_conten...', 'C:\\laragon\\www\\...', 14, Array)
#1 C:\laragon\www\clinic\clinic\app\Views\errors\html\error_exception.php(14): file_get_contents('C:\\laragon\\www\\...')
#2 C:\laragon\www\clinic\clinic\system\Debug\Exceptions.php(251): include('C:\\laragon\\www\\...')
#3 C:\laragon\www\clinic\clinic\system\Debug\Exceptions.php(254): CodeIgniter\Debug\Exceptions->CodeIgniter\Debug\{closure}()
#4 C:\laragon\www\clinic\clinic\system\Debug\Exceptions.php(138): CodeIgniter\Debug\Exceptions->render(Object(ParseError), 500)
#5 [internal function]: CodeIgniter\Debug\Exceptions->exceptionHandler(Object(ParseError))
#6 {main}
  thrown
in APPPATH\Views\errors\html\error_exception.php on line 14.
 1 [internal function]: CodeIgniter\Debug\Exceptions->shutdownHandler()
CRITICAL - 2022-09-07 08:54:56 --> syntax error, unexpected ':'
in APPPATH\Controllers\MainController.php on line 26.
 1 SYSTEMPATH\Autoloader\Autoloader.php(259): CodeIgniter\Autoloader\Autoloader->includeFile('APPPATH\\Controllers\\MainController.php')
 2 SYSTEMPATH\Autoloader\Autoloader.php(237): CodeIgniter\Autoloader\Autoloader->loadInNamespace('App\\Controllers\\MainController')
 3 [internal function]: CodeIgniter\Autoloader\Autoloader->loadClass('App\\Controllers\\MainController')
 4 [internal function]: spl_autoload_call('App\\Controllers\\MainController')
 5 SYSTEMPATH\CodeIgniter.php(854): class_exists('\\App\\Controllers\\MainController', true)
 6 SYSTEMPATH\CodeIgniter.php(444): CodeIgniter\CodeIgniter->startController()
 7 SYSTEMPATH\CodeIgniter.php(340): CodeIgniter\CodeIgniter->handleRequest(null, Object(Config\Cache), false)
 8 FCPATH\index.php(67): CodeIgniter\CodeIgniter->run()
CRITICAL - 2022-09-07 08:54:56 --> Uncaught ErrorException: file_get_contents(C:\laragon\www\clinic\clinic\app\Views\errors\html\debug.js): failed to open stream: No such file or directory in C:\laragon\www\clinic\clinic\app\Views\errors\html\error_exception.php:14
Stack trace:
#0 [internal function]: CodeIgniter\Debug\Exceptions->errorHandler(2, 'file_get_conten...', 'C:\\laragon\\www\\...', 14, Array)
#1 C:\laragon\www\clinic\clinic\app\Views\errors\html\error_exception.php(14): file_get_contents('C:\\laragon\\www\\...')
#2 C:\laragon\www\clinic\clinic\system\Debug\Exceptions.php(251): include('C:\\laragon\\www\\...')
#3 C:\laragon\www\clinic\clinic\system\Debug\Exceptions.php(254): CodeIgniter\Debug\Exceptions->CodeIgniter\Debug\{closure}()
#4 C:\laragon\www\clinic\clinic\system\Debug\Exceptions.php(138): CodeIgniter\Debug\Exceptions->render(Object(ParseError), 500)
#5 [internal function]: CodeIgniter\Debug\Exceptions->exceptionHandler(Object(ParseError))
#6 {main}
  thrown
in APPPATH\Views\errors\html\error_exception.php on line 14.
 1 [internal function]: CodeIgniter\Debug\Exceptions->shutdownHandler()
CRITICAL - 2022-09-07 08:55:02 --> syntax error, unexpected ':'
in APPPATH\Controllers\MainController.php on line 26.
 1 SYSTEMPATH\Autoloader\Autoloader.php(259): CodeIgniter\Autoloader\Autoloader->includeFile('APPPATH\\Controllers\\MainController.php')
 2 SYSTEMPATH\Autoloader\Autoloader.php(237): CodeIgniter\Autoloader\Autoloader->loadInNamespace('App\\Controllers\\MainController')
 3 [internal function]: CodeIgniter\Autoloader\Autoloader->loadClass('App\\Controllers\\MainController')
 4 [internal function]: spl_autoload_call('App\\Controllers\\MainController')
 5 SYSTEMPATH\CodeIgniter.php(854): class_exists('\\App\\Controllers\\MainController', true)
 6 SYSTEMPATH\CodeIgniter.php(444): CodeIgniter\CodeIgniter->startController()
 7 SYSTEMPATH\CodeIgniter.php(340): CodeIgniter\CodeIgniter->handleRequest(null, Object(Config\Cache), false)
 8 FCPATH\index.php(67): CodeIgniter\CodeIgniter->run()
CRITICAL - 2022-09-07 08:55:02 --> Uncaught ErrorException: file_get_contents(C:\laragon\www\clinic\clinic\app\Views\errors\html\debug.js): failed to open stream: No such file or directory in C:\laragon\www\clinic\clinic\app\Views\errors\html\error_exception.php:14
Stack trace:
#0 [internal function]: CodeIgniter\Debug\Exceptions->errorHandler(2, 'file_get_conten...', 'C:\\laragon\\www\\...', 14, Array)
#1 C:\laragon\www\clinic\clinic\app\Views\errors\html\error_exception.php(14): file_get_contents('C:\\laragon\\www\\...')
#2 C:\laragon\www\clinic\clinic\system\Debug\Exceptions.php(251): include('C:\\laragon\\www\\...')
#3 C:\laragon\www\clinic\clinic\system\Debug\Exceptions.php(254): CodeIgniter\Debug\Exceptions->CodeIgniter\Debug\{closure}()
#4 C:\laragon\www\clinic\clinic\system\Debug\Exceptions.php(138): CodeIgniter\Debug\Exceptions->render(Object(ParseError), 500)
#5 [internal function]: CodeIgniter\Debug\Exceptions->exceptionHandler(Object(ParseError))
#6 {main}
  thrown
in APPPATH\Views\errors\html\error_exception.php on line 14.
 1 [internal function]: CodeIgniter\Debug\Exceptions->shutdownHandler()
