ERROR - 2022-09-04 00:06:29 --> mysqli_sql_exception: Unknown column 'medicine' in 'where clause' in C:\laragon\www\clinic\clinic\system\Database\MySQLi\Connection.php:292
Stack trace:
#0 C:\laragon\www\clinic\clinic\system\Database\MySQLi\Connection.php(292): mysqli->query('SELECT *\nFROM `...', 0)
#1 C:\laragon\www\clinic\clinic\system\Database\BaseConnection.php(693): CodeIgniter\Database\MySQLi\Connection->execute('SELECT *\nFROM `...')
#2 C:\laragon\www\clinic\clinic\system\Database\BaseConnection.php(620): CodeIgniter\Database\BaseConnection->simpleQuery('SELECT *\nFROM `...')
#3 C:\laragon\www\clinic\clinic\system\Database\BaseBuilder.php(1585): CodeIgniter\Database\BaseConnection->query('SELECT *\nFROM `...', Array, false)
#4 C:\laragon\www\clinic\clinic\system\Model.php(223): CodeIgniter\Database\BaseBuilder->get()
#5 C:\laragon\www\clinic\clinic\system\BaseModel.php(584): CodeIgniter\Model->doFindAll(0, 0)
#6 C:\laragon\www\clinic\clinic\app\Controllers\ClinicController.php(13): CodeIgniter\BaseModel->findAll()
#7 C:\laragon\www\clinic\clinic\system\CodeIgniter.php(904): App\Controllers\ClinicController->history('1')
#8 C:\laragon\www\clinic\clinic\system\CodeIgniter.php(457): CodeIgniter\CodeIgniter->runController(Object(App\Controllers\ClinicController))
#9 C:\laragon\www\clinic\clinic\system\CodeIgniter.php(340): CodeIgniter\CodeIgniter->handleRequest(NULL, Object(Config\Cache), false)
#10 C:\laragon\www\clinic\index.php(67): CodeIgniter\CodeIgniter->run()
#11 {main}
CRITICAL - 2022-09-04 00:06:29 --> Call to a member function getResult() on bool
in SYSTEMPATH\Model.php on line 224.
 1 SYSTEMPATH\BaseModel.php(584): CodeIgniter\Model->doFindAll(0, 0)
 2 APPPATH\Controllers\ClinicController.php(13): CodeIgniter\BaseModel->findAll()
 3 SYSTEMPATH\CodeIgniter.php(904): App\Controllers\ClinicController->history('1')
 4 SYSTEMPATH\CodeIgniter.php(457): CodeIgniter\CodeIgniter->runController(Object(App\Controllers\ClinicController))
 5 SYSTEMPATH\CodeIgniter.php(340): CodeIgniter\CodeIgniter->handleRequest(null, Object(Config\Cache), false)
 6 FCPATH\index.php(67): CodeIgniter\CodeIgniter->run()
CRITICAL - 2022-09-04 00:06:29 --> Uncaught ErrorException: file_get_contents(C:\laragon\www\clinic\clinic\app\Views\errors\html\debug.js): failed to open stream: No such file or directory in C:\laragon\www\clinic\clinic\app\Views\errors\html\error_exception.php:14
Stack trace:
#0 [internal function]: CodeIgniter\Debug\Exceptions->errorHandler(2, 'file_get_conten...', 'C:\\laragon\\www\\...', 14, Array)
#1 C:\laragon\www\clinic\clinic\app\Views\errors\html\error_exception.php(14): file_get_contents('C:\\laragon\\www\\...')
#2 C:\laragon\www\clinic\clinic\system\Debug\Exceptions.php(251): include('C:\\laragon\\www\\...')
#3 C:\laragon\www\clinic\clinic\system\Debug\Exceptions.php(254): CodeIgniter\Debug\Exceptions->CodeIgniter\Debug\{closure}()
#4 C:\laragon\www\clinic\clinic\system\Debug\Exceptions.php(138): CodeIgniter\Debug\Exceptions->render(Object(Error), 500)
#5 [internal function]: CodeIgniter\Debug\Exceptions->exceptionHandler(Object(Error))
#6 {main}
  thrown
in APPPATH\Views\errors\html\error_exception.php on line 14.
 1 [internal function]: CodeIgniter\Debug\Exceptions->shutdownHandler()
ERROR - 2022-09-04 00:06:31 --> mysqli_sql_exception: Unknown column 'medicine' in 'where clause' in C:\laragon\www\clinic\clinic\system\Database\MySQLi\Connection.php:292
Stack trace:
#0 C:\laragon\www\clinic\clinic\system\Database\MySQLi\Connection.php(292): mysqli->query('SELECT *\nFROM `...', 0)
#1 C:\laragon\www\clinic\clinic\system\Database\BaseConnection.php(693): CodeIgniter\Database\MySQLi\Connection->execute('SELECT *\nFROM `...')
#2 C:\laragon\www\clinic\clinic\system\Database\BaseConnection.php(620): CodeIgniter\Database\BaseConnection->simpleQuery('SELECT *\nFROM `...')
#3 C:\laragon\www\clinic\clinic\system\Database\BaseBuilder.php(1585): CodeIgniter\Database\BaseConnection->query('SELECT *\nFROM `...', Array, false)
#4 C:\laragon\www\clinic\clinic\system\Model.php(223): CodeIgniter\Database\BaseBuilder->get()
#5 C:\laragon\www\clinic\clinic\system\BaseModel.php(584): CodeIgniter\Model->doFindAll(0, 0)
#6 C:\laragon\www\clinic\clinic\app\Controllers\ClinicController.php(13): CodeIgniter\BaseModel->findAll()
#7 C:\laragon\www\clinic\clinic\system\CodeIgniter.php(904): App\Controllers\ClinicController->history('1')
#8 C:\laragon\www\clinic\clinic\system\CodeIgniter.php(457): CodeIgniter\CodeIgniter->runController(Object(App\Controllers\ClinicController))
#9 C:\laragon\www\clinic\clinic\system\CodeIgniter.php(340): CodeIgniter\CodeIgniter->handleRequest(NULL, Object(Config\Cache), false)
#10 C:\laragon\www\clinic\index.php(67): CodeIgniter\CodeIgniter->run()
#11 {main}
CRITICAL - 2022-09-04 00:06:31 --> Call to a member function getResult() on bool
in SYSTEMPATH\Model.php on line 224.
 1 SYSTEMPATH\BaseModel.php(584): CodeIgniter\Model->doFindAll(0, 0)
 2 APPPATH\Controllers\ClinicController.php(13): CodeIgniter\BaseModel->findAll()
 3 SYSTEMPATH\CodeIgniter.php(904): App\Controllers\ClinicController->history('1')
 4 SYSTEMPATH\CodeIgniter.php(457): CodeIgniter\CodeIgniter->runController(Object(App\Controllers\ClinicController))
 5 SYSTEMPATH\CodeIgniter.php(340): CodeIgniter\CodeIgniter->handleRequest(null, Object(Config\Cache), false)
 6 FCPATH\index.php(67): CodeIgniter\CodeIgniter->run()
CRITICAL - 2022-09-04 00:06:31 --> Uncaught ErrorException: file_get_contents(C:\laragon\www\clinic\clinic\app\Views\errors\html\debug.js): failed to open stream: No such file or directory in C:\laragon\www\clinic\clinic\app\Views\errors\html\error_exception.php:14
Stack trace:
#0 [internal function]: CodeIgniter\Debug\Exceptions->errorHandler(2, 'file_get_conten...', 'C:\\laragon\\www\\...', 14, Array)
#1 C:\laragon\www\clinic\clinic\app\Views\errors\html\error_exception.php(14): file_get_contents('C:\\laragon\\www\\...')
#2 C:\laragon\www\clinic\clinic\system\Debug\Exceptions.php(251): include('C:\\laragon\\www\\...')
#3 C:\laragon\www\clinic\clinic\system\Debug\Exceptions.php(254): CodeIgniter\Debug\Exceptions->CodeIgniter\Debug\{closure}()
#4 C:\laragon\www\clinic\clinic\system\Debug\Exceptions.php(138): CodeIgniter\Debug\Exceptions->render(Object(Error), 500)
#5 [internal function]: CodeIgniter\Debug\Exceptions->exceptionHandler(Object(Error))
#6 {main}
  thrown
in APPPATH\Views\errors\html\error_exception.php on line 14.
 1 [internal function]: CodeIgniter\Debug\Exceptions->shutdownHandler()
ERROR - 2022-09-04 00:06:41 --> mysqli_sql_exception: Unknown column 'medicine' in 'where clause' in C:\laragon\www\clinic\clinic\system\Database\MySQLi\Connection.php:292
Stack trace:
#0 C:\laragon\www\clinic\clinic\system\Database\MySQLi\Connection.php(292): mysqli->query('SELECT *\nFROM `...', 0)
#1 C:\laragon\www\clinic\clinic\system\Database\BaseConnection.php(693): CodeIgniter\Database\MySQLi\Connection->execute('SELECT *\nFROM `...')
#2 C:\laragon\www\clinic\clinic\system\Database\BaseConnection.php(620): CodeIgniter\Database\BaseConnection->simpleQuery('SELECT *\nFROM `...')
#3 C:\laragon\www\clinic\clinic\system\Database\BaseBuilder.php(1585): CodeIgniter\Database\BaseConnection->query('SELECT *\nFROM `...', Array, false)
#4 C:\laragon\www\clinic\clinic\system\Model.php(223): CodeIgniter\Database\BaseBuilder->get()
#5 C:\laragon\www\clinic\clinic\system\BaseModel.php(584): CodeIgniter\Model->doFindAll(0, 0)
#6 C:\laragon\www\clinic\clinic\app\Controllers\ClinicController.php(13): CodeIgniter\BaseModel->findAll()
#7 C:\laragon\www\clinic\clinic\system\CodeIgniter.php(904): App\Controllers\ClinicController->history('1')
#8 C:\laragon\www\clinic\clinic\system\CodeIgniter.php(457): CodeIgniter\CodeIgniter->runController(Object(App\Controllers\ClinicController))
#9 C:\laragon\www\clinic\clinic\system\CodeIgniter.php(340): CodeIgniter\CodeIgniter->handleRequest(NULL, Object(Config\Cache), false)
#10 C:\laragon\www\clinic\index.php(67): CodeIgniter\CodeIgniter->run()
#11 {main}
CRITICAL - 2022-09-04 00:06:41 --> Call to a member function getResult() on bool
in SYSTEMPATH\Model.php on line 224.
 1 SYSTEMPATH\BaseModel.php(584): CodeIgniter\Model->doFindAll(0, 0)
 2 APPPATH\Controllers\ClinicController.php(13): CodeIgniter\BaseModel->findAll()
 3 SYSTEMPATH\CodeIgniter.php(904): App\Controllers\ClinicController->history('1')
 4 SYSTEMPATH\CodeIgniter.php(457): CodeIgniter\CodeIgniter->runController(Object(App\Controllers\ClinicController))
 5 SYSTEMPATH\CodeIgniter.php(340): CodeIgniter\CodeIgniter->handleRequest(null, Object(Config\Cache), false)
 6 FCPATH\index.php(67): CodeIgniter\CodeIgniter->run()
CRITICAL - 2022-09-04 00:06:41 --> Uncaught ErrorException: file_get_contents(C:\laragon\www\clinic\clinic\app\Views\errors\html\debug.js): failed to open stream: No such file or directory in C:\laragon\www\clinic\clinic\app\Views\errors\html\error_exception.php:14
Stack trace:
#0 [internal function]: CodeIgniter\Debug\Exceptions->errorHandler(2, 'file_get_conten...', 'C:\\laragon\\www\\...', 14, Array)
#1 C:\laragon\www\clinic\clinic\app\Views\errors\html\error_exception.php(14): file_get_contents('C:\\laragon\\www\\...')
#2 C:\laragon\www\clinic\clinic\system\Debug\Exceptions.php(251): include('C:\\laragon\\www\\...')
#3 C:\laragon\www\clinic\clinic\system\Debug\Exceptions.php(254): CodeIgniter\Debug\Exceptions->CodeIgniter\Debug\{closure}()
#4 C:\laragon\www\clinic\clinic\system\Debug\Exceptions.php(138): CodeIgniter\Debug\Exceptions->render(Object(Error), 500)
#5 [internal function]: CodeIgniter\Debug\Exceptions->exceptionHandler(Object(Error))
#6 {main}
  thrown
in APPPATH\Views\errors\html\error_exception.php on line 14.
 1 [internal function]: CodeIgniter\Debug\Exceptions->shutdownHandler()
ERROR - 2022-09-04 00:06:46 --> mysqli_sql_exception: Unknown column 'medicine' in 'where clause' in C:\laragon\www\clinic\clinic\system\Database\MySQLi\Connection.php:292
Stack trace:
#0 C:\laragon\www\clinic\clinic\system\Database\MySQLi\Connection.php(292): mysqli->query('SELECT *\nFROM `...', 0)
#1 C:\laragon\www\clinic\clinic\system\Database\BaseConnection.php(693): CodeIgniter\Database\MySQLi\Connection->execute('SELECT *\nFROM `...')
#2 C:\laragon\www\clinic\clinic\system\Database\BaseConnection.php(620): CodeIgniter\Database\BaseConnection->simpleQuery('SELECT *\nFROM `...')
#3 C:\laragon\www\clinic\clinic\system\Database\BaseBuilder.php(1585): CodeIgniter\Database\BaseConnection->query('SELECT *\nFROM `...', Array, false)
#4 C:\laragon\www\clinic\clinic\system\Model.php(223): CodeIgniter\Database\BaseBuilder->get()
#5 C:\laragon\www\clinic\clinic\system\BaseModel.php(584): CodeIgniter\Model->doFindAll(0, 0)
#6 C:\laragon\www\clinic\clinic\app\Controllers\ClinicController.php(13): CodeIgniter\BaseModel->findAll()
#7 C:\laragon\www\clinic\clinic\system\CodeIgniter.php(904): App\Controllers\ClinicController->history('1')
#8 C:\laragon\www\clinic\clinic\system\CodeIgniter.php(457): CodeIgniter\CodeIgniter->runController(Object(App\Controllers\ClinicController))
#9 C:\laragon\www\clinic\clinic\system\CodeIgniter.php(340): CodeIgniter\CodeIgniter->handleRequest(NULL, Object(Config\Cache), false)
#10 C:\laragon\www\clinic\index.php(67): CodeIgniter\CodeIgniter->run()
#11 {main}
CRITICAL - 2022-09-04 00:06:46 --> Call to a member function getResult() on bool
in SYSTEMPATH\Model.php on line 224.
 1 SYSTEMPATH\BaseModel.php(584): CodeIgniter\Model->doFindAll(0, 0)
 2 APPPATH\Controllers\ClinicController.php(13): CodeIgniter\BaseModel->findAll()
 3 SYSTEMPATH\CodeIgniter.php(904): App\Controllers\ClinicController->history('1')
 4 SYSTEMPATH\CodeIgniter.php(457): CodeIgniter\CodeIgniter->runController(Object(App\Controllers\ClinicController))
 5 SYSTEMPATH\CodeIgniter.php(340): CodeIgniter\CodeIgniter->handleRequest(null, Object(Config\Cache), false)
 6 FCPATH\index.php(67): CodeIgniter\CodeIgniter->run()
CRITICAL - 2022-09-04 00:06:46 --> Uncaught ErrorException: file_get_contents(C:\laragon\www\clinic\clinic\app\Views\errors\html\debug.js): failed to open stream: No such file or directory in C:\laragon\www\clinic\clinic\app\Views\errors\html\error_exception.php:14
Stack trace:
#0 [internal function]: CodeIgniter\Debug\Exceptions->errorHandler(2, 'file_get_conten...', 'C:\\laragon\\www\\...', 14, Array)
#1 C:\laragon\www\clinic\clinic\app\Views\errors\html\error_exception.php(14): file_get_contents('C:\\laragon\\www\\...')
#2 C:\laragon\www\clinic\clinic\system\Debug\Exceptions.php(251): include('C:\\laragon\\www\\...')
#3 C:\laragon\www\clinic\clinic\system\Debug\Exceptions.php(254): CodeIgniter\Debug\Exceptions->CodeIgniter\Debug\{closure}()
#4 C:\laragon\www\clinic\clinic\system\Debug\Exceptions.php(138): CodeIgniter\Debug\Exceptions->render(Object(Error), 500)
#5 [internal function]: CodeIgniter\Debug\Exceptions->exceptionHandler(Object(Error))
#6 {main}
  thrown
in APPPATH\Views\errors\html\error_exception.php on line 14.
 1 [internal function]: CodeIgniter\Debug\Exceptions->shutdownHandler()
ERROR - 2022-09-04 00:06:54 --> mysqli_sql_exception: Unknown column 'medicine' in 'where clause' in C:\laragon\www\clinic\clinic\system\Database\MySQLi\Connection.php:292
Stack trace:
#0 C:\laragon\www\clinic\clinic\system\Database\MySQLi\Connection.php(292): mysqli->query('SELECT *\nFROM `...', 0)
#1 C:\laragon\www\clinic\clinic\system\Database\BaseConnection.php(693): CodeIgniter\Database\MySQLi\Connection->execute('SELECT *\nFROM `...')
#2 C:\laragon\www\clinic\clinic\system\Database\BaseConnection.php(620): CodeIgniter\Database\BaseConnection->simpleQuery('SELECT *\nFROM `...')
#3 C:\laragon\www\clinic\clinic\system\Database\BaseBuilder.php(1585): CodeIgniter\Database\BaseConnection->query('SELECT *\nFROM `...', Array, false)
#4 C:\laragon\www\clinic\clinic\system\Model.php(223): CodeIgniter\Database\BaseBuilder->get()
#5 C:\laragon\www\clinic\clinic\system\BaseModel.php(584): CodeIgniter\Model->doFindAll(0, 0)
#6 C:\laragon\www\clinic\clinic\app\Controllers\ClinicController.php(13): CodeIgniter\BaseModel->findAll()
#7 C:\laragon\www\clinic\clinic\system\CodeIgniter.php(904): App\Controllers\ClinicController->history('1')
#8 C:\laragon\www\clinic\clinic\system\CodeIgniter.php(457): CodeIgniter\CodeIgniter->runController(Object(App\Controllers\ClinicController))
#9 C:\laragon\www\clinic\clinic\system\CodeIgniter.php(340): CodeIgniter\CodeIgniter->handleRequest(NULL, Object(Config\Cache), false)
#10 C:\laragon\www\clinic\index.php(67): CodeIgniter\CodeIgniter->run()
#11 {main}
CRITICAL - 2022-09-04 00:06:54 --> Call to a member function getResult() on bool
in SYSTEMPATH\Model.php on line 224.
 1 SYSTEMPATH\BaseModel.php(584): CodeIgniter\Model->doFindAll(0, 0)
 2 APPPATH\Controllers\ClinicController.php(13): CodeIgniter\BaseModel->findAll()
 3 SYSTEMPATH\CodeIgniter.php(904): App\Controllers\ClinicController->history('1')
 4 SYSTEMPATH\CodeIgniter.php(457): CodeIgniter\CodeIgniter->runController(Object(App\Controllers\ClinicController))
 5 SYSTEMPATH\CodeIgniter.php(340): CodeIgniter\CodeIgniter->handleRequest(null, Object(Config\Cache), false)
 6 FCPATH\index.php(67): CodeIgniter\CodeIgniter->run()
CRITICAL - 2022-09-04 00:06:54 --> Uncaught ErrorException: file_get_contents(C:\laragon\www\clinic\clinic\app\Views\errors\html\debug.js): failed to open stream: No such file or directory in C:\laragon\www\clinic\clinic\app\Views\errors\html\error_exception.php:14
Stack trace:
#0 [internal function]: CodeIgniter\Debug\Exceptions->errorHandler(2, 'file_get_conten...', 'C:\\laragon\\www\\...', 14, Array)
#1 C:\laragon\www\clinic\clinic\app\Views\errors\html\error_exception.php(14): file_get_contents('C:\\laragon\\www\\...')
#2 C:\laragon\www\clinic\clinic\system\Debug\Exceptions.php(251): include('C:\\laragon\\www\\...')
#3 C:\laragon\www\clinic\clinic\system\Debug\Exceptions.php(254): CodeIgniter\Debug\Exceptions->CodeIgniter\Debug\{closure}()
#4 C:\laragon\www\clinic\clinic\system\Debug\Exceptions.php(138): CodeIgniter\Debug\Exceptions->render(Object(Error), 500)
#5 [internal function]: CodeIgniter\Debug\Exceptions->exceptionHandler(Object(Error))
#6 {main}
  thrown
in APPPATH\Views\errors\html\error_exception.php on line 14.
 1 [internal function]: CodeIgniter\Debug\Exceptions->shutdownHandler()
CRITICAL - 2022-09-04 07:55:17 --> Call to a member function setFlashdata() on null
in APPPATH\Controllers\ClinicController.php on line 24.
 1 SYSTEMPATH\CodeIgniter.php(904): App\Controllers\ClinicController->updatemed()
 2 SYSTEMPATH\CodeIgniter.php(457): CodeIgniter\CodeIgniter->runController(Object(App\Controllers\ClinicController))
 3 SYSTEMPATH\CodeIgniter.php(340): CodeIgniter\CodeIgniter->handleRequest(null, Object(Config\Cache), false)
 4 FCPATH\index.php(67): CodeIgniter\CodeIgniter->run()
CRITICAL - 2022-09-04 07:55:17 --> Uncaught ErrorException: file_get_contents(C:\laragon\www\clinic\clinic\app\Views\errors\html\debug.js): failed to open stream: No such file or directory in C:\laragon\www\clinic\clinic\app\Views\errors\html\error_exception.php:14
Stack trace:
#0 [internal function]: CodeIgniter\Debug\Exceptions->errorHandler(2, 'file_get_conten...', 'C:\\laragon\\www\\...', 14, Array)
#1 C:\laragon\www\clinic\clinic\app\Views\errors\html\error_exception.php(14): file_get_contents('C:\\laragon\\www\\...')
#2 C:\laragon\www\clinic\clinic\system\Debug\Exceptions.php(251): include('C:\\laragon\\www\\...')
#3 C:\laragon\www\clinic\clinic\system\Debug\Exceptions.php(254): CodeIgniter\Debug\Exceptions->CodeIgniter\Debug\{closure}()
#4 C:\laragon\www\clinic\clinic\system\Debug\Exceptions.php(138): CodeIgniter\Debug\Exceptions->render(Object(Error), 500)
#5 [internal function]: CodeIgniter\Debug\Exceptions->exceptionHandler(Object(Error))
#6 {main}
  thrown
in APPPATH\Views\errors\html\error_exception.php on line 14.
 1 [internal function]: CodeIgniter\Debug\Exceptions->shutdownHandler()
CRITICAL - 2022-09-04 07:55:40 --> Call to a member function setFlashdata() on null
in APPPATH\Controllers\ClinicController.php on line 24.
 1 SYSTEMPATH\CodeIgniter.php(904): App\Controllers\ClinicController->updatemed()
 2 SYSTEMPATH\CodeIgniter.php(457): CodeIgniter\CodeIgniter->runController(Object(App\Controllers\ClinicController))
 3 SYSTEMPATH\CodeIgniter.php(340): CodeIgniter\CodeIgniter->handleRequest(null, Object(Config\Cache), false)
 4 FCPATH\index.php(67): CodeIgniter\CodeIgniter->run()
CRITICAL - 2022-09-04 07:55:40 --> Uncaught ErrorException: file_get_contents(C:\laragon\www\clinic\clinic\app\Views\errors\html\debug.js): failed to open stream: No such file or directory in C:\laragon\www\clinic\clinic\app\Views\errors\html\error_exception.php:14
Stack trace:
#0 [internal function]: CodeIgniter\Debug\Exceptions->errorHandler(2, 'file_get_conten...', 'C:\\laragon\\www\\...', 14, Array)
#1 C:\laragon\www\clinic\clinic\app\Views\errors\html\error_exception.php(14): file_get_contents('C:\\laragon\\www\\...')
#2 C:\laragon\www\clinic\clinic\system\Debug\Exceptions.php(251): include('C:\\laragon\\www\\...')
#3 C:\laragon\www\clinic\clinic\system\Debug\Exceptions.php(254): CodeIgniter\Debug\Exceptions->CodeIgniter\Debug\{closure}()
#4 C:\laragon\www\clinic\clinic\system\Debug\Exceptions.php(138): CodeIgniter\Debug\Exceptions->render(Object(Error), 500)
#5 [internal function]: CodeIgniter\Debug\Exceptions->exceptionHandler(Object(Error))
#6 {main}
  thrown
in APPPATH\Views\errors\html\error_exception.php on line 14.
 1 [internal function]: CodeIgniter\Debug\Exceptions->shutdownHandler()
CRITICAL - 2022-09-04 08:01:15 --> There is no data to update.
in SYSTEMPATH\BaseModel.php on line 846.
 1 SYSTEMPATH\BaseModel.php(846): CodeIgniter\Database\Exceptions\DataException::forEmptyDataset('update')
 2 SYSTEMPATH\Model.php(693): CodeIgniter\BaseModel->update(null, [])
 3 APPPATH\Controllers\ClinicController.php(63): CodeIgniter\Model->update()
 4 SYSTEMPATH\CodeIgniter.php(904): App\Controllers\ClinicController->addstock()
 5 SYSTEMPATH\CodeIgniter.php(457): CodeIgniter\CodeIgniter->runController(Object(App\Controllers\ClinicController))
 6 SYSTEMPATH\CodeIgniter.php(340): CodeIgniter\CodeIgniter->handleRequest(null, Object(Config\Cache), false)
 7 FCPATH\index.php(67): CodeIgniter\CodeIgniter->run()
CRITICAL - 2022-09-04 08:01:15 --> Uncaught ErrorException: file_get_contents(C:\laragon\www\clinic\clinic\app\Views\errors\html\debug.js): failed to open stream: No such file or directory in C:\laragon\www\clinic\clinic\app\Views\errors\html\error_exception.php:14
Stack trace:
#0 [internal function]: CodeIgniter\Debug\Exceptions->errorHandler(2, 'file_get_conten...', 'C:\\laragon\\www\\...', 14, Array)
#1 C:\laragon\www\clinic\clinic\app\Views\errors\html\error_exception.php(14): file_get_contents('C:\\laragon\\www\\...')
#2 C:\laragon\www\clinic\clinic\system\Debug\Exceptions.php(251): include('C:\\laragon\\www\\...')
#3 C:\laragon\www\clinic\clinic\system\Debug\Exceptions.php(254): CodeIgniter\Debug\Exceptions->CodeIgniter\Debug\{closure}()
#4 C:\laragon\www\clinic\clinic\system\Debug\Exceptions.php(138): CodeIgniter\Debug\Exceptions->render(Object(CodeIgniter\Database\Exceptions\DataException), 500)
#5 [internal function]: CodeIgniter\Debug\Exceptions->exceptionHandler(Object(CodeIgniter\Database\Exceptions\DataException))
#6 {main}
  thro
in APPPATH\Views\errors\html\error_exception.php on line 14.
 1 [internal function]: CodeIgniter\Debug\Exceptions->shutdownHandler()
CRITICAL - 2022-09-04 08:01:18 --> There is no data to update.
in SYSTEMPATH\BaseModel.php on line 846.
 1 SYSTEMPATH\BaseModel.php(846): CodeIgniter\Database\Exceptions\DataException::forEmptyDataset('update')
 2 SYSTEMPATH\Model.php(693): CodeIgniter\BaseModel->update(null, [])
 3 APPPATH\Controllers\ClinicController.php(63): CodeIgniter\Model->update()
 4 SYSTEMPATH\CodeIgniter.php(904): App\Controllers\ClinicController->addstock()
 5 SYSTEMPATH\CodeIgniter.php(457): CodeIgniter\CodeIgniter->runController(Object(App\Controllers\ClinicController))
 6 SYSTEMPATH\CodeIgniter.php(340): CodeIgniter\CodeIgniter->handleRequest(null, Object(Config\Cache), false)
 7 FCPATH\index.php(67): CodeIgniter\CodeIgniter->run()
CRITICAL - 2022-09-04 08:01:18 --> Uncaught ErrorException: file_get_contents(C:\laragon\www\clinic\clinic\app\Views\errors\html\debug.js): failed to open stream: No such file or directory in C:\laragon\www\clinic\clinic\app\Views\errors\html\error_exception.php:14
Stack trace:
#0 [internal function]: CodeIgniter\Debug\Exceptions->errorHandler(2, 'file_get_conten...', 'C:\\laragon\\www\\...', 14, Array)
#1 C:\laragon\www\clinic\clinic\app\Views\errors\html\error_exception.php(14): file_get_contents('C:\\laragon\\www\\...')
#2 C:\laragon\www\clinic\clinic\system\Debug\Exceptions.php(251): include('C:\\laragon\\www\\...')
#3 C:\laragon\www\clinic\clinic\system\Debug\Exceptions.php(254): CodeIgniter\Debug\Exceptions->CodeIgniter\Debug\{closure}()
#4 C:\laragon\www\clinic\clinic\system\Debug\Exceptions.php(138): CodeIgniter\Debug\Exceptions->render(Object(CodeIgniter\Database\Exceptions\DataException), 500)
#5 [internal function]: CodeIgniter\Debug\Exceptions->exceptionHandler(Object(CodeIgniter\Database\Exceptions\DataException))
#6 {main}
  thro
in APPPATH\Views\errors\html\error_exception.php on line 14.
 1 [internal function]: CodeIgniter\Debug\Exceptions->shutdownHandler()
CRITICAL - 2022-09-04 08:02:10 --> There is no data to update.
in SYSTEMPATH\BaseModel.php on line 846.
 1 SYSTEMPATH\BaseModel.php(846): CodeIgniter\Database\Exceptions\DataException::forEmptyDataset('update')
 2 SYSTEMPATH\Model.php(693): CodeIgniter\BaseModel->update(null, [])
 3 APPPATH\Controllers\ClinicController.php(66): CodeIgniter\Model->update()
 4 SYSTEMPATH\CodeIgniter.php(904): App\Controllers\ClinicController->addstock()
 5 SYSTEMPATH\CodeIgniter.php(457): CodeIgniter\CodeIgniter->runController(Object(App\Controllers\ClinicController))
 6 SYSTEMPATH\CodeIgniter.php(340): CodeIgniter\CodeIgniter->handleRequest(null, Object(Config\Cache), false)
 7 FCPATH\index.php(67): CodeIgniter\CodeIgniter->run()
CRITICAL - 2022-09-04 08:02:10 --> Uncaught ErrorException: file_get_contents(C:\laragon\www\clinic\clinic\app\Views\errors\html\debug.js): failed to open stream: No such file or directory in C:\laragon\www\clinic\clinic\app\Views\errors\html\error_exception.php:14
Stack trace:
#0 [internal function]: CodeIgniter\Debug\Exceptions->errorHandler(2, 'file_get_conten...', 'C:\\laragon\\www\\...', 14, Array)
#1 C:\laragon\www\clinic\clinic\app\Views\errors\html\error_exception.php(14): file_get_contents('C:\\laragon\\www\\...')
#2 C:\laragon\www\clinic\clinic\system\Debug\Exceptions.php(251): include('C:\\laragon\\www\\...')
#3 C:\laragon\www\clinic\clinic\system\Debug\Exceptions.php(254): CodeIgniter\Debug\Exceptions->CodeIgniter\Debug\{closure}()
#4 C:\laragon\www\clinic\clinic\system\Debug\Exceptions.php(138): CodeIgniter\Debug\Exceptions->render(Object(CodeIgniter\Database\Exceptions\DataException), 500)
#5 [internal function]: CodeIgniter\Debug\Exceptions->exceptionHandler(Object(CodeIgniter\Database\Exceptions\DataException))
#6 {main}
  thro
in APPPATH\Views\errors\html\error_exception.php on line 14.
 1 [internal function]: CodeIgniter\Debug\Exceptions->shutdownHandler()
CRITICAL - 2022-09-04 08:02:16 --> There is no data to update.
in SYSTEMPATH\BaseModel.php on line 846.
 1 SYSTEMPATH\BaseModel.php(846): CodeIgniter\Database\Exceptions\DataException::forEmptyDataset('update')
 2 SYSTEMPATH\Model.php(693): CodeIgniter\BaseModel->update(null, [])
 3 APPPATH\Controllers\ClinicController.php(67): CodeIgniter\Model->update()
 4 SYSTEMPATH\CodeIgniter.php(904): App\Controllers\ClinicController->addstock()
 5 SYSTEMPATH\CodeIgniter.php(457): CodeIgniter\CodeIgniter->runController(Object(App\Controllers\ClinicController))
 6 SYSTEMPATH\CodeIgniter.php(340): CodeIgniter\CodeIgniter->handleRequest(null, Object(Config\Cache), false)
 7 FCPATH\index.php(67): CodeIgniter\CodeIgniter->run()
CRITICAL - 2022-09-04 08:02:16 --> Uncaught ErrorException: file_get_contents(C:\laragon\www\clinic\clinic\app\Views\errors\html\debug.js): failed to open stream: No such file or directory in C:\laragon\www\clinic\clinic\app\Views\errors\html\error_exception.php:14
Stack trace:
#0 [internal function]: CodeIgniter\Debug\Exceptions->errorHandler(2, 'file_get_conten...', 'C:\\laragon\\www\\...', 14, Array)
#1 C:\laragon\www\clinic\clinic\app\Views\errors\html\error_exception.php(14): file_get_contents('C:\\laragon\\www\\...')
#2 C:\laragon\www\clinic\clinic\system\Debug\Exceptions.php(251): include('C:\\laragon\\www\\...')
#3 C:\laragon\www\clinic\clinic\system\Debug\Exceptions.php(254): CodeIgniter\Debug\Exceptions->CodeIgniter\Debug\{closure}()
#4 C:\laragon\www\clinic\clinic\system\Debug\Exceptions.php(138): CodeIgniter\Debug\Exceptions->render(Object(CodeIgniter\Database\Exceptions\DataException), 500)
#5 [internal function]: CodeIgniter\Debug\Exceptions->exceptionHandler(Object(CodeIgniter\Database\Exceptions\DataException))
#6 {main}
  thro
in APPPATH\Views\errors\html\error_exception.php on line 14.
 1 [internal function]: CodeIgniter\Debug\Exceptions->shutdownHandler()
CRITICAL - 2022-09-04 08:02:55 --> There is no data to update.
in SYSTEMPATH\BaseModel.php on line 846.
 1 SYSTEMPATH\BaseModel.php(846): CodeIgniter\Database\Exceptions\DataException::forEmptyDataset('update')
 2 SYSTEMPATH\Model.php(693): CodeIgniter\BaseModel->update(null, [])
 3 APPPATH\Controllers\ClinicController.php(67): CodeIgniter\Model->update()
 4 SYSTEMPATH\CodeIgniter.php(904): App\Controllers\ClinicController->addstock()
 5 SYSTEMPATH\CodeIgniter.php(457): CodeIgniter\CodeIgniter->runController(Object(App\Controllers\ClinicController))
 6 SYSTEMPATH\CodeIgniter.php(340): CodeIgniter\CodeIgniter->handleRequest(null, Object(Config\Cache), false)
 7 FCPATH\index.php(67): CodeIgniter\CodeIgniter->run()
CRITICAL - 2022-09-04 08:02:55 --> Uncaught ErrorException: file_get_contents(C:\laragon\www\clinic\clinic\app\Views\errors\html\debug.js): failed to open stream: No such file or directory in C:\laragon\www\clinic\clinic\app\Views\errors\html\error_exception.php:14
Stack trace:
#0 [internal function]: CodeIgniter\Debug\Exceptions->errorHandler(2, 'file_get_conten...', 'C:\\laragon\\www\\...', 14, Array)
#1 C:\laragon\www\clinic\clinic\app\Views\errors\html\error_exception.php(14): file_get_contents('C:\\laragon\\www\\...')
#2 C:\laragon\www\clinic\clinic\system\Debug\Exceptions.php(251): include('C:\\laragon\\www\\...')
#3 C:\laragon\www\clinic\clinic\system\Debug\Exceptions.php(254): CodeIgniter\Debug\Exceptions->CodeIgniter\Debug\{closure}()
#4 C:\laragon\www\clinic\clinic\system\Debug\Exceptions.php(138): CodeIgniter\Debug\Exceptions->render(Object(CodeIgniter\Database\Exceptions\DataException), 500)
#5 [internal function]: CodeIgniter\Debug\Exceptions->exceptionHandler(Object(CodeIgniter\Database\Exceptions\DataException))
#6 {main}
  thro
in APPPATH\Views\errors\html\error_exception.php on line 14.
 1 [internal function]: CodeIgniter\Debug\Exceptions->shutdownHandler()
CRITICAL - 2022-09-04 23:03:58 --> Invalid argument supplied for foreach()
in APPPATH\Views\clinic\staff.php on line 50.
 1 APPPATH\Views\clinic\staff.php(50): CodeIgniter\Debug\Exceptions->errorHandler(2, 'Invalid argument supplied for foreach()', 'APPPATH\\Views\\clinic\\staff.php', 50, [])
 2 SYSTEMPATH\View\View.php(213): include('APPPATH\\Views\\clinic\\staff.php')
 3 SYSTEMPATH\View\View.php(216): CodeIgniter\View\View->CodeIgniter\View\{closure}()
 4 SYSTEMPATH\Common.php(1142): CodeIgniter\View\View->render('clinic/staff', [], true)
 5 APPPATH\Controllers\ClinicController.php(11): view('clinic/staff')
 6 SYSTEMPATH\CodeIgniter.php(904): App\Controllers\ClinicController->staff()
 7 SYSTEMPATH\CodeIgniter.php(457): CodeIgniter\CodeIgniter->runController(Object(App\Controllers\ClinicController))
 8 SYSTEMPATH\CodeIgniter.php(340): CodeIgniter\CodeIgniter->handleRequest(null, Object(Config\Cache), false)
 9 FCPATH\index.php(67): CodeIgniter\CodeIgniter->run()
CRITICAL - 2022-09-04 23:03:58 --> Uncaught ErrorException: file_get_contents(C:\laragon\www\clinic\clinic\app\Views\errors\html\debug.js): failed to open stream: No such file or directory in C:\laragon\www\clinic\clinic\app\Views\errors\html\error_exception.php:14
Stack trace:
#0 [internal function]: CodeIgniter\Debug\Exceptions->errorHandler(2, 'file_get_conten...', 'C:\\laragon\\www\\...', 14, Array)
#1 C:\laragon\www\clinic\clinic\app\Views\errors\html\error_exception.php(14): file_get_contents('C:\\laragon\\www\\...')
#2 C:\laragon\www\clinic\clinic\system\Debug\Exceptions.php(251): include('C:\\laragon\\www\\...')
#3 C:\laragon\www\clinic\clinic\system\Debug\Exceptions.php(254): CodeIgniter\Debug\Exceptions->CodeIgniter\Debug\{closure}()
#4 C:\laragon\www\clinic\clinic\system\Debug\Exceptions.php(138): CodeIgniter\Debug\Exceptions->render(Object(ErrorException), 500)
#5 [internal function]: CodeIgniter\Debug\Exceptions->exceptionHandler(Object(ErrorException))
#6 {main}
  thrown
in APPPATH\Views\errors\html\error_exception.php on line 14.
 1 [internal function]: CodeIgniter\Debug\Exceptions->shutdownHandler()
CRITICAL - 2022-09-04 23:45:49 --> syntax error, unexpected ';', expecting ']'
in APPPATH\Controllers\ClinicController.php on line 14.
 1 SYSTEMPATH\Autoloader\Autoloader.php(259): CodeIgniter\Autoloader\Autoloader->includeFile('APPPATH\\Controllers\\ClinicController.php')
 2 SYSTEMPATH\Autoloader\Autoloader.php(237): CodeIgniter\Autoloader\Autoloader->loadInNamespace('App\\Controllers\\ClinicController')
 3 [internal function]: CodeIgniter\Autoloader\Autoloader->loadClass('App\\Controllers\\ClinicController')
 4 [internal function]: spl_autoload_call('App\\Controllers\\ClinicController')
 5 SYSTEMPATH\CodeIgniter.php(854): class_exists('\\App\\Controllers\\ClinicController', true)
 6 SYSTEMPATH\CodeIgniter.php(444): CodeIgniter\CodeIgniter->startController()
 7 SYSTEMPATH\CodeIgniter.php(340): CodeIgniter\CodeIgniter->handleRequest(null, Object(Config\Cache), false)
 8 FCPATH\index.php(67): CodeIgniter\CodeIgniter->run()
CRITICAL - 2022-09-04 23:45:49 --> Uncaught ErrorException: file_get_contents(C:\laragon\www\clinic\clinic\app\Views\errors\html\debug.js): failed to open stream: No such file or directory in C:\laragon\www\clinic\clinic\app\Views\errors\html\error_exception.php:14
Stack trace:
#0 [internal function]: CodeIgniter\Debug\Exceptions->errorHandler(2, 'file_get_conten...', 'C:\\laragon\\www\\...', 14, Array)
#1 C:\laragon\www\clinic\clinic\app\Views\errors\html\error_exception.php(14): file_get_contents('C:\\laragon\\www\\...')
#2 C:\laragon\www\clinic\clinic\system\Debug\Exceptions.php(251): include('C:\\laragon\\www\\...')
#3 C:\laragon\www\clinic\clinic\system\Debug\Exceptions.php(254): CodeIgniter\Debug\Exceptions->CodeIgniter\Debug\{closure}()
#4 C:\laragon\www\clinic\clinic\system\Debug\Exceptions.php(138): CodeIgniter\Debug\Exceptions->render(Object(ParseError), 500)
#5 [internal function]: CodeIgniter\Debug\Exceptions->exceptionHandler(Object(ParseError))
#6 {main}
  thrown
in APPPATH\Views\errors\html\error_exception.php on line 14.
 1 [internal function]: CodeIgniter\Debug\Exceptions->shutdownHandler()
CRITICAL - 2022-09-04 23:59:59 --> syntax error, unexpected ';', expecting ']'
in APPPATH\Controllers\ClinicController.php on line 14.
 1 SYSTEMPATH\Autoloader\Autoloader.php(259): CodeIgniter\Autoloader\Autoloader->includeFile('APPPATH\\Controllers\\ClinicController.php')
 2 SYSTEMPATH\Autoloader\Autoloader.php(237): CodeIgniter\Autoloader\Autoloader->loadInNamespace('App\\Controllers\\ClinicController')
 3 [internal function]: CodeIgniter\Autoloader\Autoloader->loadClass('App\\Controllers\\ClinicController')
 4 [internal function]: spl_autoload_call('App\\Controllers\\ClinicController')
 5 SYSTEMPATH\CodeIgniter.php(854): class_exists('\\App\\Controllers\\ClinicController', true)
 6 SYSTEMPATH\CodeIgniter.php(444): CodeIgniter\CodeIgniter->startController()
 7 SYSTEMPATH\CodeIgniter.php(340): CodeIgniter\CodeIgniter->handleRequest(null, Object(Config\Cache), false)
 8 FCPATH\index.php(67): CodeIgniter\CodeIgniter->run()
CRITICAL - 2022-09-04 23:59:59 --> Uncaught ErrorException: file_get_contents(C:\laragon\www\clinic\clinic\app\Views\errors\html\debug.js): failed to open stream: No such file or directory in C:\laragon\www\clinic\clinic\app\Views\errors\html\error_exception.php:14
Stack trace:
#0 [internal function]: CodeIgniter\Debug\Exceptions->errorHandler(2, 'file_get_conten...', 'C:\\laragon\\www\\...', 14, Array)
#1 C:\laragon\www\clinic\clinic\app\Views\errors\html\error_exception.php(14): file_get_contents('C:\\laragon\\www\\...')
#2 C:\laragon\www\clinic\clinic\system\Debug\Exceptions.php(251): include('C:\\laragon\\www\\...')
#3 C:\laragon\www\clinic\clinic\system\Debug\Exceptions.php(254): CodeIgniter\Debug\Exceptions->CodeIgniter\Debug\{closure}()
#4 C:\laragon\www\clinic\clinic\system\Debug\Exceptions.php(138): CodeIgniter\Debug\Exceptions->render(Object(ParseError), 500)
#5 [internal function]: CodeIgniter\Debug\Exceptions->exceptionHandler(Object(ParseError))
#6 {main}
  thrown
in APPPATH\Views\errors\html\error_exception.php on line 14.
 1 [internal function]: CodeIgniter\Debug\Exceptions->shutdownHandler()
