CRITICAL - 2022-09-23 05:57:05 --> syntax error, unexpected '$newdate' (T_VARIABLE), expecting ';' or ','
in APPPATH\Views\home\index.php on line 136.
 1 SYSTEMPATH\View\View.php(216): CodeIgniter\View\View->CodeIgniter\View\{closure}()
 2 SYSTEMPATH\Common.php(1142): CodeIgniter\View\View->render('home/index', [], true)
 3 APPPATH\Controllers\Home.php(105): view('home/index')
 4 SYSTEMPATH\CodeIgniter.php(904): App\Controllers\Home->index()
 5 SYSTEMPATH\CodeIgniter.php(457): CodeIgniter\CodeIgniter->runController(Object(App\Controllers\Home))
 6 SYSTEMPATH\CodeIgniter.php(340): CodeIgniter\CodeIgniter->handleRequest(null, Object(Config\Cache), false)
 7 FCPATH\index.php(67): CodeIgniter\CodeIgniter->run()
CRITICAL - 2022-09-23 06:09:21 --> syntax error, unexpected 'use' (T_USE)
in APPPATH\Views\home\index.php on line 133.
 1 SYSTEMPATH\View\View.php(216): CodeIgniter\View\View->CodeIgniter\View\{closure}()
 2 SYSTEMPATH\Common.php(1142): CodeIgniter\View\View->render('home/index', [], true)
 3 APPPATH\Controllers\Home.php(105): view('home/index')
 4 SYSTEMPATH\CodeIgniter.php(904): App\Controllers\Home->index()
 5 SYSTEMPATH\CodeIgniter.php(457): CodeIgniter\CodeIgniter->runController(Object(App\Controllers\Home))
 6 SYSTEMPATH\CodeIgniter.php(340): CodeIgniter\CodeIgniter->handleRequest(null, Object(Config\Cache), false)
 7 FCPATH\index.php(67): CodeIgniter\CodeIgniter->run()
CRITICAL - 2022-09-23 06:19:52 --> syntax error, unexpected 'var_dump' (T_STRING)
in APPPATH\Views\home\index.php on line 138.
 1 SYSTEMPATH\View\View.php(216): CodeIgniter\View\View->CodeIgniter\View\{closure}()
 2 SYSTEMPATH\Common.php(1142): CodeIgniter\View\View->render('home/index', [], true)
 3 APPPATH\Controllers\Home.php(105): view('home/index')
 4 SYSTEMPATH\CodeIgniter.php(904): App\Controllers\Home->index()
 5 SYSTEMPATH\CodeIgniter.php(457): CodeIgniter\CodeIgniter->runController(Object(App\Controllers\Home))
 6 SYSTEMPATH\CodeIgniter.php(340): CodeIgniter\CodeIgniter->handleRequest(null, Object(Config\Cache), false)
 7 FCPATH\index.php(67): CodeIgniter\CodeIgniter->run()
CRITICAL - 2022-09-23 06:20:05 --> syntax error, unexpected 'var_dump' (T_STRING)
in APPPATH\Views\home\index.php on line 138.
 1 SYSTEMPATH\View\View.php(216): CodeIgniter\View\View->CodeIgniter\View\{closure}()
 2 SYSTEMPATH\Common.php(1142): CodeIgniter\View\View->render('home/index', [], true)
 3 APPPATH\Controllers\Home.php(105): view('home/index')
 4 SYSTEMPATH\CodeIgniter.php(904): App\Controllers\Home->index()
 5 SYSTEMPATH\CodeIgniter.php(457): CodeIgniter\CodeIgniter->runController(Object(App\Controllers\Home))
 6 SYSTEMPATH\CodeIgniter.php(340): CodeIgniter\CodeIgniter->handleRequest(null, Object(Config\Cache), false)
 7 FCPATH\index.php(67): CodeIgniter\CodeIgniter->run()
CRITICAL - 2022-09-23 06:20:06 --> syntax error, unexpected 'var_dump' (T_STRING)
in APPPATH\Views\home\index.php on line 138.
 1 SYSTEMPATH\View\View.php(216): CodeIgniter\View\View->CodeIgniter\View\{closure}()
 2 SYSTEMPATH\Common.php(1142): CodeIgniter\View\View->render('home/index', [], true)
 3 APPPATH\Controllers\Home.php(105): view('home/index')
 4 SYSTEMPATH\CodeIgniter.php(904): App\Controllers\Home->index()
 5 SYSTEMPATH\CodeIgniter.php(457): CodeIgniter\CodeIgniter->runController(Object(App\Controllers\Home))
 6 SYSTEMPATH\CodeIgniter.php(340): CodeIgniter\CodeIgniter->handleRequest(null, Object(Config\Cache), false)
 7 FCPATH\index.php(67): CodeIgniter\CodeIgniter->run()
CRITICAL - 2022-09-23 06:20:15 --> syntax error, unexpected 'print_r' (T_STRING)
in APPPATH\Views\home\index.php on line 138.
 1 SYSTEMPATH\View\View.php(216): CodeIgniter\View\View->CodeIgniter\View\{closure}()
 2 SYSTEMPATH\Common.php(1142): CodeIgniter\View\View->render('home/index', [], true)
 3 APPPATH\Controllers\Home.php(105): view('home/index')
 4 SYSTEMPATH\CodeIgniter.php(904): App\Controllers\Home->index()
 5 SYSTEMPATH\CodeIgniter.php(457): CodeIgniter\CodeIgniter->runController(Object(App\Controllers\Home))
 6 SYSTEMPATH\CodeIgniter.php(340): CodeIgniter\CodeIgniter->handleRequest(null, Object(Config\Cache), false)
 7 FCPATH\index.php(67): CodeIgniter\CodeIgniter->run()
CRITICAL - 2022-09-23 06:20:19 --> syntax error, unexpected '}'
in APPPATH\Views\home\index.php on line 139.
 1 SYSTEMPATH\View\View.php(216): CodeIgniter\View\View->CodeIgniter\View\{closure}()
 2 SYSTEMPATH\Common.php(1142): CodeIgniter\View\View->render('home/index', [], true)
 3 APPPATH\Controllers\Home.php(105): view('home/index')
 4 SYSTEMPATH\CodeIgniter.php(904): App\Controllers\Home->index()
 5 SYSTEMPATH\CodeIgniter.php(457): CodeIgniter\CodeIgniter->runController(Object(App\Controllers\Home))
 6 SYSTEMPATH\CodeIgniter.php(340): CodeIgniter\CodeIgniter->handleRequest(null, Object(Config\Cache), false)
 7 FCPATH\index.php(67): CodeIgniter\CodeIgniter->run()
CRITICAL - 2022-09-23 08:01:17 --> Invalid file: /home/staff.php
in SYSTEMPATH\Exceptions\FrameworkException.php on line 33.
 1 SYSTEMPATH\View\View.php(201): CodeIgniter\Exceptions\FrameworkException::forInvalidFile('/home/staff.php')
 2 SYSTEMPATH\Common.php(1142): CodeIgniter\View\View->render('/home/staff', [], true)
 3 APPPATH\Controllers\Home.php(15): view('/home/staff')
 4 SYSTEMPATH\CodeIgniter.php(904): App\Controllers\Home->doctors()
 5 SYSTEMPATH\CodeIgniter.php(457): CodeIgniter\CodeIgniter->runController(Object(App\Controllers\Home))
 6 SYSTEMPATH\CodeIgniter.php(340): CodeIgniter\CodeIgniter->handleRequest(null, Object(Config\Cache), false)
 7 FCPATH\index.php(67): CodeIgniter\CodeIgniter->run()
CRITICAL - 2022-09-23 08:01:45 --> Invalid file: /home/staff.php
in SYSTEMPATH\Exceptions\FrameworkException.php on line 33.
 1 SYSTEMPATH\View\View.php(201): CodeIgniter\Exceptions\FrameworkException::forInvalidFile('/home/staff.php')
 2 SYSTEMPATH\Common.php(1142): CodeIgniter\View\View->render('/home/staff', [], true)
 3 APPPATH\Controllers\Home.php(21): view('/home/staff', [...])
 4 SYSTEMPATH\CodeIgniter.php(904): App\Controllers\Home->doctors()
 5 SYSTEMPATH\CodeIgniter.php(457): CodeIgniter\CodeIgniter->runController(Object(App\Controllers\Home))
 6 SYSTEMPATH\CodeIgniter.php(340): CodeIgniter\CodeIgniter->handleRequest(null, Object(Config\Cache), false)
 7 FCPATH\index.php(67): CodeIgniter\CodeIgniter->run()
CRITICAL - 2022-09-23 08:10:42 --> Cannot use App\Models\ClinicStaffModel as ClinicStaffModel because the name is already in use
in APPPATH\Controllers\Home.php on line 6.
 1 [internal function]: CodeIgniter\Debug\Exceptions->shutdownHandler()
CRITICAL - 2022-09-23 08:10:58 --> Cannot use App\Models\ClinicStaffModel as ClinicStaffModel because the name is already in use
in APPPATH\Controllers\Home.php on line 6.
 1 [internal function]: CodeIgniter\Debug\Exceptions->shutdownHandler()
CRITICAL - 2022-09-23 08:13:21 --> syntax error, unexpected ''staff'' (T_CONSTANT_ENCAPSED_STRING), expecting ']'
in APPPATH\Controllers\Home.php on line 15.
 1 SYSTEMPATH\Autoloader\Autoloader.php(259): CodeIgniter\Autoloader\Autoloader->includeFile('APPPATH\\Controllers\\Home.php')
 2 SYSTEMPATH\Autoloader\Autoloader.php(237): CodeIgniter\Autoloader\Autoloader->loadInNamespace('App\\Controllers\\Home')
 3 [internal function]: CodeIgniter\Autoloader\Autoloader->loadClass('App\\Controllers\\Home')
 4 [internal function]: spl_autoload_call('App\\Controllers\\Home')
 5 SYSTEMPATH\CodeIgniter.php(854): class_exists('\\App\\Controllers\\Home', true)
 6 SYSTEMPATH\CodeIgniter.php(444): CodeIgniter\CodeIgniter->startController()
 7 SYSTEMPATH\CodeIgniter.php(340): CodeIgniter\CodeIgniter->handleRequest(null, Object(Config\Cache), false)
 8 FCPATH\index.php(67): CodeIgniter\CodeIgniter->run()
