CRITICAL - 2022-09-06 05:32:07 --> Call to a member function where() on null
in APPPATH\Controllers\Home.php on line 23.
 1 SYSTEMPATH\CodeIgniter.php(904): App\Controllers\Home->check()
 2 SYSTEMPATH\CodeIgniter.php(457): CodeIgniter\CodeIgniter->runController(Object(App\Controllers\Home))
 3 SYSTEMPATH\CodeIgniter.php(340): CodeIgniter\CodeIgniter->handleRequest(null, Object(Config\Cache), false)
 4 FCPATH\index.php(67): CodeIgniter\CodeIgniter->run()
CRITICAL - 2022-09-06 05:32:07 --> Uncaught ErrorException: file_get_contents(C:\laragon\www\clinic\clinic\app\Views\errors\html\debug.js): failed to open stream: No such file or directory in C:\laragon\www\clinic\clinic\app\Views\errors\html\error_exception.php:14
Stack trace:
#0 [internal function]: CodeIgniter\Debug\Exceptions->errorHandler(2, 'file_get_conten...', 'C:\\laragon\\www\\...', 14, Array)
#1 C:\laragon\www\clinic\clinic\app\Views\errors\html\error_exception.php(14): file_get_contents('C:\\laragon\\www\\...')
#2 C:\laragon\www\clinic\clinic\system\Debug\Exceptions.php(251): include('C:\\laragon\\www\\...')
#3 C:\laragon\www\clinic\clinic\system\Debug\Exceptions.php(254): CodeIgniter\Debug\Exceptions->CodeIgniter\Debug\{closure}()
#4 C:\laragon\www\clinic\clinic\system\Debug\Exceptions.php(138): CodeIgniter\Debug\Exceptions->render(Object(Error), 500)
#5 [internal function]: CodeIgniter\Debug\Exceptions->exceptionHandler(Object(Error))
#6 {main}
  thrown
in APPPATH\Views\errors\html\error_exception.php on line 14.
 1 [internal function]: CodeIgniter\Debug\Exceptions->shutdownHandler()
CRITICAL - 2022-09-06 05:33:38 --> Class 'App\Controllers\ScheduleModel' not found
in APPPATH\Controllers\Home.php on line 21.
 1 SYSTEMPATH\CodeIgniter.php(904): App\Controllers\Home->check()
 2 SYSTEMPATH\CodeIgniter.php(457): CodeIgniter\CodeIgniter->runController(Object(App\Controllers\Home))
 3 SYSTEMPATH\CodeIgniter.php(340): CodeIgniter\CodeIgniter->handleRequest(null, Object(Config\Cache), false)
 4 FCPATH\index.php(67): CodeIgniter\CodeIgniter->run()
CRITICAL - 2022-09-06 05:33:38 --> Uncaught ErrorException: file_get_contents(C:\laragon\www\clinic\clinic\app\Views\errors\html\debug.js): failed to open stream: No such file or directory in C:\laragon\www\clinic\clinic\app\Views\errors\html\error_exception.php:14
Stack trace:
#0 [internal function]: CodeIgniter\Debug\Exceptions->errorHandler(2, 'file_get_conten...', 'C:\\laragon\\www\\...', 14, Array)
#1 C:\laragon\www\clinic\clinic\app\Views\errors\html\error_exception.php(14): file_get_contents('C:\\laragon\\www\\...')
#2 C:\laragon\www\clinic\clinic\system\Debug\Exceptions.php(251): include('C:\\laragon\\www\\...')
#3 C:\laragon\www\clinic\clinic\system\Debug\Exceptions.php(254): CodeIgniter\Debug\Exceptions->CodeIgniter\Debug\{closure}()
#4 C:\laragon\www\clinic\clinic\system\Debug\Exceptions.php(138): CodeIgniter\Debug\Exceptions->render(Object(Error), 500)
#5 [internal function]: CodeIgniter\Debug\Exceptions->exceptionHandler(Object(Error))
#6 {main}
  thrown
in APPPATH\Views\errors\html\error_exception.php on line 14.
 1 [internal function]: CodeIgniter\Debug\Exceptions->shutdownHandler()
CRITICAL - 2022-09-06 05:56:19 --> syntax error, unexpected '?>'
in APPPATH\Views\res.php on line 15.
 1 SYSTEMPATH\View\View.php(216): CodeIgniter\View\View->CodeIgniter\View\{closure}()
 2 SYSTEMPATH\Common.php(1142): CodeIgniter\View\View->render('res', [], true)
 3 APPPATH\Controllers\Home.php(27): view('res', [...])
 4 SYSTEMPATH\CodeIgniter.php(904): App\Controllers\Home->check()
 5 SYSTEMPATH\CodeIgniter.php(457): CodeIgniter\CodeIgniter->runController(Object(App\Controllers\Home))
 6 SYSTEMPATH\CodeIgniter.php(340): CodeIgniter\CodeIgniter->handleRequest(null, Object(Config\Cache), false)
 7 FCPATH\index.php(67): CodeIgniter\CodeIgniter->run()
CRITICAL - 2022-09-06 05:56:19 --> Uncaught ErrorException: file_get_contents(C:\laragon\www\clinic\clinic\app\Views\errors\html\debug.js): failed to open stream: No such file or directory in C:\laragon\www\clinic\clinic\app\Views\errors\html\error_exception.php:14
Stack trace:
#0 [internal function]: CodeIgniter\Debug\Exceptions->errorHandler(2, 'file_get_conten...', 'C:\\laragon\\www\\...', 14, Array)
#1 C:\laragon\www\clinic\clinic\app\Views\errors\html\error_exception.php(14): file_get_contents('C:\\laragon\\www\\...')
#2 C:\laragon\www\clinic\clinic\system\Debug\Exceptions.php(251): include('C:\\laragon\\www\\...')
#3 C:\laragon\www\clinic\clinic\system\Debug\Exceptions.php(254): CodeIgniter\Debug\Exceptions->CodeIgniter\Debug\{closure}()
#4 C:\laragon\www\clinic\clinic\system\Debug\Exceptions.php(138): CodeIgniter\Debug\Exceptions->render(Object(ParseError), 500)
#5 [internal function]: CodeIgniter\Debug\Exceptions->exceptionHandler(Object(ParseError))
#6 {main}
  thrown
in APPPATH\Views\errors\html\error_exception.php on line 14.
 1 [internal function]: CodeIgniter\Debug\Exceptions->shutdownHandler()
CRITICAL - 2022-09-06 09:19:45 --> syntax error, unexpected '$'
in APPPATH\Views\res.php on line 59.
 1 SYSTEMPATH\View\View.php(216): CodeIgniter\View\View->CodeIgniter\View\{closure}()
 2 SYSTEMPATH\Common.php(1142): CodeIgniter\View\View->render('res', [], true)
 3 APPPATH\Controllers\Home.php(27): view('res', [...])
 4 SYSTEMPATH\CodeIgniter.php(904): App\Controllers\Home->check()
 5 SYSTEMPATH\CodeIgniter.php(457): CodeIgniter\CodeIgniter->runController(Object(App\Controllers\Home))
 6 SYSTEMPATH\CodeIgniter.php(340): CodeIgniter\CodeIgniter->handleRequest(null, Object(Config\Cache), false)
 7 FCPATH\index.php(67): CodeIgniter\CodeIgniter->run()
CRITICAL - 2022-09-06 09:19:45 --> Uncaught ErrorException: file_get_contents(C:\laragon\www\clinic\clinic\app\Views\errors\html\debug.js): failed to open stream: No such file or directory in C:\laragon\www\clinic\clinic\app\Views\errors\html\error_exception.php:14
Stack trace:
#0 [internal function]: CodeIgniter\Debug\Exceptions->errorHandler(2, 'file_get_conten...', 'C:\\laragon\\www\\...', 14, Array)
#1 C:\laragon\www\clinic\clinic\app\Views\errors\html\error_exception.php(14): file_get_contents('C:\\laragon\\www\\...')
#2 C:\laragon\www\clinic\clinic\system\Debug\Exceptions.php(251): include('C:\\laragon\\www\\...')
#3 C:\laragon\www\clinic\clinic\system\Debug\Exceptions.php(254): CodeIgniter\Debug\Exceptions->CodeIgniter\Debug\{closure}()
#4 C:\laragon\www\clinic\clinic\system\Debug\Exceptions.php(138): CodeIgniter\Debug\Exceptions->render(Object(ParseError), 500)
#5 [internal function]: CodeIgniter\Debug\Exceptions->exceptionHandler(Object(ParseError))
#6 {main}
  thrown
in APPPATH\Views\errors\html\error_exception.php on line 14.
 1 [internal function]: CodeIgniter\Debug\Exceptions->shutdownHandler()
CRITICAL - 2022-09-06 09:19:47 --> syntax error, unexpected '$'
in APPPATH\Views\res.php on line 59.
 1 SYSTEMPATH\View\View.php(216): CodeIgniter\View\View->CodeIgniter\View\{closure}()
 2 SYSTEMPATH\Common.php(1142): CodeIgniter\View\View->render('res', [], true)
 3 APPPATH\Controllers\Home.php(27): view('res', [...])
 4 SYSTEMPATH\CodeIgniter.php(904): App\Controllers\Home->check()
 5 SYSTEMPATH\CodeIgniter.php(457): CodeIgniter\CodeIgniter->runController(Object(App\Controllers\Home))
 6 SYSTEMPATH\CodeIgniter.php(340): CodeIgniter\CodeIgniter->handleRequest(null, Object(Config\Cache), false)
 7 FCPATH\index.php(67): CodeIgniter\CodeIgniter->run()
CRITICAL - 2022-09-06 09:19:47 --> Uncaught ErrorException: file_get_contents(C:\laragon\www\clinic\clinic\app\Views\errors\html\debug.js): failed to open stream: No such file or directory in C:\laragon\www\clinic\clinic\app\Views\errors\html\error_exception.php:14
Stack trace:
#0 [internal function]: CodeIgniter\Debug\Exceptions->errorHandler(2, 'file_get_conten...', 'C:\\laragon\\www\\...', 14, Array)
#1 C:\laragon\www\clinic\clinic\app\Views\errors\html\error_exception.php(14): file_get_contents('C:\\laragon\\www\\...')
#2 C:\laragon\www\clinic\clinic\system\Debug\Exceptions.php(251): include('C:\\laragon\\www\\...')
#3 C:\laragon\www\clinic\clinic\system\Debug\Exceptions.php(254): CodeIgniter\Debug\Exceptions->CodeIgniter\Debug\{closure}()
#4 C:\laragon\www\clinic\clinic\system\Debug\Exceptions.php(138): CodeIgniter\Debug\Exceptions->render(Object(ParseError), 500)
#5 [internal function]: CodeIgniter\Debug\Exceptions->exceptionHandler(Object(ParseError))
#6 {main}
  thrown
in APPPATH\Views\errors\html\error_exception.php on line 14.
 1 [internal function]: CodeIgniter\Debug\Exceptions->shutdownHandler()
CRITICAL - 2022-09-06 09:20:01 --> syntax error, unexpected '$'
in APPPATH\Views\res.php on line 60.
 1 SYSTEMPATH\View\View.php(216): CodeIgniter\View\View->CodeIgniter\View\{closure}()
 2 SYSTEMPATH\Common.php(1142): CodeIgniter\View\View->render('res', [], true)
 3 APPPATH\Controllers\Home.php(27): view('res', [...])
 4 SYSTEMPATH\CodeIgniter.php(904): App\Controllers\Home->check()
 5 SYSTEMPATH\CodeIgniter.php(457): CodeIgniter\CodeIgniter->runController(Object(App\Controllers\Home))
 6 SYSTEMPATH\CodeIgniter.php(340): CodeIgniter\CodeIgniter->handleRequest(null, Object(Config\Cache), false)
 7 FCPATH\index.php(67): CodeIgniter\CodeIgniter->run()
CRITICAL - 2022-09-06 09:20:01 --> Uncaught ErrorException: file_get_contents(C:\laragon\www\clinic\clinic\app\Views\errors\html\debug.js): failed to open stream: No such file or directory in C:\laragon\www\clinic\clinic\app\Views\errors\html\error_exception.php:14
Stack trace:
#0 [internal function]: CodeIgniter\Debug\Exceptions->errorHandler(2, 'file_get_conten...', 'C:\\laragon\\www\\...', 14, Array)
#1 C:\laragon\www\clinic\clinic\app\Views\errors\html\error_exception.php(14): file_get_contents('C:\\laragon\\www\\...')
#2 C:\laragon\www\clinic\clinic\system\Debug\Exceptions.php(251): include('C:\\laragon\\www\\...')
#3 C:\laragon\www\clinic\clinic\system\Debug\Exceptions.php(254): CodeIgniter\Debug\Exceptions->CodeIgniter\Debug\{closure}()
#4 C:\laragon\www\clinic\clinic\system\Debug\Exceptions.php(138): CodeIgniter\Debug\Exceptions->render(Object(ParseError), 500)
#5 [internal function]: CodeIgniter\Debug\Exceptions->exceptionHandler(Object(ParseError))
#6 {main}
  thrown
in APPPATH\Views\errors\html\error_exception.php on line 14.
 1 [internal function]: CodeIgniter\Debug\Exceptions->shutdownHandler()
CRITICAL - 2022-09-06 09:20:23 --> syntax error, unexpected '$'
in APPPATH\Views\res.php on line 61.
 1 SYSTEMPATH\View\View.php(216): CodeIgniter\View\View->CodeIgniter\View\{closure}()
 2 SYSTEMPATH\Common.php(1142): CodeIgniter\View\View->render('res', [], true)
 3 APPPATH\Controllers\Home.php(27): view('res', [...])
 4 SYSTEMPATH\CodeIgniter.php(904): App\Controllers\Home->check()
 5 SYSTEMPATH\CodeIgniter.php(457): CodeIgniter\CodeIgniter->runController(Object(App\Controllers\Home))
 6 SYSTEMPATH\CodeIgniter.php(340): CodeIgniter\CodeIgniter->handleRequest(null, Object(Config\Cache), false)
 7 FCPATH\index.php(67): CodeIgniter\CodeIgniter->run()
CRITICAL - 2022-09-06 09:20:23 --> Uncaught ErrorException: file_get_contents(C:\laragon\www\clinic\clinic\app\Views\errors\html\debug.js): failed to open stream: No such file or directory in C:\laragon\www\clinic\clinic\app\Views\errors\html\error_exception.php:14
Stack trace:
#0 [internal function]: CodeIgniter\Debug\Exceptions->errorHandler(2, 'file_get_conten...', 'C:\\laragon\\www\\...', 14, Array)
#1 C:\laragon\www\clinic\clinic\app\Views\errors\html\error_exception.php(14): file_get_contents('C:\\laragon\\www\\...')
#2 C:\laragon\www\clinic\clinic\system\Debug\Exceptions.php(251): include('C:\\laragon\\www\\...')
#3 C:\laragon\www\clinic\clinic\system\Debug\Exceptions.php(254): CodeIgniter\Debug\Exceptions->CodeIgniter\Debug\{closure}()
#4 C:\laragon\www\clinic\clinic\system\Debug\Exceptions.php(138): CodeIgniter\Debug\Exceptions->render(Object(ParseError), 500)
#5 [internal function]: CodeIgniter\Debug\Exceptions->exceptionHandler(Object(ParseError))
#6 {main}
  thrown
in APPPATH\Views\errors\html\error_exception.php on line 14.
 1 [internal function]: CodeIgniter\Debug\Exceptions->shutdownHandler()
CRITICAL - 2022-09-06 09:21:57 --> syntax error, unexpected ';', expecting ']'
in APPPATH\Views\res.php on line 60.
 1 SYSTEMPATH\View\View.php(216): CodeIgniter\View\View->CodeIgniter\View\{closure}()
 2 SYSTEMPATH\Common.php(1142): CodeIgniter\View\View->render('res', [], true)
 3 APPPATH\Controllers\Home.php(27): view('res', [...])
 4 SYSTEMPATH\CodeIgniter.php(904): App\Controllers\Home->check()
 5 SYSTEMPATH\CodeIgniter.php(457): CodeIgniter\CodeIgniter->runController(Object(App\Controllers\Home))
 6 SYSTEMPATH\CodeIgniter.php(340): CodeIgniter\CodeIgniter->handleRequest(null, Object(Config\Cache), false)
 7 FCPATH\index.php(67): CodeIgniter\CodeIgniter->run()
CRITICAL - 2022-09-06 09:21:57 --> Uncaught ErrorException: file_get_contents(C:\laragon\www\clinic\clinic\app\Views\errors\html\debug.js): failed to open stream: No such file or directory in C:\laragon\www\clinic\clinic\app\Views\errors\html\error_exception.php:14
Stack trace:
#0 [internal function]: CodeIgniter\Debug\Exceptions->errorHandler(2, 'file_get_conten...', 'C:\\laragon\\www\\...', 14, Array)
#1 C:\laragon\www\clinic\clinic\app\Views\errors\html\error_exception.php(14): file_get_contents('C:\\laragon\\www\\...')
#2 C:\laragon\www\clinic\clinic\system\Debug\Exceptions.php(251): include('C:\\laragon\\www\\...')
#3 C:\laragon\www\clinic\clinic\system\Debug\Exceptions.php(254): CodeIgniter\Debug\Exceptions->CodeIgniter\Debug\{closure}()
#4 C:\laragon\www\clinic\clinic\system\Debug\Exceptions.php(138): CodeIgniter\Debug\Exceptions->render(Object(ParseError), 500)
#5 [internal function]: CodeIgniter\Debug\Exceptions->exceptionHandler(Object(ParseError))
#6 {main}
  thrown
in APPPATH\Views\errors\html\error_exception.php on line 14.
 1 [internal function]: CodeIgniter\Debug\Exceptions->shutdownHandler()
CRITICAL - 2022-09-06 09:35:23 --> Invalid argument supplied for foreach()
in APPPATH\Views\res.php on line 30.
 1 APPPATH\Views\res.php(30): CodeIgniter\Debug\Exceptions->errorHandler(2, 'Invalid argument supplied for foreach()', 'APPPATH\\Views\\res.php', 30, [...])
 2 SYSTEMPATH\View\View.php(213): include('APPPATH\\Views\\res.php')
 3 SYSTEMPATH\View\View.php(216): CodeIgniter\View\View->CodeIgniter\View\{closure}()
 4 SYSTEMPATH\Common.php(1142): CodeIgniter\View\View->render('res', [], true)
 5 APPPATH\Controllers\Home.php(29): view('res')
 6 SYSTEMPATH\CodeIgniter.php(904): App\Controllers\Home->check()
 7 SYSTEMPATH\CodeIgniter.php(457): CodeIgniter\CodeIgniter->runController(Object(App\Controllers\Home))
 8 SYSTEMPATH\CodeIgniter.php(340): CodeIgniter\CodeIgniter->handleRequest(null, Object(Config\Cache), false)
 9 FCPATH\index.php(67): CodeIgniter\CodeIgniter->run()
CRITICAL - 2022-09-06 09:35:23 --> Uncaught ErrorException: file_get_contents(C:\laragon\www\clinic\clinic\app\Views\errors\html\debug.js): failed to open stream: No such file or directory in C:\laragon\www\clinic\clinic\app\Views\errors\html\error_exception.php:14
Stack trace:
#0 [internal function]: CodeIgniter\Debug\Exceptions->errorHandler(2, 'file_get_conten...', 'C:\\laragon\\www\\...', 14, Array)
#1 C:\laragon\www\clinic\clinic\app\Views\errors\html\error_exception.php(14): file_get_contents('C:\\laragon\\www\\...')
#2 C:\laragon\www\clinic\clinic\system\Debug\Exceptions.php(251): include('C:\\laragon\\www\\...')
#3 C:\laragon\www\clinic\clinic\system\Debug\Exceptions.php(254): CodeIgniter\Debug\Exceptions->CodeIgniter\Debug\{closure}()
#4 C:\laragon\www\clinic\clinic\system\Debug\Exceptions.php(138): CodeIgniter\Debug\Exceptions->render(Object(ErrorException), 500)
#5 [internal function]: CodeIgniter\Debug\Exceptions->exceptionHandler(Object(ErrorException))
#6 {main}
  thrown
in APPPATH\Views\errors\html\error_exception.php on line 14.
 1 [internal function]: CodeIgniter\Debug\Exceptions->shutdownHandler()
CRITICAL - 2022-09-06 21:34:30 --> Invalid argument supplied for foreach()
in APPPATH\Views\res.php on line 30.
 1 APPPATH\Views\res.php(30): CodeIgniter\Debug\Exceptions->errorHandler(2, 'Invalid argument supplied for foreach()', 'APPPATH\\Views\\res.php', 30, [...])
 2 SYSTEMPATH\View\View.php(213): include('APPPATH\\Views\\res.php')
 3 SYSTEMPATH\View\View.php(216): CodeIgniter\View\View->CodeIgniter\View\{closure}()
 4 SYSTEMPATH\Common.php(1142): CodeIgniter\View\View->render('res', [], true)
 5 APPPATH\Controllers\Home.php(29): view('res')
 6 SYSTEMPATH\CodeIgniter.php(904): App\Controllers\Home->check()
 7 SYSTEMPATH\CodeIgniter.php(457): CodeIgniter\CodeIgniter->runController(Object(App\Controllers\Home))
 8 SYSTEMPATH\CodeIgniter.php(340): CodeIgniter\CodeIgniter->handleRequest(null, Object(Config\Cache), false)
 9 FCPATH\index.php(67): CodeIgniter\CodeIgniter->run()
CRITICAL - 2022-09-06 21:34:30 --> Uncaught ErrorException: file_get_contents(C:\laragon\www\clinic\clinic\app\Views\errors\html\debug.js): failed to open stream: No such file or directory in C:\laragon\www\clinic\clinic\app\Views\errors\html\error_exception.php:14
Stack trace:
#0 [internal function]: CodeIgniter\Debug\Exceptions->errorHandler(2, 'file_get_conten...', 'C:\\laragon\\www\\...', 14, Array)
#1 C:\laragon\www\clinic\clinic\app\Views\errors\html\error_exception.php(14): file_get_contents('C:\\laragon\\www\\...')
#2 C:\laragon\www\clinic\clinic\system\Debug\Exceptions.php(251): include('C:\\laragon\\www\\...')
#3 C:\laragon\www\clinic\clinic\system\Debug\Exceptions.php(254): CodeIgniter\Debug\Exceptions->CodeIgniter\Debug\{closure}()
#4 C:\laragon\www\clinic\clinic\system\Debug\Exceptions.php(138): CodeIgniter\Debug\Exceptions->render(Object(ErrorException), 500)
#5 [internal function]: CodeIgniter\Debug\Exceptions->exceptionHandler(Object(ErrorException))
#6 {main}
  thrown
in APPPATH\Views\errors\html\error_exception.php on line 14.
 1 [internal function]: CodeIgniter\Debug\Exceptions->shutdownHandler()
CRITICAL - 2022-09-06 21:34:34 --> Invalid argument supplied for foreach()
in APPPATH\Views\res.php on line 30.
 1 APPPATH\Views\res.php(30): CodeIgniter\Debug\Exceptions->errorHandler(2, 'Invalid argument supplied for foreach()', 'APPPATH\\Views\\res.php', 30, [...])
 2 SYSTEMPATH\View\View.php(213): include('APPPATH\\Views\\res.php')
 3 SYSTEMPATH\View\View.php(216): CodeIgniter\View\View->CodeIgniter\View\{closure}()
 4 SYSTEMPATH\Common.php(1142): CodeIgniter\View\View->render('res', [], true)
 5 APPPATH\Controllers\Home.php(29): view('res')
 6 SYSTEMPATH\CodeIgniter.php(904): App\Controllers\Home->check()
 7 SYSTEMPATH\CodeIgniter.php(457): CodeIgniter\CodeIgniter->runController(Object(App\Controllers\Home))
 8 SYSTEMPATH\CodeIgniter.php(340): CodeIgniter\CodeIgniter->handleRequest(null, Object(Config\Cache), false)
 9 FCPATH\index.php(67): CodeIgniter\CodeIgniter->run()
CRITICAL - 2022-09-06 21:34:34 --> Uncaught ErrorException: file_get_contents(C:\laragon\www\clinic\clinic\app\Views\errors\html\debug.js): failed to open stream: No such file or directory in C:\laragon\www\clinic\clinic\app\Views\errors\html\error_exception.php:14
Stack trace:
#0 [internal function]: CodeIgniter\Debug\Exceptions->errorHandler(2, 'file_get_conten...', 'C:\\laragon\\www\\...', 14, Array)
#1 C:\laragon\www\clinic\clinic\app\Views\errors\html\error_exception.php(14): file_get_contents('C:\\laragon\\www\\...')
#2 C:\laragon\www\clinic\clinic\system\Debug\Exceptions.php(251): include('C:\\laragon\\www\\...')
#3 C:\laragon\www\clinic\clinic\system\Debug\Exceptions.php(254): CodeIgniter\Debug\Exceptions->CodeIgniter\Debug\{closure}()
#4 C:\laragon\www\clinic\clinic\system\Debug\Exceptions.php(138): CodeIgniter\Debug\Exceptions->render(Object(ErrorException), 500)
#5 [internal function]: CodeIgniter\Debug\Exceptions->exceptionHandler(Object(ErrorException))
#6 {main}
  thrown
in APPPATH\Views\errors\html\error_exception.php on line 14.
 1 [internal function]: CodeIgniter\Debug\Exceptions->shutdownHandler()
CRITICAL - 2022-09-06 22:15:34 --> Invalid argument supplied for foreach()
in APPPATH\Views\res.php on line 53.
 1 APPPATH\Views\res.php(53): CodeIgniter\Debug\Exceptions->errorHandler(2, 'Invalid argument supplied for foreach()', 'APPPATH\\Views\\res.php', 53, [...])
 2 SYSTEMPATH\View\View.php(213): include('APPPATH\\Views\\res.php')
 3 SYSTEMPATH\View\View.php(216): CodeIgniter\View\View->CodeIgniter\View\{closure}()
 4 SYSTEMPATH\Common.php(1142): CodeIgniter\View\View->render('res', [], true)
 5 APPPATH\Controllers\Home.php(27): view('res', [...])
 6 SYSTEMPATH\CodeIgniter.php(904): App\Controllers\Home->check()
 7 SYSTEMPATH\CodeIgniter.php(457): CodeIgniter\CodeIgniter->runController(Object(App\Controllers\Home))
 8 SYSTEMPATH\CodeIgniter.php(340): CodeIgniter\CodeIgniter->handleRequest(null, Object(Config\Cache), false)
 9 FCPATH\index.php(67): CodeIgniter\CodeIgniter->run()
CRITICAL - 2022-09-06 22:15:34 --> Uncaught ErrorException: file_get_contents(C:\laragon\www\clinic\clinic\app\Views\errors\html\debug.js): failed to open stream: No such file or directory in C:\laragon\www\clinic\clinic\app\Views\errors\html\error_exception.php:14
Stack trace:
#0 [internal function]: CodeIgniter\Debug\Exceptions->errorHandler(2, 'file_get_conten...', 'C:\\laragon\\www\\...', 14, Array)
#1 C:\laragon\www\clinic\clinic\app\Views\errors\html\error_exception.php(14): file_get_contents('C:\\laragon\\www\\...')
#2 C:\laragon\www\clinic\clinic\system\Debug\Exceptions.php(251): include('C:\\laragon\\www\\...')
#3 C:\laragon\www\clinic\clinic\system\Debug\Exceptions.php(254): CodeIgniter\Debug\Exceptions->CodeIgniter\Debug\{closure}()
#4 C:\laragon\www\clinic\clinic\system\Debug\Exceptions.php(138): CodeIgniter\Debug\Exceptions->render(Object(ErrorException), 500)
#5 [internal function]: CodeIgniter\Debug\Exceptions->exceptionHandler(Object(ErrorException))
#6 {main}
  thrown
in APPPATH\Views\errors\html\error_exception.php on line 14.
 1 [internal function]: CodeIgniter\Debug\Exceptions->shutdownHandler()
CRITICAL - 2022-09-06 22:21:18 --> syntax error, unexpected '$dt' (T_VARIABLE)
in APPPATH\Views\res.php on line 55.
 1 SYSTEMPATH\View\View.php(216): CodeIgniter\View\View->CodeIgniter\View\{closure}()
 2 SYSTEMPATH\Common.php(1142): CodeIgniter\View\View->render('res', [], true)
 3 APPPATH\Controllers\Home.php(27): view('res', [...])
 4 SYSTEMPATH\CodeIgniter.php(904): App\Controllers\Home->check()
 5 SYSTEMPATH\CodeIgniter.php(457): CodeIgniter\CodeIgniter->runController(Object(App\Controllers\Home))
 6 SYSTEMPATH\CodeIgniter.php(340): CodeIgniter\CodeIgniter->handleRequest(null, Object(Config\Cache), false)
 7 FCPATH\index.php(67): CodeIgniter\CodeIgniter->run()
CRITICAL - 2022-09-06 22:21:18 --> Uncaught ErrorException: file_get_contents(C:\laragon\www\clinic\clinic\app\Views\errors\html\debug.js): failed to open stream: No such file or directory in C:\laragon\www\clinic\clinic\app\Views\errors\html\error_exception.php:14
Stack trace:
#0 [internal function]: CodeIgniter\Debug\Exceptions->errorHandler(2, 'file_get_conten...', 'C:\\laragon\\www\\...', 14, Array)
#1 C:\laragon\www\clinic\clinic\app\Views\errors\html\error_exception.php(14): file_get_contents('C:\\laragon\\www\\...')
#2 C:\laragon\www\clinic\clinic\system\Debug\Exceptions.php(251): include('C:\\laragon\\www\\...')
#3 C:\laragon\www\clinic\clinic\system\Debug\Exceptions.php(254): CodeIgniter\Debug\Exceptions->CodeIgniter\Debug\{closure}()
#4 C:\laragon\www\clinic\clinic\system\Debug\Exceptions.php(138): CodeIgniter\Debug\Exceptions->render(Object(ParseError), 500)
#5 [internal function]: CodeIgniter\Debug\Exceptions->exceptionHandler(Object(ParseError))
#6 {main}
  thrown
in APPPATH\Views\errors\html\error_exception.php on line 14.
 1 [internal function]: CodeIgniter\Debug\Exceptions->shutdownHandler()
